ARM GAS  C:\Users\DARKSP~1\AppData\Local\Temp\ccGgT9vj.s 			page 1


   1              		.cpu cortex-m4
   2              		.eabi_attribute 27, 1
   3              		.eabi_attribute 28, 1
   4              		.eabi_attribute 20, 1
   5              		.eabi_attribute 21, 1
   6              		.eabi_attribute 23, 3
   7              		.eabi_attribute 24, 1
   8              		.eabi_attribute 25, 1
   9              		.eabi_attribute 26, 1
  10              		.eabi_attribute 30, 1
  11              		.eabi_attribute 34, 1
  12              		.eabi_attribute 18, 4
  13              		.file	"stm32f4xx_hal.c"
  14              		.text
  15              	.Ltext0:
  16              		.cfi_sections	.debug_frame
  17              		.section	.text.HAL_MspInit,"ax",%progbits
  18              		.align	1
  19              		.weak	HAL_MspInit
  20              		.arch armv7e-m
  21              		.syntax unified
  22              		.thumb
  23              		.thumb_func
  24              		.fpu fpv4-sp-d16
  26              	HAL_MspInit:
  27              	.LFB128:
  28              		.file 1 "Drivers/STM32F4xx_HAL_Driver/Src/stm32f4xx_hal.c"
   1:Drivers/STM32F4xx_HAL_Driver/Src/stm32f4xx_hal.c **** /**
   2:Drivers/STM32F4xx_HAL_Driver/Src/stm32f4xx_hal.c ****   ******************************************************************************
   3:Drivers/STM32F4xx_HAL_Driver/Src/stm32f4xx_hal.c ****   * @file    stm32f4xx_hal.c
   4:Drivers/STM32F4xx_HAL_Driver/Src/stm32f4xx_hal.c ****   * @author  MCD Application Team
   5:Drivers/STM32F4xx_HAL_Driver/Src/stm32f4xx_hal.c ****   * @brief   HAL module driver.
   6:Drivers/STM32F4xx_HAL_Driver/Src/stm32f4xx_hal.c ****   *          This is the common part of the HAL initialization
   7:Drivers/STM32F4xx_HAL_Driver/Src/stm32f4xx_hal.c ****   *
   8:Drivers/STM32F4xx_HAL_Driver/Src/stm32f4xx_hal.c ****   @verbatim
   9:Drivers/STM32F4xx_HAL_Driver/Src/stm32f4xx_hal.c ****   ==============================================================================
  10:Drivers/STM32F4xx_HAL_Driver/Src/stm32f4xx_hal.c ****                      ##### How to use this driver #####
  11:Drivers/STM32F4xx_HAL_Driver/Src/stm32f4xx_hal.c ****   ==============================================================================
  12:Drivers/STM32F4xx_HAL_Driver/Src/stm32f4xx_hal.c ****     [..]
  13:Drivers/STM32F4xx_HAL_Driver/Src/stm32f4xx_hal.c ****     The common HAL driver contains a set of generic and common APIs that can be
  14:Drivers/STM32F4xx_HAL_Driver/Src/stm32f4xx_hal.c ****     used by the PPP peripheral drivers and the user to start using the HAL. 
  15:Drivers/STM32F4xx_HAL_Driver/Src/stm32f4xx_hal.c ****     [..]
  16:Drivers/STM32F4xx_HAL_Driver/Src/stm32f4xx_hal.c ****     The HAL contains two APIs' categories: 
  17:Drivers/STM32F4xx_HAL_Driver/Src/stm32f4xx_hal.c ****          (+) Common HAL APIs
  18:Drivers/STM32F4xx_HAL_Driver/Src/stm32f4xx_hal.c ****          (+) Services HAL APIs
  19:Drivers/STM32F4xx_HAL_Driver/Src/stm32f4xx_hal.c **** 
  20:Drivers/STM32F4xx_HAL_Driver/Src/stm32f4xx_hal.c ****   @endverbatim
  21:Drivers/STM32F4xx_HAL_Driver/Src/stm32f4xx_hal.c ****   ******************************************************************************
  22:Drivers/STM32F4xx_HAL_Driver/Src/stm32f4xx_hal.c ****   * @attention
  23:Drivers/STM32F4xx_HAL_Driver/Src/stm32f4xx_hal.c ****   *
  24:Drivers/STM32F4xx_HAL_Driver/Src/stm32f4xx_hal.c ****   * <h2><center>&copy; COPYRIGHT(c) 2017 STMicroelectronics</center></h2>
  25:Drivers/STM32F4xx_HAL_Driver/Src/stm32f4xx_hal.c ****   *
  26:Drivers/STM32F4xx_HAL_Driver/Src/stm32f4xx_hal.c ****   * Redistribution and use in source and binary forms, with or without modification,
  27:Drivers/STM32F4xx_HAL_Driver/Src/stm32f4xx_hal.c ****   * are permitted provided that the following conditions are met:
  28:Drivers/STM32F4xx_HAL_Driver/Src/stm32f4xx_hal.c ****   *   1. Redistributions of source code must retain the above copyright notice,
  29:Drivers/STM32F4xx_HAL_Driver/Src/stm32f4xx_hal.c ****   *      this list of conditions and the following disclaimer.
  30:Drivers/STM32F4xx_HAL_Driver/Src/stm32f4xx_hal.c ****   *   2. Redistributions in binary form must reproduce the above copyright notice,
ARM GAS  C:\Users\DARKSP~1\AppData\Local\Temp\ccGgT9vj.s 			page 2


  31:Drivers/STM32F4xx_HAL_Driver/Src/stm32f4xx_hal.c ****   *      this list of conditions and the following disclaimer in the documentation
  32:Drivers/STM32F4xx_HAL_Driver/Src/stm32f4xx_hal.c ****   *      and/or other materials provided with the distribution.
  33:Drivers/STM32F4xx_HAL_Driver/Src/stm32f4xx_hal.c ****   *   3. Neither the name of STMicroelectronics nor the names of its contributors
  34:Drivers/STM32F4xx_HAL_Driver/Src/stm32f4xx_hal.c ****   *      may be used to endorse or promote products derived from this software
  35:Drivers/STM32F4xx_HAL_Driver/Src/stm32f4xx_hal.c ****   *      without specific prior written permission.
  36:Drivers/STM32F4xx_HAL_Driver/Src/stm32f4xx_hal.c ****   *
  37:Drivers/STM32F4xx_HAL_Driver/Src/stm32f4xx_hal.c ****   * THIS SOFTWARE IS PROVIDED BY THE COPYRIGHT HOLDERS AND CONTRIBUTORS "AS IS"
  38:Drivers/STM32F4xx_HAL_Driver/Src/stm32f4xx_hal.c ****   * AND ANY EXPRESS OR IMPLIED WARRANTIES, INCLUDING, BUT NOT LIMITED TO, THE
  39:Drivers/STM32F4xx_HAL_Driver/Src/stm32f4xx_hal.c ****   * IMPLIED WARRANTIES OF MERCHANTABILITY AND FITNESS FOR A PARTICULAR PURPOSE ARE
  40:Drivers/STM32F4xx_HAL_Driver/Src/stm32f4xx_hal.c ****   * DISCLAIMED. IN NO EVENT SHALL THE COPYRIGHT HOLDER OR CONTRIBUTORS BE LIABLE
  41:Drivers/STM32F4xx_HAL_Driver/Src/stm32f4xx_hal.c ****   * FOR ANY DIRECT, INDIRECT, INCIDENTAL, SPECIAL, EXEMPLARY, OR CONSEQUENTIAL
  42:Drivers/STM32F4xx_HAL_Driver/Src/stm32f4xx_hal.c ****   * DAMAGES (INCLUDING, BUT NOT LIMITED TO, PROCUREMENT OF SUBSTITUTE GOODS OR
  43:Drivers/STM32F4xx_HAL_Driver/Src/stm32f4xx_hal.c ****   * SERVICES; LOSS OF USE, DATA, OR PROFITS; OR BUSINESS INTERRUPTION) HOWEVER
  44:Drivers/STM32F4xx_HAL_Driver/Src/stm32f4xx_hal.c ****   * CAUSED AND ON ANY THEORY OF LIABILITY, WHETHER IN CONTRACT, STRICT LIABILITY,
  45:Drivers/STM32F4xx_HAL_Driver/Src/stm32f4xx_hal.c ****   * OR TORT (INCLUDING NEGLIGENCE OR OTHERWISE) ARISING IN ANY WAY OUT OF THE USE
  46:Drivers/STM32F4xx_HAL_Driver/Src/stm32f4xx_hal.c ****   * OF THIS SOFTWARE, EVEN IF ADVISED OF THE POSSIBILITY OF SUCH DAMAGE.
  47:Drivers/STM32F4xx_HAL_Driver/Src/stm32f4xx_hal.c ****   *
  48:Drivers/STM32F4xx_HAL_Driver/Src/stm32f4xx_hal.c ****   ******************************************************************************
  49:Drivers/STM32F4xx_HAL_Driver/Src/stm32f4xx_hal.c ****   */ 
  50:Drivers/STM32F4xx_HAL_Driver/Src/stm32f4xx_hal.c **** 
  51:Drivers/STM32F4xx_HAL_Driver/Src/stm32f4xx_hal.c **** /* Includes ------------------------------------------------------------------*/
  52:Drivers/STM32F4xx_HAL_Driver/Src/stm32f4xx_hal.c **** #include "stm32f4xx_hal.h"
  53:Drivers/STM32F4xx_HAL_Driver/Src/stm32f4xx_hal.c **** 
  54:Drivers/STM32F4xx_HAL_Driver/Src/stm32f4xx_hal.c **** /** @addtogroup STM32F4xx_HAL_Driver
  55:Drivers/STM32F4xx_HAL_Driver/Src/stm32f4xx_hal.c ****   * @{
  56:Drivers/STM32F4xx_HAL_Driver/Src/stm32f4xx_hal.c ****   */
  57:Drivers/STM32F4xx_HAL_Driver/Src/stm32f4xx_hal.c **** 
  58:Drivers/STM32F4xx_HAL_Driver/Src/stm32f4xx_hal.c **** /** @defgroup HAL HAL
  59:Drivers/STM32F4xx_HAL_Driver/Src/stm32f4xx_hal.c ****   * @brief HAL module driver.
  60:Drivers/STM32F4xx_HAL_Driver/Src/stm32f4xx_hal.c ****   * @{
  61:Drivers/STM32F4xx_HAL_Driver/Src/stm32f4xx_hal.c ****   */
  62:Drivers/STM32F4xx_HAL_Driver/Src/stm32f4xx_hal.c **** 
  63:Drivers/STM32F4xx_HAL_Driver/Src/stm32f4xx_hal.c **** /* Private typedef -----------------------------------------------------------*/
  64:Drivers/STM32F4xx_HAL_Driver/Src/stm32f4xx_hal.c **** /* Private define ------------------------------------------------------------*/
  65:Drivers/STM32F4xx_HAL_Driver/Src/stm32f4xx_hal.c **** /** @addtogroup HAL_Private_Constants
  66:Drivers/STM32F4xx_HAL_Driver/Src/stm32f4xx_hal.c ****   * @{
  67:Drivers/STM32F4xx_HAL_Driver/Src/stm32f4xx_hal.c ****   */
  68:Drivers/STM32F4xx_HAL_Driver/Src/stm32f4xx_hal.c **** /**
  69:Drivers/STM32F4xx_HAL_Driver/Src/stm32f4xx_hal.c ****   * @brief STM32F4xx HAL Driver version number V1.7.4
  70:Drivers/STM32F4xx_HAL_Driver/Src/stm32f4xx_hal.c ****   */
  71:Drivers/STM32F4xx_HAL_Driver/Src/stm32f4xx_hal.c **** #define __STM32F4xx_HAL_VERSION_MAIN   (0x01U) /*!< [31:24] main version */
  72:Drivers/STM32F4xx_HAL_Driver/Src/stm32f4xx_hal.c **** #define __STM32F4xx_HAL_VERSION_SUB1   (0x07U) /*!< [23:16] sub1 version */
  73:Drivers/STM32F4xx_HAL_Driver/Src/stm32f4xx_hal.c **** #define __STM32F4xx_HAL_VERSION_SUB2   (0x04U) /*!< [15:8]  sub2 version */
  74:Drivers/STM32F4xx_HAL_Driver/Src/stm32f4xx_hal.c **** #define __STM32F4xx_HAL_VERSION_RC     (0x00U) /*!< [7:0]  release candidate */ 
  75:Drivers/STM32F4xx_HAL_Driver/Src/stm32f4xx_hal.c **** #define __STM32F4xx_HAL_VERSION         ((__STM32F4xx_HAL_VERSION_MAIN << 24U)\
  76:Drivers/STM32F4xx_HAL_Driver/Src/stm32f4xx_hal.c ****                                         |(__STM32F4xx_HAL_VERSION_SUB1 << 16U)\
  77:Drivers/STM32F4xx_HAL_Driver/Src/stm32f4xx_hal.c ****                                         |(__STM32F4xx_HAL_VERSION_SUB2 << 8U )\
  78:Drivers/STM32F4xx_HAL_Driver/Src/stm32f4xx_hal.c ****                                         |(__STM32F4xx_HAL_VERSION_RC))
  79:Drivers/STM32F4xx_HAL_Driver/Src/stm32f4xx_hal.c ****                                         
  80:Drivers/STM32F4xx_HAL_Driver/Src/stm32f4xx_hal.c **** #define IDCODE_DEVID_MASK    0x00000FFFU
  81:Drivers/STM32F4xx_HAL_Driver/Src/stm32f4xx_hal.c **** 
  82:Drivers/STM32F4xx_HAL_Driver/Src/stm32f4xx_hal.c **** /* ------------ RCC registers bit address in the alias region ----------- */
  83:Drivers/STM32F4xx_HAL_Driver/Src/stm32f4xx_hal.c **** #define SYSCFG_OFFSET             (SYSCFG_BASE - PERIPH_BASE)
  84:Drivers/STM32F4xx_HAL_Driver/Src/stm32f4xx_hal.c **** /* ---  MEMRMP Register ---*/ 
  85:Drivers/STM32F4xx_HAL_Driver/Src/stm32f4xx_hal.c **** /* Alias word address of UFB_MODE bit */ 
  86:Drivers/STM32F4xx_HAL_Driver/Src/stm32f4xx_hal.c **** #define MEMRMP_OFFSET             SYSCFG_OFFSET 
  87:Drivers/STM32F4xx_HAL_Driver/Src/stm32f4xx_hal.c **** #define UFB_MODE_BIT_NUMBER       SYSCFG_MEMRMP_UFB_MODE_Pos
ARM GAS  C:\Users\DARKSP~1\AppData\Local\Temp\ccGgT9vj.s 			page 3


  88:Drivers/STM32F4xx_HAL_Driver/Src/stm32f4xx_hal.c **** #define UFB_MODE_BB               (uint32_t)(PERIPH_BB_BASE + (MEMRMP_OFFSET * 32U) + (UFB_MODE_BIT
  89:Drivers/STM32F4xx_HAL_Driver/Src/stm32f4xx_hal.c **** 
  90:Drivers/STM32F4xx_HAL_Driver/Src/stm32f4xx_hal.c **** /* ---  CMPCR Register ---*/ 
  91:Drivers/STM32F4xx_HAL_Driver/Src/stm32f4xx_hal.c **** /* Alias word address of CMP_PD bit */ 
  92:Drivers/STM32F4xx_HAL_Driver/Src/stm32f4xx_hal.c **** #define CMPCR_OFFSET              (SYSCFG_OFFSET + 0x20U) 
  93:Drivers/STM32F4xx_HAL_Driver/Src/stm32f4xx_hal.c **** #define CMP_PD_BIT_NUMBER         SYSCFG_CMPCR_CMP_PD_Pos
  94:Drivers/STM32F4xx_HAL_Driver/Src/stm32f4xx_hal.c **** #define CMPCR_CMP_PD_BB           (uint32_t)(PERIPH_BB_BASE + (CMPCR_OFFSET * 32U) + (CMP_PD_BIT_NU
  95:Drivers/STM32F4xx_HAL_Driver/Src/stm32f4xx_hal.c **** 
  96:Drivers/STM32F4xx_HAL_Driver/Src/stm32f4xx_hal.c **** /* ---  MCHDLYCR Register ---*/ 
  97:Drivers/STM32F4xx_HAL_Driver/Src/stm32f4xx_hal.c **** /* Alias word address of BSCKSEL bit */ 
  98:Drivers/STM32F4xx_HAL_Driver/Src/stm32f4xx_hal.c **** #define MCHDLYCR_OFFSET            (SYSCFG_OFFSET + 0x30U) 
  99:Drivers/STM32F4xx_HAL_Driver/Src/stm32f4xx_hal.c **** #define BSCKSEL_BIT_NUMBER         SYSCFG_MCHDLYCR_BSCKSEL_Pos
 100:Drivers/STM32F4xx_HAL_Driver/Src/stm32f4xx_hal.c **** #define MCHDLYCR_BSCKSEL_BB        (uint32_t)(PERIPH_BB_BASE + (MCHDLYCR_OFFSET * 32U) + (BSCKSEL_B
 101:Drivers/STM32F4xx_HAL_Driver/Src/stm32f4xx_hal.c **** /**
 102:Drivers/STM32F4xx_HAL_Driver/Src/stm32f4xx_hal.c ****   * @}
 103:Drivers/STM32F4xx_HAL_Driver/Src/stm32f4xx_hal.c ****   */
 104:Drivers/STM32F4xx_HAL_Driver/Src/stm32f4xx_hal.c **** 
 105:Drivers/STM32F4xx_HAL_Driver/Src/stm32f4xx_hal.c **** /* Private macro -------------------------------------------------------------*/
 106:Drivers/STM32F4xx_HAL_Driver/Src/stm32f4xx_hal.c **** /* Private variables ---------------------------------------------------------*/
 107:Drivers/STM32F4xx_HAL_Driver/Src/stm32f4xx_hal.c **** /** @addtogroup HAL_Private_Variables
 108:Drivers/STM32F4xx_HAL_Driver/Src/stm32f4xx_hal.c ****   * @{
 109:Drivers/STM32F4xx_HAL_Driver/Src/stm32f4xx_hal.c ****   */
 110:Drivers/STM32F4xx_HAL_Driver/Src/stm32f4xx_hal.c **** __IO uint32_t uwTick;
 111:Drivers/STM32F4xx_HAL_Driver/Src/stm32f4xx_hal.c **** uint32_t uwTickPrio   = (1UL << __NVIC_PRIO_BITS); /* Invalid PRIO */
 112:Drivers/STM32F4xx_HAL_Driver/Src/stm32f4xx_hal.c **** HAL_TickFreqTypeDef uwTickFreq = HAL_TICK_FREQ_DEFAULT;  /* 1KHz */
 113:Drivers/STM32F4xx_HAL_Driver/Src/stm32f4xx_hal.c **** /**
 114:Drivers/STM32F4xx_HAL_Driver/Src/stm32f4xx_hal.c ****   * @}
 115:Drivers/STM32F4xx_HAL_Driver/Src/stm32f4xx_hal.c ****   */
 116:Drivers/STM32F4xx_HAL_Driver/Src/stm32f4xx_hal.c **** /* Private function prototypes -----------------------------------------------*/
 117:Drivers/STM32F4xx_HAL_Driver/Src/stm32f4xx_hal.c **** /* Private functions ---------------------------------------------------------*/
 118:Drivers/STM32F4xx_HAL_Driver/Src/stm32f4xx_hal.c **** 
 119:Drivers/STM32F4xx_HAL_Driver/Src/stm32f4xx_hal.c **** /** @defgroup HAL_Exported_Functions HAL Exported Functions
 120:Drivers/STM32F4xx_HAL_Driver/Src/stm32f4xx_hal.c ****   * @{
 121:Drivers/STM32F4xx_HAL_Driver/Src/stm32f4xx_hal.c ****   */
 122:Drivers/STM32F4xx_HAL_Driver/Src/stm32f4xx_hal.c **** 
 123:Drivers/STM32F4xx_HAL_Driver/Src/stm32f4xx_hal.c **** /** @defgroup HAL_Exported_Functions_Group1 Initialization and de-initialization Functions 
 124:Drivers/STM32F4xx_HAL_Driver/Src/stm32f4xx_hal.c ****  *  @brief    Initialization and de-initialization functions
 125:Drivers/STM32F4xx_HAL_Driver/Src/stm32f4xx_hal.c ****  *
 126:Drivers/STM32F4xx_HAL_Driver/Src/stm32f4xx_hal.c **** @verbatim    
 127:Drivers/STM32F4xx_HAL_Driver/Src/stm32f4xx_hal.c ****  ===============================================================================
 128:Drivers/STM32F4xx_HAL_Driver/Src/stm32f4xx_hal.c ****               ##### Initialization and Configuration functions #####
 129:Drivers/STM32F4xx_HAL_Driver/Src/stm32f4xx_hal.c ****  ===============================================================================
 130:Drivers/STM32F4xx_HAL_Driver/Src/stm32f4xx_hal.c ****     [..]  This section provides functions allowing to:
 131:Drivers/STM32F4xx_HAL_Driver/Src/stm32f4xx_hal.c ****       (+) Initializes the Flash interface the NVIC allocation and initial clock 
 132:Drivers/STM32F4xx_HAL_Driver/Src/stm32f4xx_hal.c ****           configuration. It initializes the systick also when timeout is needed 
 133:Drivers/STM32F4xx_HAL_Driver/Src/stm32f4xx_hal.c ****           and the backup domain when enabled.
 134:Drivers/STM32F4xx_HAL_Driver/Src/stm32f4xx_hal.c ****       (+) De-Initializes common part of the HAL.
 135:Drivers/STM32F4xx_HAL_Driver/Src/stm32f4xx_hal.c ****       (+) Configure the time base source to have 1ms time base with a dedicated 
 136:Drivers/STM32F4xx_HAL_Driver/Src/stm32f4xx_hal.c ****           Tick interrupt priority. 
 137:Drivers/STM32F4xx_HAL_Driver/Src/stm32f4xx_hal.c ****         (++) SysTick timer is used by default as source of time base, but user
 138:Drivers/STM32F4xx_HAL_Driver/Src/stm32f4xx_hal.c ****              can eventually implement his proper time base source (a general purpose 
 139:Drivers/STM32F4xx_HAL_Driver/Src/stm32f4xx_hal.c ****              timer for example or other time source), keeping in mind that Time base 
 140:Drivers/STM32F4xx_HAL_Driver/Src/stm32f4xx_hal.c ****              duration should be kept 1ms since PPP_TIMEOUT_VALUEs are defined and 
 141:Drivers/STM32F4xx_HAL_Driver/Src/stm32f4xx_hal.c ****              handled in milliseconds basis.
 142:Drivers/STM32F4xx_HAL_Driver/Src/stm32f4xx_hal.c ****         (++) Time base configuration function (HAL_InitTick ()) is called automatically 
 143:Drivers/STM32F4xx_HAL_Driver/Src/stm32f4xx_hal.c ****              at the beginning of the program after reset by HAL_Init() or at any time 
 144:Drivers/STM32F4xx_HAL_Driver/Src/stm32f4xx_hal.c ****              when clock is configured, by HAL_RCC_ClockConfig(). 
ARM GAS  C:\Users\DARKSP~1\AppData\Local\Temp\ccGgT9vj.s 			page 4


 145:Drivers/STM32F4xx_HAL_Driver/Src/stm32f4xx_hal.c ****         (++) Source of time base is configured  to generate interrupts at regular 
 146:Drivers/STM32F4xx_HAL_Driver/Src/stm32f4xx_hal.c ****              time intervals. Care must be taken if HAL_Delay() is called from a 
 147:Drivers/STM32F4xx_HAL_Driver/Src/stm32f4xx_hal.c ****              peripheral ISR process, the Tick interrupt line must have higher priority 
 148:Drivers/STM32F4xx_HAL_Driver/Src/stm32f4xx_hal.c ****             (numerically lower) than the peripheral interrupt. Otherwise the caller 
 149:Drivers/STM32F4xx_HAL_Driver/Src/stm32f4xx_hal.c ****             ISR process will be blocked. 
 150:Drivers/STM32F4xx_HAL_Driver/Src/stm32f4xx_hal.c ****        (++) functions affecting time base configurations are declared as __weak  
 151:Drivers/STM32F4xx_HAL_Driver/Src/stm32f4xx_hal.c ****              to make  override possible  in case of other  implementations in user file.
 152:Drivers/STM32F4xx_HAL_Driver/Src/stm32f4xx_hal.c **** @endverbatim
 153:Drivers/STM32F4xx_HAL_Driver/Src/stm32f4xx_hal.c ****   * @{
 154:Drivers/STM32F4xx_HAL_Driver/Src/stm32f4xx_hal.c ****   */
 155:Drivers/STM32F4xx_HAL_Driver/Src/stm32f4xx_hal.c **** 
 156:Drivers/STM32F4xx_HAL_Driver/Src/stm32f4xx_hal.c **** /**
 157:Drivers/STM32F4xx_HAL_Driver/Src/stm32f4xx_hal.c ****   * @brief  This function is used to initialize the HAL Library; it must be the first 
 158:Drivers/STM32F4xx_HAL_Driver/Src/stm32f4xx_hal.c ****   *         instruction to be executed in the main program (before to call any other
 159:Drivers/STM32F4xx_HAL_Driver/Src/stm32f4xx_hal.c ****   *         HAL function), it performs the following:
 160:Drivers/STM32F4xx_HAL_Driver/Src/stm32f4xx_hal.c ****   *           Configure the Flash prefetch, instruction and Data caches.
 161:Drivers/STM32F4xx_HAL_Driver/Src/stm32f4xx_hal.c ****   *           Configures the SysTick to generate an interrupt each 1 millisecond,
 162:Drivers/STM32F4xx_HAL_Driver/Src/stm32f4xx_hal.c ****   *           which is clocked by the HSI (at this stage, the clock is not yet
 163:Drivers/STM32F4xx_HAL_Driver/Src/stm32f4xx_hal.c ****   *           configured and thus the system is running from the internal HSI at 16 MHz).
 164:Drivers/STM32F4xx_HAL_Driver/Src/stm32f4xx_hal.c ****   *           Set NVIC Group Priority to 4.
 165:Drivers/STM32F4xx_HAL_Driver/Src/stm32f4xx_hal.c ****   *           Calls the HAL_MspInit() callback function defined in user file 
 166:Drivers/STM32F4xx_HAL_Driver/Src/stm32f4xx_hal.c ****   *           "stm32f4xx_hal_msp.c" to do the global low level hardware initialization 
 167:Drivers/STM32F4xx_HAL_Driver/Src/stm32f4xx_hal.c ****   *            
 168:Drivers/STM32F4xx_HAL_Driver/Src/stm32f4xx_hal.c ****   * @note   SysTick is used as time base for the HAL_Delay() function, the application
 169:Drivers/STM32F4xx_HAL_Driver/Src/stm32f4xx_hal.c ****   *         need to ensure that the SysTick time base is always set to 1 millisecond
 170:Drivers/STM32F4xx_HAL_Driver/Src/stm32f4xx_hal.c ****   *         to have correct HAL operation.
 171:Drivers/STM32F4xx_HAL_Driver/Src/stm32f4xx_hal.c ****   * @retval HAL status
 172:Drivers/STM32F4xx_HAL_Driver/Src/stm32f4xx_hal.c ****   */
 173:Drivers/STM32F4xx_HAL_Driver/Src/stm32f4xx_hal.c **** HAL_StatusTypeDef HAL_Init(void)
 174:Drivers/STM32F4xx_HAL_Driver/Src/stm32f4xx_hal.c **** {
 175:Drivers/STM32F4xx_HAL_Driver/Src/stm32f4xx_hal.c ****   /* Configure Flash prefetch, Instruction cache, Data cache */ 
 176:Drivers/STM32F4xx_HAL_Driver/Src/stm32f4xx_hal.c **** #if (INSTRUCTION_CACHE_ENABLE != 0U)
 177:Drivers/STM32F4xx_HAL_Driver/Src/stm32f4xx_hal.c ****   __HAL_FLASH_INSTRUCTION_CACHE_ENABLE();
 178:Drivers/STM32F4xx_HAL_Driver/Src/stm32f4xx_hal.c **** #endif /* INSTRUCTION_CACHE_ENABLE */
 179:Drivers/STM32F4xx_HAL_Driver/Src/stm32f4xx_hal.c **** 
 180:Drivers/STM32F4xx_HAL_Driver/Src/stm32f4xx_hal.c **** #if (DATA_CACHE_ENABLE != 0U)
 181:Drivers/STM32F4xx_HAL_Driver/Src/stm32f4xx_hal.c ****   __HAL_FLASH_DATA_CACHE_ENABLE();
 182:Drivers/STM32F4xx_HAL_Driver/Src/stm32f4xx_hal.c **** #endif /* DATA_CACHE_ENABLE */
 183:Drivers/STM32F4xx_HAL_Driver/Src/stm32f4xx_hal.c **** 
 184:Drivers/STM32F4xx_HAL_Driver/Src/stm32f4xx_hal.c **** #if (PREFETCH_ENABLE != 0U)
 185:Drivers/STM32F4xx_HAL_Driver/Src/stm32f4xx_hal.c ****   __HAL_FLASH_PREFETCH_BUFFER_ENABLE();
 186:Drivers/STM32F4xx_HAL_Driver/Src/stm32f4xx_hal.c **** #endif /* PREFETCH_ENABLE */
 187:Drivers/STM32F4xx_HAL_Driver/Src/stm32f4xx_hal.c **** 
 188:Drivers/STM32F4xx_HAL_Driver/Src/stm32f4xx_hal.c ****   /* Set Interrupt Group Priority */
 189:Drivers/STM32F4xx_HAL_Driver/Src/stm32f4xx_hal.c ****   HAL_NVIC_SetPriorityGrouping(NVIC_PRIORITYGROUP_4);
 190:Drivers/STM32F4xx_HAL_Driver/Src/stm32f4xx_hal.c **** 
 191:Drivers/STM32F4xx_HAL_Driver/Src/stm32f4xx_hal.c ****   /* Use systick as time base source and configure 1ms tick (default clock after Reset is HSI) */
 192:Drivers/STM32F4xx_HAL_Driver/Src/stm32f4xx_hal.c ****   HAL_InitTick(TICK_INT_PRIORITY);
 193:Drivers/STM32F4xx_HAL_Driver/Src/stm32f4xx_hal.c **** 
 194:Drivers/STM32F4xx_HAL_Driver/Src/stm32f4xx_hal.c ****   /* Init the low level hardware */
 195:Drivers/STM32F4xx_HAL_Driver/Src/stm32f4xx_hal.c ****   HAL_MspInit();
 196:Drivers/STM32F4xx_HAL_Driver/Src/stm32f4xx_hal.c **** 
 197:Drivers/STM32F4xx_HAL_Driver/Src/stm32f4xx_hal.c ****   /* Return function status */
 198:Drivers/STM32F4xx_HAL_Driver/Src/stm32f4xx_hal.c ****   return HAL_OK;
 199:Drivers/STM32F4xx_HAL_Driver/Src/stm32f4xx_hal.c **** }
 200:Drivers/STM32F4xx_HAL_Driver/Src/stm32f4xx_hal.c **** 
 201:Drivers/STM32F4xx_HAL_Driver/Src/stm32f4xx_hal.c **** /**
ARM GAS  C:\Users\DARKSP~1\AppData\Local\Temp\ccGgT9vj.s 			page 5


 202:Drivers/STM32F4xx_HAL_Driver/Src/stm32f4xx_hal.c ****   * @brief  This function de-Initializes common part of the HAL and stops the systick.
 203:Drivers/STM32F4xx_HAL_Driver/Src/stm32f4xx_hal.c ****   *         This function is optional.   
 204:Drivers/STM32F4xx_HAL_Driver/Src/stm32f4xx_hal.c ****   * @retval HAL status
 205:Drivers/STM32F4xx_HAL_Driver/Src/stm32f4xx_hal.c ****   */
 206:Drivers/STM32F4xx_HAL_Driver/Src/stm32f4xx_hal.c **** HAL_StatusTypeDef HAL_DeInit(void)
 207:Drivers/STM32F4xx_HAL_Driver/Src/stm32f4xx_hal.c **** {
 208:Drivers/STM32F4xx_HAL_Driver/Src/stm32f4xx_hal.c ****   /* Reset of all peripherals */
 209:Drivers/STM32F4xx_HAL_Driver/Src/stm32f4xx_hal.c ****   __HAL_RCC_APB1_FORCE_RESET();
 210:Drivers/STM32F4xx_HAL_Driver/Src/stm32f4xx_hal.c ****   __HAL_RCC_APB1_RELEASE_RESET();
 211:Drivers/STM32F4xx_HAL_Driver/Src/stm32f4xx_hal.c **** 
 212:Drivers/STM32F4xx_HAL_Driver/Src/stm32f4xx_hal.c ****   __HAL_RCC_APB2_FORCE_RESET();
 213:Drivers/STM32F4xx_HAL_Driver/Src/stm32f4xx_hal.c ****   __HAL_RCC_APB2_RELEASE_RESET();
 214:Drivers/STM32F4xx_HAL_Driver/Src/stm32f4xx_hal.c **** 
 215:Drivers/STM32F4xx_HAL_Driver/Src/stm32f4xx_hal.c ****   __HAL_RCC_AHB1_FORCE_RESET();
 216:Drivers/STM32F4xx_HAL_Driver/Src/stm32f4xx_hal.c ****   __HAL_RCC_AHB1_RELEASE_RESET();
 217:Drivers/STM32F4xx_HAL_Driver/Src/stm32f4xx_hal.c **** 
 218:Drivers/STM32F4xx_HAL_Driver/Src/stm32f4xx_hal.c ****   __HAL_RCC_AHB2_FORCE_RESET();
 219:Drivers/STM32F4xx_HAL_Driver/Src/stm32f4xx_hal.c ****   __HAL_RCC_AHB2_RELEASE_RESET();
 220:Drivers/STM32F4xx_HAL_Driver/Src/stm32f4xx_hal.c **** 
 221:Drivers/STM32F4xx_HAL_Driver/Src/stm32f4xx_hal.c ****   __HAL_RCC_AHB3_FORCE_RESET();
 222:Drivers/STM32F4xx_HAL_Driver/Src/stm32f4xx_hal.c ****   __HAL_RCC_AHB3_RELEASE_RESET();
 223:Drivers/STM32F4xx_HAL_Driver/Src/stm32f4xx_hal.c **** 
 224:Drivers/STM32F4xx_HAL_Driver/Src/stm32f4xx_hal.c ****   /* De-Init the low level hardware */
 225:Drivers/STM32F4xx_HAL_Driver/Src/stm32f4xx_hal.c ****   HAL_MspDeInit();
 226:Drivers/STM32F4xx_HAL_Driver/Src/stm32f4xx_hal.c ****     
 227:Drivers/STM32F4xx_HAL_Driver/Src/stm32f4xx_hal.c ****   /* Return function status */
 228:Drivers/STM32F4xx_HAL_Driver/Src/stm32f4xx_hal.c ****   return HAL_OK;
 229:Drivers/STM32F4xx_HAL_Driver/Src/stm32f4xx_hal.c **** }
 230:Drivers/STM32F4xx_HAL_Driver/Src/stm32f4xx_hal.c **** 
 231:Drivers/STM32F4xx_HAL_Driver/Src/stm32f4xx_hal.c **** /**
 232:Drivers/STM32F4xx_HAL_Driver/Src/stm32f4xx_hal.c ****   * @brief  Initialize the MSP.
 233:Drivers/STM32F4xx_HAL_Driver/Src/stm32f4xx_hal.c ****   * @retval None
 234:Drivers/STM32F4xx_HAL_Driver/Src/stm32f4xx_hal.c ****   */
 235:Drivers/STM32F4xx_HAL_Driver/Src/stm32f4xx_hal.c **** __weak void HAL_MspInit(void)
 236:Drivers/STM32F4xx_HAL_Driver/Src/stm32f4xx_hal.c **** {
  29              		.loc 1 236 1 view -0
  30              		.cfi_startproc
  31              		@ args = 0, pretend = 0, frame = 0
  32              		@ frame_needed = 0, uses_anonymous_args = 0
  33              		@ link register save eliminated.
 237:Drivers/STM32F4xx_HAL_Driver/Src/stm32f4xx_hal.c ****   /* NOTE : This function should not be modified, when the callback is needed,
 238:Drivers/STM32F4xx_HAL_Driver/Src/stm32f4xx_hal.c ****             the HAL_MspInit could be implemented in the user file
 239:Drivers/STM32F4xx_HAL_Driver/Src/stm32f4xx_hal.c ****    */
 240:Drivers/STM32F4xx_HAL_Driver/Src/stm32f4xx_hal.c **** }
  34              		.loc 1 240 1 view .LVU1
  35 0000 7047     		bx	lr
  36              		.cfi_endproc
  37              	.LFE128:
  39              		.section	.text.HAL_MspDeInit,"ax",%progbits
  40              		.align	1
  41              		.weak	HAL_MspDeInit
  42              		.syntax unified
  43              		.thumb
  44              		.thumb_func
  45              		.fpu fpv4-sp-d16
  47              	HAL_MspDeInit:
  48              	.LFB129:
ARM GAS  C:\Users\DARKSP~1\AppData\Local\Temp\ccGgT9vj.s 			page 6


 241:Drivers/STM32F4xx_HAL_Driver/Src/stm32f4xx_hal.c **** 
 242:Drivers/STM32F4xx_HAL_Driver/Src/stm32f4xx_hal.c **** /**
 243:Drivers/STM32F4xx_HAL_Driver/Src/stm32f4xx_hal.c ****   * @brief  DeInitializes the MSP.
 244:Drivers/STM32F4xx_HAL_Driver/Src/stm32f4xx_hal.c ****   * @retval None
 245:Drivers/STM32F4xx_HAL_Driver/Src/stm32f4xx_hal.c ****   */
 246:Drivers/STM32F4xx_HAL_Driver/Src/stm32f4xx_hal.c **** __weak void HAL_MspDeInit(void)
 247:Drivers/STM32F4xx_HAL_Driver/Src/stm32f4xx_hal.c **** {
  49              		.loc 1 247 1 view -0
  50              		.cfi_startproc
  51              		@ args = 0, pretend = 0, frame = 0
  52              		@ frame_needed = 0, uses_anonymous_args = 0
  53              		@ link register save eliminated.
 248:Drivers/STM32F4xx_HAL_Driver/Src/stm32f4xx_hal.c ****   /* NOTE : This function should not be modified, when the callback is needed,
 249:Drivers/STM32F4xx_HAL_Driver/Src/stm32f4xx_hal.c ****             the HAL_MspDeInit could be implemented in the user file
 250:Drivers/STM32F4xx_HAL_Driver/Src/stm32f4xx_hal.c ****    */ 
 251:Drivers/STM32F4xx_HAL_Driver/Src/stm32f4xx_hal.c **** }
  54              		.loc 1 251 1 view .LVU3
  55 0000 7047     		bx	lr
  56              		.cfi_endproc
  57              	.LFE129:
  59              		.section	.text.HAL_DeInit,"ax",%progbits
  60              		.align	1
  61              		.global	HAL_DeInit
  62              		.syntax unified
  63              		.thumb
  64              		.thumb_func
  65              		.fpu fpv4-sp-d16
  67              	HAL_DeInit:
  68              	.LFB127:
 207:Drivers/STM32F4xx_HAL_Driver/Src/stm32f4xx_hal.c ****   /* Reset of all peripherals */
  69              		.loc 1 207 1 view -0
  70              		.cfi_startproc
  71              		@ args = 0, pretend = 0, frame = 0
  72              		@ frame_needed = 0, uses_anonymous_args = 0
  73 0000 10B5     		push	{r4, lr}
  74              	.LCFI0:
  75              		.cfi_def_cfa_offset 8
  76              		.cfi_offset 4, -8
  77              		.cfi_offset 14, -4
 209:Drivers/STM32F4xx_HAL_Driver/Src/stm32f4xx_hal.c ****   __HAL_RCC_APB1_RELEASE_RESET();
  78              		.loc 1 209 3 view .LVU5
  79 0002 094B     		ldr	r3, .L5
  80 0004 4FF0FF32 		mov	r2, #-1
  81 0008 1A62     		str	r2, [r3, #32]
 210:Drivers/STM32F4xx_HAL_Driver/Src/stm32f4xx_hal.c **** 
  82              		.loc 1 210 3 view .LVU6
  83 000a 0024     		movs	r4, #0
  84 000c 1C62     		str	r4, [r3, #32]
 212:Drivers/STM32F4xx_HAL_Driver/Src/stm32f4xx_hal.c ****   __HAL_RCC_APB2_RELEASE_RESET();
  85              		.loc 1 212 3 view .LVU7
  86 000e 5A62     		str	r2, [r3, #36]
 213:Drivers/STM32F4xx_HAL_Driver/Src/stm32f4xx_hal.c **** 
  87              		.loc 1 213 3 view .LVU8
  88 0010 5C62     		str	r4, [r3, #36]
 215:Drivers/STM32F4xx_HAL_Driver/Src/stm32f4xx_hal.c ****   __HAL_RCC_AHB1_RELEASE_RESET();
  89              		.loc 1 215 3 view .LVU9
  90 0012 1A61     		str	r2, [r3, #16]
ARM GAS  C:\Users\DARKSP~1\AppData\Local\Temp\ccGgT9vj.s 			page 7


 216:Drivers/STM32F4xx_HAL_Driver/Src/stm32f4xx_hal.c **** 
  91              		.loc 1 216 3 view .LVU10
  92 0014 1C61     		str	r4, [r3, #16]
 218:Drivers/STM32F4xx_HAL_Driver/Src/stm32f4xx_hal.c ****   __HAL_RCC_AHB2_RELEASE_RESET();
  93              		.loc 1 218 3 view .LVU11
  94 0016 5A61     		str	r2, [r3, #20]
 219:Drivers/STM32F4xx_HAL_Driver/Src/stm32f4xx_hal.c **** 
  95              		.loc 1 219 3 view .LVU12
  96 0018 5C61     		str	r4, [r3, #20]
 221:Drivers/STM32F4xx_HAL_Driver/Src/stm32f4xx_hal.c ****   __HAL_RCC_AHB3_RELEASE_RESET();
  97              		.loc 1 221 3 view .LVU13
  98 001a 9A61     		str	r2, [r3, #24]
 222:Drivers/STM32F4xx_HAL_Driver/Src/stm32f4xx_hal.c **** 
  99              		.loc 1 222 3 view .LVU14
 100 001c 9C61     		str	r4, [r3, #24]
 225:Drivers/STM32F4xx_HAL_Driver/Src/stm32f4xx_hal.c ****     
 101              		.loc 1 225 3 view .LVU15
 102 001e FFF7FEFF 		bl	HAL_MspDeInit
 103              	.LVL0:
 228:Drivers/STM32F4xx_HAL_Driver/Src/stm32f4xx_hal.c **** }
 104              		.loc 1 228 3 view .LVU16
 229:Drivers/STM32F4xx_HAL_Driver/Src/stm32f4xx_hal.c **** 
 105              		.loc 1 229 1 is_stmt 0 view .LVU17
 106 0022 2046     		mov	r0, r4
 107 0024 10BD     		pop	{r4, pc}
 108              	.L6:
 109 0026 00BF     		.align	2
 110              	.L5:
 111 0028 00380240 		.word	1073887232
 112              		.cfi_endproc
 113              	.LFE127:
 115              		.section	.text.HAL_InitTick,"ax",%progbits
 116              		.align	1
 117              		.weak	HAL_InitTick
 118              		.syntax unified
 119              		.thumb
 120              		.thumb_func
 121              		.fpu fpv4-sp-d16
 123              	HAL_InitTick:
 124              	.LVL1:
 125              	.LFB130:
 252:Drivers/STM32F4xx_HAL_Driver/Src/stm32f4xx_hal.c **** 
 253:Drivers/STM32F4xx_HAL_Driver/Src/stm32f4xx_hal.c **** /**
 254:Drivers/STM32F4xx_HAL_Driver/Src/stm32f4xx_hal.c ****   * @brief This function configures the source of the time base.
 255:Drivers/STM32F4xx_HAL_Driver/Src/stm32f4xx_hal.c ****   *        The time source is configured  to have 1ms time base with a dedicated 
 256:Drivers/STM32F4xx_HAL_Driver/Src/stm32f4xx_hal.c ****   *        Tick interrupt priority.
 257:Drivers/STM32F4xx_HAL_Driver/Src/stm32f4xx_hal.c ****   * @note This function is called  automatically at the beginning of program after
 258:Drivers/STM32F4xx_HAL_Driver/Src/stm32f4xx_hal.c ****   *       reset by HAL_Init() or at any time when clock is reconfigured  by HAL_RCC_ClockConfig().
 259:Drivers/STM32F4xx_HAL_Driver/Src/stm32f4xx_hal.c ****   * @note In the default implementation, SysTick timer is the source of time base. 
 260:Drivers/STM32F4xx_HAL_Driver/Src/stm32f4xx_hal.c ****   *       It is used to generate interrupts at regular time intervals. 
 261:Drivers/STM32F4xx_HAL_Driver/Src/stm32f4xx_hal.c ****   *       Care must be taken if HAL_Delay() is called from a peripheral ISR process, 
 262:Drivers/STM32F4xx_HAL_Driver/Src/stm32f4xx_hal.c ****   *       The SysTick interrupt must have higher priority (numerically lower)
 263:Drivers/STM32F4xx_HAL_Driver/Src/stm32f4xx_hal.c ****   *       than the peripheral interrupt. Otherwise the caller ISR process will be blocked.
 264:Drivers/STM32F4xx_HAL_Driver/Src/stm32f4xx_hal.c ****   *       The function is declared as __weak  to be overwritten  in case of other
 265:Drivers/STM32F4xx_HAL_Driver/Src/stm32f4xx_hal.c ****   *       implementation  in user file.
 266:Drivers/STM32F4xx_HAL_Driver/Src/stm32f4xx_hal.c ****   * @param TickPriority Tick interrupt priority.
 267:Drivers/STM32F4xx_HAL_Driver/Src/stm32f4xx_hal.c ****   * @retval HAL status
ARM GAS  C:\Users\DARKSP~1\AppData\Local\Temp\ccGgT9vj.s 			page 8


 268:Drivers/STM32F4xx_HAL_Driver/Src/stm32f4xx_hal.c ****   */
 269:Drivers/STM32F4xx_HAL_Driver/Src/stm32f4xx_hal.c **** __weak HAL_StatusTypeDef HAL_InitTick(uint32_t TickPriority)
 270:Drivers/STM32F4xx_HAL_Driver/Src/stm32f4xx_hal.c **** {
 126              		.loc 1 270 1 is_stmt 1 view -0
 127              		.cfi_startproc
 128              		@ args = 0, pretend = 0, frame = 0
 129              		@ frame_needed = 0, uses_anonymous_args = 0
 130              		.loc 1 270 1 is_stmt 0 view .LVU19
 131 0000 10B5     		push	{r4, lr}
 132              	.LCFI1:
 133              		.cfi_def_cfa_offset 8
 134              		.cfi_offset 4, -8
 135              		.cfi_offset 14, -4
 136 0002 0446     		mov	r4, r0
 271:Drivers/STM32F4xx_HAL_Driver/Src/stm32f4xx_hal.c ****   /* Configure the SysTick to have interrupt in 1ms time basis*/
 272:Drivers/STM32F4xx_HAL_Driver/Src/stm32f4xx_hal.c ****   if (HAL_SYSTICK_Config(SystemCoreClock / (1000U / uwTickFreq)) > 0U)
 137              		.loc 1 272 3 is_stmt 1 view .LVU20
 138              		.loc 1 272 51 is_stmt 0 view .LVU21
 139 0004 0E4B     		ldr	r3, .L13
 140 0006 1878     		ldrb	r0, [r3]	@ zero_extendqisi2
 141              	.LVL2:
 142              		.loc 1 272 51 view .LVU22
 143 0008 4FF47A73 		mov	r3, #1000
 144 000c B3FBF0F3 		udiv	r3, r3, r0
 145              		.loc 1 272 7 view .LVU23
 146 0010 0C4A     		ldr	r2, .L13+4
 147 0012 1068     		ldr	r0, [r2]
 148 0014 B0FBF3F0 		udiv	r0, r0, r3
 149 0018 FFF7FEFF 		bl	HAL_SYSTICK_Config
 150              	.LVL3:
 151              		.loc 1 272 6 view .LVU24
 152 001c 68B9     		cbnz	r0, .L9
 273:Drivers/STM32F4xx_HAL_Driver/Src/stm32f4xx_hal.c ****   {
 274:Drivers/STM32F4xx_HAL_Driver/Src/stm32f4xx_hal.c ****     return HAL_ERROR;
 275:Drivers/STM32F4xx_HAL_Driver/Src/stm32f4xx_hal.c ****   }
 276:Drivers/STM32F4xx_HAL_Driver/Src/stm32f4xx_hal.c **** 
 277:Drivers/STM32F4xx_HAL_Driver/Src/stm32f4xx_hal.c ****   /* Configure the SysTick IRQ priority */
 278:Drivers/STM32F4xx_HAL_Driver/Src/stm32f4xx_hal.c ****   if (TickPriority < (1UL << __NVIC_PRIO_BITS))
 153              		.loc 1 278 3 is_stmt 1 view .LVU25
 154              		.loc 1 278 6 is_stmt 0 view .LVU26
 155 001e 0F2C     		cmp	r4, #15
 156 0020 01D9     		bls	.L12
 279:Drivers/STM32F4xx_HAL_Driver/Src/stm32f4xx_hal.c ****   {
 280:Drivers/STM32F4xx_HAL_Driver/Src/stm32f4xx_hal.c ****     HAL_NVIC_SetPriority(SysTick_IRQn, TickPriority, 0U);
 281:Drivers/STM32F4xx_HAL_Driver/Src/stm32f4xx_hal.c ****     uwTickPrio = TickPriority;
 282:Drivers/STM32F4xx_HAL_Driver/Src/stm32f4xx_hal.c ****   }
 283:Drivers/STM32F4xx_HAL_Driver/Src/stm32f4xx_hal.c ****   else
 284:Drivers/STM32F4xx_HAL_Driver/Src/stm32f4xx_hal.c ****   {
 285:Drivers/STM32F4xx_HAL_Driver/Src/stm32f4xx_hal.c ****     return HAL_ERROR;
 157              		.loc 1 285 12 view .LVU27
 158 0022 0120     		movs	r0, #1
 159 0024 0AE0     		b	.L8
 160              	.L12:
 280:Drivers/STM32F4xx_HAL_Driver/Src/stm32f4xx_hal.c ****     uwTickPrio = TickPriority;
 161              		.loc 1 280 5 is_stmt 1 view .LVU28
 162 0026 0022     		movs	r2, #0
 163 0028 2146     		mov	r1, r4
ARM GAS  C:\Users\DARKSP~1\AppData\Local\Temp\ccGgT9vj.s 			page 9


 164 002a 4FF0FF30 		mov	r0, #-1
 165 002e FFF7FEFF 		bl	HAL_NVIC_SetPriority
 166              	.LVL4:
 281:Drivers/STM32F4xx_HAL_Driver/Src/stm32f4xx_hal.c ****   }
 167              		.loc 1 281 5 view .LVU29
 281:Drivers/STM32F4xx_HAL_Driver/Src/stm32f4xx_hal.c ****   }
 168              		.loc 1 281 16 is_stmt 0 view .LVU30
 169 0032 054B     		ldr	r3, .L13+8
 170 0034 1C60     		str	r4, [r3]
 286:Drivers/STM32F4xx_HAL_Driver/Src/stm32f4xx_hal.c ****   }
 287:Drivers/STM32F4xx_HAL_Driver/Src/stm32f4xx_hal.c **** 
 288:Drivers/STM32F4xx_HAL_Driver/Src/stm32f4xx_hal.c ****   /* Return function status */
 289:Drivers/STM32F4xx_HAL_Driver/Src/stm32f4xx_hal.c ****   return HAL_OK;
 171              		.loc 1 289 3 is_stmt 1 view .LVU31
 172              		.loc 1 289 10 is_stmt 0 view .LVU32
 173 0036 0020     		movs	r0, #0
 174 0038 00E0     		b	.L8
 175              	.L9:
 274:Drivers/STM32F4xx_HAL_Driver/Src/stm32f4xx_hal.c ****   }
 176              		.loc 1 274 12 view .LVU33
 177 003a 0120     		movs	r0, #1
 178              	.L8:
 290:Drivers/STM32F4xx_HAL_Driver/Src/stm32f4xx_hal.c **** }
 179              		.loc 1 290 1 view .LVU34
 180 003c 10BD     		pop	{r4, pc}
 181              	.LVL5:
 182              	.L14:
 183              		.loc 1 290 1 view .LVU35
 184 003e 00BF     		.align	2
 185              	.L13:
 186 0040 00000000 		.word	.LANCHOR0
 187 0044 00000000 		.word	SystemCoreClock
 188 0048 00000000 		.word	.LANCHOR1
 189              		.cfi_endproc
 190              	.LFE130:
 192              		.section	.text.HAL_Init,"ax",%progbits
 193              		.align	1
 194              		.global	HAL_Init
 195              		.syntax unified
 196              		.thumb
 197              		.thumb_func
 198              		.fpu fpv4-sp-d16
 200              	HAL_Init:
 201              	.LFB126:
 174:Drivers/STM32F4xx_HAL_Driver/Src/stm32f4xx_hal.c ****   /* Configure Flash prefetch, Instruction cache, Data cache */ 
 202              		.loc 1 174 1 is_stmt 1 view -0
 203              		.cfi_startproc
 204              		@ args = 0, pretend = 0, frame = 0
 205              		@ frame_needed = 0, uses_anonymous_args = 0
 206 0000 08B5     		push	{r3, lr}
 207              	.LCFI2:
 208              		.cfi_def_cfa_offset 8
 209              		.cfi_offset 3, -8
 210              		.cfi_offset 14, -4
 177:Drivers/STM32F4xx_HAL_Driver/Src/stm32f4xx_hal.c **** #endif /* INSTRUCTION_CACHE_ENABLE */
 211              		.loc 1 177 3 view .LVU37
 212 0002 0B4B     		ldr	r3, .L17
ARM GAS  C:\Users\DARKSP~1\AppData\Local\Temp\ccGgT9vj.s 			page 10


 213 0004 1A68     		ldr	r2, [r3]
 214 0006 42F40072 		orr	r2, r2, #512
 215 000a 1A60     		str	r2, [r3]
 181:Drivers/STM32F4xx_HAL_Driver/Src/stm32f4xx_hal.c **** #endif /* DATA_CACHE_ENABLE */
 216              		.loc 1 181 3 view .LVU38
 217 000c 1A68     		ldr	r2, [r3]
 218 000e 42F48062 		orr	r2, r2, #1024
 219 0012 1A60     		str	r2, [r3]
 185:Drivers/STM32F4xx_HAL_Driver/Src/stm32f4xx_hal.c **** #endif /* PREFETCH_ENABLE */
 220              		.loc 1 185 3 view .LVU39
 221 0014 1A68     		ldr	r2, [r3]
 222 0016 42F48072 		orr	r2, r2, #256
 223 001a 1A60     		str	r2, [r3]
 189:Drivers/STM32F4xx_HAL_Driver/Src/stm32f4xx_hal.c **** 
 224              		.loc 1 189 3 view .LVU40
 225 001c 0320     		movs	r0, #3
 226 001e FFF7FEFF 		bl	HAL_NVIC_SetPriorityGrouping
 227              	.LVL6:
 192:Drivers/STM32F4xx_HAL_Driver/Src/stm32f4xx_hal.c **** 
 228              		.loc 1 192 3 view .LVU41
 229 0022 0020     		movs	r0, #0
 230 0024 FFF7FEFF 		bl	HAL_InitTick
 231              	.LVL7:
 195:Drivers/STM32F4xx_HAL_Driver/Src/stm32f4xx_hal.c **** 
 232              		.loc 1 195 3 view .LVU42
 233 0028 FFF7FEFF 		bl	HAL_MspInit
 234              	.LVL8:
 198:Drivers/STM32F4xx_HAL_Driver/Src/stm32f4xx_hal.c **** }
 235              		.loc 1 198 3 view .LVU43
 199:Drivers/STM32F4xx_HAL_Driver/Src/stm32f4xx_hal.c **** 
 236              		.loc 1 199 1 is_stmt 0 view .LVU44
 237 002c 0020     		movs	r0, #0
 238 002e 08BD     		pop	{r3, pc}
 239              	.L18:
 240              		.align	2
 241              	.L17:
 242 0030 003C0240 		.word	1073888256
 243              		.cfi_endproc
 244              	.LFE126:
 246              		.section	.text.HAL_IncTick,"ax",%progbits
 247              		.align	1
 248              		.weak	HAL_IncTick
 249              		.syntax unified
 250              		.thumb
 251              		.thumb_func
 252              		.fpu fpv4-sp-d16
 254              	HAL_IncTick:
 255              	.LFB131:
 291:Drivers/STM32F4xx_HAL_Driver/Src/stm32f4xx_hal.c **** 
 292:Drivers/STM32F4xx_HAL_Driver/Src/stm32f4xx_hal.c **** /**
 293:Drivers/STM32F4xx_HAL_Driver/Src/stm32f4xx_hal.c ****   * @}
 294:Drivers/STM32F4xx_HAL_Driver/Src/stm32f4xx_hal.c ****   */
 295:Drivers/STM32F4xx_HAL_Driver/Src/stm32f4xx_hal.c **** 
 296:Drivers/STM32F4xx_HAL_Driver/Src/stm32f4xx_hal.c **** /** @defgroup HAL_Exported_Functions_Group2 HAL Control functions 
 297:Drivers/STM32F4xx_HAL_Driver/Src/stm32f4xx_hal.c ****  *  @brief    HAL Control functions
 298:Drivers/STM32F4xx_HAL_Driver/Src/stm32f4xx_hal.c ****  *
 299:Drivers/STM32F4xx_HAL_Driver/Src/stm32f4xx_hal.c **** @verbatim
ARM GAS  C:\Users\DARKSP~1\AppData\Local\Temp\ccGgT9vj.s 			page 11


 300:Drivers/STM32F4xx_HAL_Driver/Src/stm32f4xx_hal.c ****  ===============================================================================
 301:Drivers/STM32F4xx_HAL_Driver/Src/stm32f4xx_hal.c ****                       ##### HAL Control functions #####
 302:Drivers/STM32F4xx_HAL_Driver/Src/stm32f4xx_hal.c ****  ===============================================================================
 303:Drivers/STM32F4xx_HAL_Driver/Src/stm32f4xx_hal.c ****     [..]  This section provides functions allowing to:
 304:Drivers/STM32F4xx_HAL_Driver/Src/stm32f4xx_hal.c ****       (+) Provide a tick value in millisecond
 305:Drivers/STM32F4xx_HAL_Driver/Src/stm32f4xx_hal.c ****       (+) Provide a blocking delay in millisecond
 306:Drivers/STM32F4xx_HAL_Driver/Src/stm32f4xx_hal.c ****       (+) Suspend the time base source interrupt
 307:Drivers/STM32F4xx_HAL_Driver/Src/stm32f4xx_hal.c ****       (+) Resume the time base source interrupt
 308:Drivers/STM32F4xx_HAL_Driver/Src/stm32f4xx_hal.c ****       (+) Get the HAL API driver version
 309:Drivers/STM32F4xx_HAL_Driver/Src/stm32f4xx_hal.c ****       (+) Get the device identifier
 310:Drivers/STM32F4xx_HAL_Driver/Src/stm32f4xx_hal.c ****       (+) Get the device revision identifier
 311:Drivers/STM32F4xx_HAL_Driver/Src/stm32f4xx_hal.c ****       (+) Enable/Disable Debug module during SLEEP mode
 312:Drivers/STM32F4xx_HAL_Driver/Src/stm32f4xx_hal.c ****       (+) Enable/Disable Debug module during STOP mode
 313:Drivers/STM32F4xx_HAL_Driver/Src/stm32f4xx_hal.c ****       (+) Enable/Disable Debug module during STANDBY mode
 314:Drivers/STM32F4xx_HAL_Driver/Src/stm32f4xx_hal.c **** 
 315:Drivers/STM32F4xx_HAL_Driver/Src/stm32f4xx_hal.c **** @endverbatim
 316:Drivers/STM32F4xx_HAL_Driver/Src/stm32f4xx_hal.c ****   * @{
 317:Drivers/STM32F4xx_HAL_Driver/Src/stm32f4xx_hal.c ****   */
 318:Drivers/STM32F4xx_HAL_Driver/Src/stm32f4xx_hal.c **** 
 319:Drivers/STM32F4xx_HAL_Driver/Src/stm32f4xx_hal.c **** /**
 320:Drivers/STM32F4xx_HAL_Driver/Src/stm32f4xx_hal.c ****   * @brief This function is called to increment  a global variable "uwTick"
 321:Drivers/STM32F4xx_HAL_Driver/Src/stm32f4xx_hal.c ****   *        used as application time base.
 322:Drivers/STM32F4xx_HAL_Driver/Src/stm32f4xx_hal.c ****   * @note In the default implementation, this variable is incremented each 1ms
 323:Drivers/STM32F4xx_HAL_Driver/Src/stm32f4xx_hal.c ****   *       in SysTick ISR.
 324:Drivers/STM32F4xx_HAL_Driver/Src/stm32f4xx_hal.c ****  * @note This function is declared as __weak to be overwritten in case of other 
 325:Drivers/STM32F4xx_HAL_Driver/Src/stm32f4xx_hal.c ****   *      implementations in user file.
 326:Drivers/STM32F4xx_HAL_Driver/Src/stm32f4xx_hal.c ****   * @retval None
 327:Drivers/STM32F4xx_HAL_Driver/Src/stm32f4xx_hal.c ****   */
 328:Drivers/STM32F4xx_HAL_Driver/Src/stm32f4xx_hal.c **** __weak void HAL_IncTick(void)
 329:Drivers/STM32F4xx_HAL_Driver/Src/stm32f4xx_hal.c **** {
 256              		.loc 1 329 1 is_stmt 1 view -0
 257              		.cfi_startproc
 258              		@ args = 0, pretend = 0, frame = 0
 259              		@ frame_needed = 0, uses_anonymous_args = 0
 260              		@ link register save eliminated.
 330:Drivers/STM32F4xx_HAL_Driver/Src/stm32f4xx_hal.c ****   uwTick += uwTickFreq;
 261              		.loc 1 330 3 view .LVU46
 262              		.loc 1 330 10 is_stmt 0 view .LVU47
 263 0000 034A     		ldr	r2, .L20
 264 0002 1168     		ldr	r1, [r2]
 265 0004 034B     		ldr	r3, .L20+4
 266 0006 1B78     		ldrb	r3, [r3]	@ zero_extendqisi2
 267 0008 0B44     		add	r3, r3, r1
 268 000a 1360     		str	r3, [r2]
 331:Drivers/STM32F4xx_HAL_Driver/Src/stm32f4xx_hal.c **** }
 269              		.loc 1 331 1 view .LVU48
 270 000c 7047     		bx	lr
 271              	.L21:
 272 000e 00BF     		.align	2
 273              	.L20:
 274 0010 00000000 		.word	uwTick
 275 0014 00000000 		.word	.LANCHOR0
 276              		.cfi_endproc
 277              	.LFE131:
 279              		.section	.text.HAL_GetTick,"ax",%progbits
 280              		.align	1
 281              		.weak	HAL_GetTick
ARM GAS  C:\Users\DARKSP~1\AppData\Local\Temp\ccGgT9vj.s 			page 12


 282              		.syntax unified
 283              		.thumb
 284              		.thumb_func
 285              		.fpu fpv4-sp-d16
 287              	HAL_GetTick:
 288              	.LFB132:
 332:Drivers/STM32F4xx_HAL_Driver/Src/stm32f4xx_hal.c **** 
 333:Drivers/STM32F4xx_HAL_Driver/Src/stm32f4xx_hal.c **** /**
 334:Drivers/STM32F4xx_HAL_Driver/Src/stm32f4xx_hal.c ****   * @brief Provides a tick value in millisecond.
 335:Drivers/STM32F4xx_HAL_Driver/Src/stm32f4xx_hal.c ****   * @note This function is declared as __weak to be overwritten in case of other 
 336:Drivers/STM32F4xx_HAL_Driver/Src/stm32f4xx_hal.c ****   *       implementations in user file.
 337:Drivers/STM32F4xx_HAL_Driver/Src/stm32f4xx_hal.c ****   * @retval tick value
 338:Drivers/STM32F4xx_HAL_Driver/Src/stm32f4xx_hal.c ****   */
 339:Drivers/STM32F4xx_HAL_Driver/Src/stm32f4xx_hal.c **** __weak uint32_t HAL_GetTick(void)
 340:Drivers/STM32F4xx_HAL_Driver/Src/stm32f4xx_hal.c **** {
 289              		.loc 1 340 1 is_stmt 1 view -0
 290              		.cfi_startproc
 291              		@ args = 0, pretend = 0, frame = 0
 292              		@ frame_needed = 0, uses_anonymous_args = 0
 293              		@ link register save eliminated.
 341:Drivers/STM32F4xx_HAL_Driver/Src/stm32f4xx_hal.c ****   return uwTick;
 294              		.loc 1 341 3 view .LVU50
 295              		.loc 1 341 10 is_stmt 0 view .LVU51
 296 0000 014B     		ldr	r3, .L23
 297 0002 1868     		ldr	r0, [r3]
 342:Drivers/STM32F4xx_HAL_Driver/Src/stm32f4xx_hal.c **** }
 298              		.loc 1 342 1 view .LVU52
 299 0004 7047     		bx	lr
 300              	.L24:
 301 0006 00BF     		.align	2
 302              	.L23:
 303 0008 00000000 		.word	uwTick
 304              		.cfi_endproc
 305              	.LFE132:
 307              		.section	.text.HAL_GetTickPrio,"ax",%progbits
 308              		.align	1
 309              		.global	HAL_GetTickPrio
 310              		.syntax unified
 311              		.thumb
 312              		.thumb_func
 313              		.fpu fpv4-sp-d16
 315              	HAL_GetTickPrio:
 316              	.LFB133:
 343:Drivers/STM32F4xx_HAL_Driver/Src/stm32f4xx_hal.c **** 
 344:Drivers/STM32F4xx_HAL_Driver/Src/stm32f4xx_hal.c **** /**
 345:Drivers/STM32F4xx_HAL_Driver/Src/stm32f4xx_hal.c ****   * @brief This function returns a tick priority.
 346:Drivers/STM32F4xx_HAL_Driver/Src/stm32f4xx_hal.c ****   * @retval tick priority
 347:Drivers/STM32F4xx_HAL_Driver/Src/stm32f4xx_hal.c ****   */
 348:Drivers/STM32F4xx_HAL_Driver/Src/stm32f4xx_hal.c **** uint32_t HAL_GetTickPrio(void)
 349:Drivers/STM32F4xx_HAL_Driver/Src/stm32f4xx_hal.c **** {
 317              		.loc 1 349 1 is_stmt 1 view -0
 318              		.cfi_startproc
 319              		@ args = 0, pretend = 0, frame = 0
 320              		@ frame_needed = 0, uses_anonymous_args = 0
 321              		@ link register save eliminated.
 350:Drivers/STM32F4xx_HAL_Driver/Src/stm32f4xx_hal.c ****   return uwTickPrio;
 322              		.loc 1 350 3 view .LVU54
ARM GAS  C:\Users\DARKSP~1\AppData\Local\Temp\ccGgT9vj.s 			page 13


 351:Drivers/STM32F4xx_HAL_Driver/Src/stm32f4xx_hal.c **** }
 323              		.loc 1 351 1 is_stmt 0 view .LVU55
 324 0000 014B     		ldr	r3, .L26
 325 0002 1868     		ldr	r0, [r3]
 326 0004 7047     		bx	lr
 327              	.L27:
 328 0006 00BF     		.align	2
 329              	.L26:
 330 0008 00000000 		.word	.LANCHOR1
 331              		.cfi_endproc
 332              	.LFE133:
 334              		.section	.text.HAL_SetTickFreq,"ax",%progbits
 335              		.align	1
 336              		.global	HAL_SetTickFreq
 337              		.syntax unified
 338              		.thumb
 339              		.thumb_func
 340              		.fpu fpv4-sp-d16
 342              	HAL_SetTickFreq:
 343              	.LVL9:
 344              	.LFB134:
 352:Drivers/STM32F4xx_HAL_Driver/Src/stm32f4xx_hal.c **** 
 353:Drivers/STM32F4xx_HAL_Driver/Src/stm32f4xx_hal.c **** /**
 354:Drivers/STM32F4xx_HAL_Driver/Src/stm32f4xx_hal.c ****   * @brief Set new tick Freq.
 355:Drivers/STM32F4xx_HAL_Driver/Src/stm32f4xx_hal.c ****   * @retval Status
 356:Drivers/STM32F4xx_HAL_Driver/Src/stm32f4xx_hal.c ****   */
 357:Drivers/STM32F4xx_HAL_Driver/Src/stm32f4xx_hal.c **** HAL_StatusTypeDef HAL_SetTickFreq(HAL_TickFreqTypeDef Freq)
 358:Drivers/STM32F4xx_HAL_Driver/Src/stm32f4xx_hal.c **** {
 345              		.loc 1 358 1 is_stmt 1 view -0
 346              		.cfi_startproc
 347              		@ args = 0, pretend = 0, frame = 0
 348              		@ frame_needed = 0, uses_anonymous_args = 0
 349              		.loc 1 358 1 is_stmt 0 view .LVU57
 350 0000 08B5     		push	{r3, lr}
 351              	.LCFI3:
 352              		.cfi_def_cfa_offset 8
 353              		.cfi_offset 3, -8
 354              		.cfi_offset 14, -4
 359:Drivers/STM32F4xx_HAL_Driver/Src/stm32f4xx_hal.c ****   HAL_StatusTypeDef status  = HAL_OK;
 355              		.loc 1 359 3 is_stmt 1 view .LVU58
 356              	.LVL10:
 360:Drivers/STM32F4xx_HAL_Driver/Src/stm32f4xx_hal.c ****   assert_param(IS_TICKFREQ(Freq));
 357              		.loc 1 360 3 view .LVU59
 361:Drivers/STM32F4xx_HAL_Driver/Src/stm32f4xx_hal.c **** 
 362:Drivers/STM32F4xx_HAL_Driver/Src/stm32f4xx_hal.c ****   if (uwTickFreq != Freq)
 358              		.loc 1 362 3 view .LVU60
 359              		.loc 1 362 18 is_stmt 0 view .LVU61
 360 0002 064B     		ldr	r3, .L33
 361 0004 1B78     		ldrb	r3, [r3]	@ zero_extendqisi2
 362              		.loc 1 362 6 view .LVU62
 363 0006 8342     		cmp	r3, r0
 364 0008 01D1     		bne	.L32
 359:Drivers/STM32F4xx_HAL_Driver/Src/stm32f4xx_hal.c ****   assert_param(IS_TICKFREQ(Freq));
 365              		.loc 1 359 21 view .LVU63
 366 000a 0020     		movs	r0, #0
 367              	.LVL11:
 368              	.L29:
ARM GAS  C:\Users\DARKSP~1\AppData\Local\Temp\ccGgT9vj.s 			page 14


 363:Drivers/STM32F4xx_HAL_Driver/Src/stm32f4xx_hal.c ****   {
 364:Drivers/STM32F4xx_HAL_Driver/Src/stm32f4xx_hal.c ****     uwTickFreq = Freq;
 365:Drivers/STM32F4xx_HAL_Driver/Src/stm32f4xx_hal.c **** 
 366:Drivers/STM32F4xx_HAL_Driver/Src/stm32f4xx_hal.c ****     /* Apply the new tick Freq  */
 367:Drivers/STM32F4xx_HAL_Driver/Src/stm32f4xx_hal.c ****     status = HAL_InitTick(uwTickPrio);
 368:Drivers/STM32F4xx_HAL_Driver/Src/stm32f4xx_hal.c ****   }
 369:Drivers/STM32F4xx_HAL_Driver/Src/stm32f4xx_hal.c **** 
 370:Drivers/STM32F4xx_HAL_Driver/Src/stm32f4xx_hal.c ****   return status;
 369              		.loc 1 370 3 is_stmt 1 view .LVU64
 371:Drivers/STM32F4xx_HAL_Driver/Src/stm32f4xx_hal.c **** }
 370              		.loc 1 371 1 is_stmt 0 view .LVU65
 371 000c 08BD     		pop	{r3, pc}
 372              	.LVL12:
 373              	.L32:
 364:Drivers/STM32F4xx_HAL_Driver/Src/stm32f4xx_hal.c **** 
 374              		.loc 1 364 5 is_stmt 1 view .LVU66
 364:Drivers/STM32F4xx_HAL_Driver/Src/stm32f4xx_hal.c **** 
 375              		.loc 1 364 16 is_stmt 0 view .LVU67
 376 000e 034B     		ldr	r3, .L33
 377 0010 1870     		strb	r0, [r3]
 367:Drivers/STM32F4xx_HAL_Driver/Src/stm32f4xx_hal.c ****   }
 378              		.loc 1 367 5 is_stmt 1 view .LVU68
 367:Drivers/STM32F4xx_HAL_Driver/Src/stm32f4xx_hal.c ****   }
 379              		.loc 1 367 14 is_stmt 0 view .LVU69
 380 0012 034B     		ldr	r3, .L33+4
 381 0014 1868     		ldr	r0, [r3]
 382              	.LVL13:
 367:Drivers/STM32F4xx_HAL_Driver/Src/stm32f4xx_hal.c ****   }
 383              		.loc 1 367 14 view .LVU70
 384 0016 FFF7FEFF 		bl	HAL_InitTick
 385              	.LVL14:
 367:Drivers/STM32F4xx_HAL_Driver/Src/stm32f4xx_hal.c ****   }
 386              		.loc 1 367 14 view .LVU71
 387 001a F7E7     		b	.L29
 388              	.L34:
 389              		.align	2
 390              	.L33:
 391 001c 00000000 		.word	.LANCHOR0
 392 0020 00000000 		.word	.LANCHOR1
 393              		.cfi_endproc
 394              	.LFE134:
 396              		.section	.text.HAL_GetTickFreq,"ax",%progbits
 397              		.align	1
 398              		.global	HAL_GetTickFreq
 399              		.syntax unified
 400              		.thumb
 401              		.thumb_func
 402              		.fpu fpv4-sp-d16
 404              	HAL_GetTickFreq:
 405              	.LFB135:
 372:Drivers/STM32F4xx_HAL_Driver/Src/stm32f4xx_hal.c **** 
 373:Drivers/STM32F4xx_HAL_Driver/Src/stm32f4xx_hal.c **** /**
 374:Drivers/STM32F4xx_HAL_Driver/Src/stm32f4xx_hal.c ****   * @brief Return tick frequency.
 375:Drivers/STM32F4xx_HAL_Driver/Src/stm32f4xx_hal.c ****   * @retval tick period in Hz
 376:Drivers/STM32F4xx_HAL_Driver/Src/stm32f4xx_hal.c ****   */
 377:Drivers/STM32F4xx_HAL_Driver/Src/stm32f4xx_hal.c **** HAL_TickFreqTypeDef HAL_GetTickFreq(void)
 378:Drivers/STM32F4xx_HAL_Driver/Src/stm32f4xx_hal.c **** {
ARM GAS  C:\Users\DARKSP~1\AppData\Local\Temp\ccGgT9vj.s 			page 15


 406              		.loc 1 378 1 is_stmt 1 view -0
 407              		.cfi_startproc
 408              		@ args = 0, pretend = 0, frame = 0
 409              		@ frame_needed = 0, uses_anonymous_args = 0
 410              		@ link register save eliminated.
 379:Drivers/STM32F4xx_HAL_Driver/Src/stm32f4xx_hal.c ****   return uwTickFreq;
 411              		.loc 1 379 3 view .LVU73
 380:Drivers/STM32F4xx_HAL_Driver/Src/stm32f4xx_hal.c **** }
 412              		.loc 1 380 1 is_stmt 0 view .LVU74
 413 0000 014B     		ldr	r3, .L36
 414 0002 1878     		ldrb	r0, [r3]	@ zero_extendqisi2
 415 0004 7047     		bx	lr
 416              	.L37:
 417 0006 00BF     		.align	2
 418              	.L36:
 419 0008 00000000 		.word	.LANCHOR0
 420              		.cfi_endproc
 421              	.LFE135:
 423              		.section	.text.HAL_Delay,"ax",%progbits
 424              		.align	1
 425              		.weak	HAL_Delay
 426              		.syntax unified
 427              		.thumb
 428              		.thumb_func
 429              		.fpu fpv4-sp-d16
 431              	HAL_Delay:
 432              	.LVL15:
 433              	.LFB136:
 381:Drivers/STM32F4xx_HAL_Driver/Src/stm32f4xx_hal.c **** 
 382:Drivers/STM32F4xx_HAL_Driver/Src/stm32f4xx_hal.c **** /**
 383:Drivers/STM32F4xx_HAL_Driver/Src/stm32f4xx_hal.c ****   * @brief This function provides minimum delay (in milliseconds) based 
 384:Drivers/STM32F4xx_HAL_Driver/Src/stm32f4xx_hal.c ****   *        on variable incremented.
 385:Drivers/STM32F4xx_HAL_Driver/Src/stm32f4xx_hal.c ****   * @note In the default implementation , SysTick timer is the source of time base.
 386:Drivers/STM32F4xx_HAL_Driver/Src/stm32f4xx_hal.c ****   *       It is used to generate interrupts at regular time intervals where uwTick
 387:Drivers/STM32F4xx_HAL_Driver/Src/stm32f4xx_hal.c ****   *       is incremented.
 388:Drivers/STM32F4xx_HAL_Driver/Src/stm32f4xx_hal.c ****   * @note This function is declared as __weak to be overwritten in case of other
 389:Drivers/STM32F4xx_HAL_Driver/Src/stm32f4xx_hal.c ****   *       implementations in user file.
 390:Drivers/STM32F4xx_HAL_Driver/Src/stm32f4xx_hal.c ****   * @param Delay specifies the delay time length, in milliseconds.
 391:Drivers/STM32F4xx_HAL_Driver/Src/stm32f4xx_hal.c ****   * @retval None
 392:Drivers/STM32F4xx_HAL_Driver/Src/stm32f4xx_hal.c ****   */
 393:Drivers/STM32F4xx_HAL_Driver/Src/stm32f4xx_hal.c **** __weak void HAL_Delay(uint32_t Delay)
 394:Drivers/STM32F4xx_HAL_Driver/Src/stm32f4xx_hal.c **** {
 434              		.loc 1 394 1 is_stmt 1 view -0
 435              		.cfi_startproc
 436              		@ args = 0, pretend = 0, frame = 0
 437              		@ frame_needed = 0, uses_anonymous_args = 0
 438              		.loc 1 394 1 is_stmt 0 view .LVU76
 439 0000 38B5     		push	{r3, r4, r5, lr}
 440              	.LCFI4:
 441              		.cfi_def_cfa_offset 16
 442              		.cfi_offset 3, -16
 443              		.cfi_offset 4, -12
 444              		.cfi_offset 5, -8
 445              		.cfi_offset 14, -4
 446 0002 0446     		mov	r4, r0
 395:Drivers/STM32F4xx_HAL_Driver/Src/stm32f4xx_hal.c ****   uint32_t tickstart = HAL_GetTick();
 447              		.loc 1 395 3 is_stmt 1 view .LVU77
ARM GAS  C:\Users\DARKSP~1\AppData\Local\Temp\ccGgT9vj.s 			page 16


 448              		.loc 1 395 24 is_stmt 0 view .LVU78
 449 0004 FFF7FEFF 		bl	HAL_GetTick
 450              	.LVL16:
 451              		.loc 1 395 24 view .LVU79
 452 0008 0546     		mov	r5, r0
 453              	.LVL17:
 396:Drivers/STM32F4xx_HAL_Driver/Src/stm32f4xx_hal.c ****   uint32_t wait = Delay;
 454              		.loc 1 396 3 is_stmt 1 view .LVU80
 397:Drivers/STM32F4xx_HAL_Driver/Src/stm32f4xx_hal.c **** 
 398:Drivers/STM32F4xx_HAL_Driver/Src/stm32f4xx_hal.c ****   /* Add a freq to guarantee minimum wait */
 399:Drivers/STM32F4xx_HAL_Driver/Src/stm32f4xx_hal.c ****   if (wait < HAL_MAX_DELAY)
 455              		.loc 1 399 3 view .LVU81
 456              		.loc 1 399 6 is_stmt 0 view .LVU82
 457 000a B4F1FF3F 		cmp	r4, #-1
 458 000e 02D0     		beq	.L40
 400:Drivers/STM32F4xx_HAL_Driver/Src/stm32f4xx_hal.c ****   {
 401:Drivers/STM32F4xx_HAL_Driver/Src/stm32f4xx_hal.c ****     wait += (uint32_t)(uwTickFreq);
 459              		.loc 1 401 5 is_stmt 1 view .LVU83
 460              		.loc 1 401 13 is_stmt 0 view .LVU84
 461 0010 044B     		ldr	r3, .L42
 462 0012 1B78     		ldrb	r3, [r3]	@ zero_extendqisi2
 463              		.loc 1 401 10 view .LVU85
 464 0014 1C44     		add	r4, r4, r3
 465              	.LVL18:
 466              	.L40:
 402:Drivers/STM32F4xx_HAL_Driver/Src/stm32f4xx_hal.c ****   }
 403:Drivers/STM32F4xx_HAL_Driver/Src/stm32f4xx_hal.c **** 
 404:Drivers/STM32F4xx_HAL_Driver/Src/stm32f4xx_hal.c ****   while((HAL_GetTick() - tickstart) < wait)
 405:Drivers/STM32F4xx_HAL_Driver/Src/stm32f4xx_hal.c ****   {
 406:Drivers/STM32F4xx_HAL_Driver/Src/stm32f4xx_hal.c ****   }
 467              		.loc 1 406 3 is_stmt 1 discriminator 1 view .LVU86
 404:Drivers/STM32F4xx_HAL_Driver/Src/stm32f4xx_hal.c ****   {
 468              		.loc 1 404 10 is_stmt 0 discriminator 1 view .LVU87
 469 0016 FFF7FEFF 		bl	HAL_GetTick
 470              	.LVL19:
 404:Drivers/STM32F4xx_HAL_Driver/Src/stm32f4xx_hal.c ****   {
 471              		.loc 1 404 24 discriminator 1 view .LVU88
 472 001a 401B     		subs	r0, r0, r5
 404:Drivers/STM32F4xx_HAL_Driver/Src/stm32f4xx_hal.c ****   {
 473              		.loc 1 404 8 discriminator 1 view .LVU89
 474 001c A042     		cmp	r0, r4
 475 001e FAD3     		bcc	.L40
 407:Drivers/STM32F4xx_HAL_Driver/Src/stm32f4xx_hal.c **** }
 476              		.loc 1 407 1 view .LVU90
 477 0020 38BD     		pop	{r3, r4, r5, pc}
 478              	.LVL20:
 479              	.L43:
 480              		.loc 1 407 1 view .LVU91
 481 0022 00BF     		.align	2
 482              	.L42:
 483 0024 00000000 		.word	.LANCHOR0
 484              		.cfi_endproc
 485              	.LFE136:
 487              		.section	.text.HAL_SuspendTick,"ax",%progbits
 488              		.align	1
 489              		.weak	HAL_SuspendTick
 490              		.syntax unified
ARM GAS  C:\Users\DARKSP~1\AppData\Local\Temp\ccGgT9vj.s 			page 17


 491              		.thumb
 492              		.thumb_func
 493              		.fpu fpv4-sp-d16
 495              	HAL_SuspendTick:
 496              	.LFB137:
 408:Drivers/STM32F4xx_HAL_Driver/Src/stm32f4xx_hal.c **** 
 409:Drivers/STM32F4xx_HAL_Driver/Src/stm32f4xx_hal.c **** /**
 410:Drivers/STM32F4xx_HAL_Driver/Src/stm32f4xx_hal.c ****   * @brief Suspend Tick increment.
 411:Drivers/STM32F4xx_HAL_Driver/Src/stm32f4xx_hal.c ****   * @note In the default implementation , SysTick timer is the source of time base. It is
 412:Drivers/STM32F4xx_HAL_Driver/Src/stm32f4xx_hal.c ****   *       used to generate interrupts at regular time intervals. Once HAL_SuspendTick()
 413:Drivers/STM32F4xx_HAL_Driver/Src/stm32f4xx_hal.c ****   *       is called, the SysTick interrupt will be disabled and so Tick increment 
 414:Drivers/STM32F4xx_HAL_Driver/Src/stm32f4xx_hal.c ****   *       is suspended.
 415:Drivers/STM32F4xx_HAL_Driver/Src/stm32f4xx_hal.c ****   * @note This function is declared as __weak to be overwritten in case of other
 416:Drivers/STM32F4xx_HAL_Driver/Src/stm32f4xx_hal.c ****   *       implementations in user file.
 417:Drivers/STM32F4xx_HAL_Driver/Src/stm32f4xx_hal.c ****   * @retval None
 418:Drivers/STM32F4xx_HAL_Driver/Src/stm32f4xx_hal.c ****   */
 419:Drivers/STM32F4xx_HAL_Driver/Src/stm32f4xx_hal.c **** __weak void HAL_SuspendTick(void)
 420:Drivers/STM32F4xx_HAL_Driver/Src/stm32f4xx_hal.c **** {
 497              		.loc 1 420 1 is_stmt 1 view -0
 498              		.cfi_startproc
 499              		@ args = 0, pretend = 0, frame = 0
 500              		@ frame_needed = 0, uses_anonymous_args = 0
 501              		@ link register save eliminated.
 421:Drivers/STM32F4xx_HAL_Driver/Src/stm32f4xx_hal.c ****   /* Disable SysTick Interrupt */
 422:Drivers/STM32F4xx_HAL_Driver/Src/stm32f4xx_hal.c ****   SysTick->CTRL &= ~SysTick_CTRL_TICKINT_Msk;
 502              		.loc 1 422 3 view .LVU93
 503              		.loc 1 422 17 is_stmt 0 view .LVU94
 504 0000 024A     		ldr	r2, .L45
 505 0002 1368     		ldr	r3, [r2]
 506 0004 23F00203 		bic	r3, r3, #2
 507 0008 1360     		str	r3, [r2]
 423:Drivers/STM32F4xx_HAL_Driver/Src/stm32f4xx_hal.c **** }
 508              		.loc 1 423 1 view .LVU95
 509 000a 7047     		bx	lr
 510              	.L46:
 511              		.align	2
 512              	.L45:
 513 000c 10E000E0 		.word	-536813552
 514              		.cfi_endproc
 515              	.LFE137:
 517              		.section	.text.HAL_ResumeTick,"ax",%progbits
 518              		.align	1
 519              		.weak	HAL_ResumeTick
 520              		.syntax unified
 521              		.thumb
 522              		.thumb_func
 523              		.fpu fpv4-sp-d16
 525              	HAL_ResumeTick:
 526              	.LFB138:
 424:Drivers/STM32F4xx_HAL_Driver/Src/stm32f4xx_hal.c **** 
 425:Drivers/STM32F4xx_HAL_Driver/Src/stm32f4xx_hal.c **** /**
 426:Drivers/STM32F4xx_HAL_Driver/Src/stm32f4xx_hal.c ****   * @brief Resume Tick increment.
 427:Drivers/STM32F4xx_HAL_Driver/Src/stm32f4xx_hal.c ****   * @note In the default implementation , SysTick timer is the source of time base. It is
 428:Drivers/STM32F4xx_HAL_Driver/Src/stm32f4xx_hal.c ****   *       used to generate interrupts at regular time intervals. Once HAL_ResumeTick()
 429:Drivers/STM32F4xx_HAL_Driver/Src/stm32f4xx_hal.c ****   *       is called, the SysTick interrupt will be enabled and so Tick increment 
 430:Drivers/STM32F4xx_HAL_Driver/Src/stm32f4xx_hal.c ****   *       is resumed.
 431:Drivers/STM32F4xx_HAL_Driver/Src/stm32f4xx_hal.c ****   * @note This function is declared as __weak to be overwritten in case of other
ARM GAS  C:\Users\DARKSP~1\AppData\Local\Temp\ccGgT9vj.s 			page 18


 432:Drivers/STM32F4xx_HAL_Driver/Src/stm32f4xx_hal.c ****   *       implementations in user file.
 433:Drivers/STM32F4xx_HAL_Driver/Src/stm32f4xx_hal.c ****   * @retval None
 434:Drivers/STM32F4xx_HAL_Driver/Src/stm32f4xx_hal.c ****   */
 435:Drivers/STM32F4xx_HAL_Driver/Src/stm32f4xx_hal.c **** __weak void HAL_ResumeTick(void)
 436:Drivers/STM32F4xx_HAL_Driver/Src/stm32f4xx_hal.c **** {
 527              		.loc 1 436 1 is_stmt 1 view -0
 528              		.cfi_startproc
 529              		@ args = 0, pretend = 0, frame = 0
 530              		@ frame_needed = 0, uses_anonymous_args = 0
 531              		@ link register save eliminated.
 437:Drivers/STM32F4xx_HAL_Driver/Src/stm32f4xx_hal.c ****   /* Enable SysTick Interrupt */
 438:Drivers/STM32F4xx_HAL_Driver/Src/stm32f4xx_hal.c ****   SysTick->CTRL  |= SysTick_CTRL_TICKINT_Msk;
 532              		.loc 1 438 3 view .LVU97
 533              		.loc 1 438 18 is_stmt 0 view .LVU98
 534 0000 024A     		ldr	r2, .L48
 535 0002 1368     		ldr	r3, [r2]
 536 0004 43F00203 		orr	r3, r3, #2
 537 0008 1360     		str	r3, [r2]
 439:Drivers/STM32F4xx_HAL_Driver/Src/stm32f4xx_hal.c **** }
 538              		.loc 1 439 1 view .LVU99
 539 000a 7047     		bx	lr
 540              	.L49:
 541              		.align	2
 542              	.L48:
 543 000c 10E000E0 		.word	-536813552
 544              		.cfi_endproc
 545              	.LFE138:
 547              		.section	.text.HAL_GetHalVersion,"ax",%progbits
 548              		.align	1
 549              		.global	HAL_GetHalVersion
 550              		.syntax unified
 551              		.thumb
 552              		.thumb_func
 553              		.fpu fpv4-sp-d16
 555              	HAL_GetHalVersion:
 556              	.LFB139:
 440:Drivers/STM32F4xx_HAL_Driver/Src/stm32f4xx_hal.c **** 
 441:Drivers/STM32F4xx_HAL_Driver/Src/stm32f4xx_hal.c **** /**
 442:Drivers/STM32F4xx_HAL_Driver/Src/stm32f4xx_hal.c ****   * @brief  Returns the HAL revision
 443:Drivers/STM32F4xx_HAL_Driver/Src/stm32f4xx_hal.c ****   * @retval version : 0xXYZR (8bits for each decimal, R for RC)
 444:Drivers/STM32F4xx_HAL_Driver/Src/stm32f4xx_hal.c ****   */
 445:Drivers/STM32F4xx_HAL_Driver/Src/stm32f4xx_hal.c **** uint32_t HAL_GetHalVersion(void)
 446:Drivers/STM32F4xx_HAL_Driver/Src/stm32f4xx_hal.c **** {
 557              		.loc 1 446 1 is_stmt 1 view -0
 558              		.cfi_startproc
 559              		@ args = 0, pretend = 0, frame = 0
 560              		@ frame_needed = 0, uses_anonymous_args = 0
 561              		@ link register save eliminated.
 447:Drivers/STM32F4xx_HAL_Driver/Src/stm32f4xx_hal.c ****   return __STM32F4xx_HAL_VERSION;
 562              		.loc 1 447 3 view .LVU101
 448:Drivers/STM32F4xx_HAL_Driver/Src/stm32f4xx_hal.c **** }
 563              		.loc 1 448 1 is_stmt 0 view .LVU102
 564 0000 0048     		ldr	r0, .L51
 565 0002 7047     		bx	lr
 566              	.L52:
 567              		.align	2
 568              	.L51:
ARM GAS  C:\Users\DARKSP~1\AppData\Local\Temp\ccGgT9vj.s 			page 19


 569 0004 00040701 		.word	17236992
 570              		.cfi_endproc
 571              	.LFE139:
 573              		.section	.text.HAL_GetREVID,"ax",%progbits
 574              		.align	1
 575              		.global	HAL_GetREVID
 576              		.syntax unified
 577              		.thumb
 578              		.thumb_func
 579              		.fpu fpv4-sp-d16
 581              	HAL_GetREVID:
 582              	.LFB140:
 449:Drivers/STM32F4xx_HAL_Driver/Src/stm32f4xx_hal.c **** 
 450:Drivers/STM32F4xx_HAL_Driver/Src/stm32f4xx_hal.c **** /**
 451:Drivers/STM32F4xx_HAL_Driver/Src/stm32f4xx_hal.c ****   * @brief  Returns the device revision identifier.
 452:Drivers/STM32F4xx_HAL_Driver/Src/stm32f4xx_hal.c ****   * @retval Device revision identifier
 453:Drivers/STM32F4xx_HAL_Driver/Src/stm32f4xx_hal.c ****   */
 454:Drivers/STM32F4xx_HAL_Driver/Src/stm32f4xx_hal.c **** uint32_t HAL_GetREVID(void)
 455:Drivers/STM32F4xx_HAL_Driver/Src/stm32f4xx_hal.c **** {
 583              		.loc 1 455 1 is_stmt 1 view -0
 584              		.cfi_startproc
 585              		@ args = 0, pretend = 0, frame = 0
 586              		@ frame_needed = 0, uses_anonymous_args = 0
 587              		@ link register save eliminated.
 456:Drivers/STM32F4xx_HAL_Driver/Src/stm32f4xx_hal.c ****   return((DBGMCU->IDCODE) >> 16U);
 588              		.loc 1 456 3 view .LVU104
 589              		.loc 1 456 17 is_stmt 0 view .LVU105
 590 0000 014B     		ldr	r3, .L54
 591 0002 1868     		ldr	r0, [r3]
 457:Drivers/STM32F4xx_HAL_Driver/Src/stm32f4xx_hal.c **** }
 592              		.loc 1 457 1 view .LVU106
 593 0004 000C     		lsrs	r0, r0, #16
 594 0006 7047     		bx	lr
 595              	.L55:
 596              		.align	2
 597              	.L54:
 598 0008 002004E0 		.word	-536600576
 599              		.cfi_endproc
 600              	.LFE140:
 602              		.section	.text.HAL_GetDEVID,"ax",%progbits
 603              		.align	1
 604              		.global	HAL_GetDEVID
 605              		.syntax unified
 606              		.thumb
 607              		.thumb_func
 608              		.fpu fpv4-sp-d16
 610              	HAL_GetDEVID:
 611              	.LFB141:
 458:Drivers/STM32F4xx_HAL_Driver/Src/stm32f4xx_hal.c **** 
 459:Drivers/STM32F4xx_HAL_Driver/Src/stm32f4xx_hal.c **** /**
 460:Drivers/STM32F4xx_HAL_Driver/Src/stm32f4xx_hal.c ****   * @brief  Returns the device identifier.
 461:Drivers/STM32F4xx_HAL_Driver/Src/stm32f4xx_hal.c ****   * @retval Device identifier
 462:Drivers/STM32F4xx_HAL_Driver/Src/stm32f4xx_hal.c ****   */
 463:Drivers/STM32F4xx_HAL_Driver/Src/stm32f4xx_hal.c **** uint32_t HAL_GetDEVID(void)
 464:Drivers/STM32F4xx_HAL_Driver/Src/stm32f4xx_hal.c **** {
 612              		.loc 1 464 1 is_stmt 1 view -0
 613              		.cfi_startproc
ARM GAS  C:\Users\DARKSP~1\AppData\Local\Temp\ccGgT9vj.s 			page 20


 614              		@ args = 0, pretend = 0, frame = 0
 615              		@ frame_needed = 0, uses_anonymous_args = 0
 616              		@ link register save eliminated.
 465:Drivers/STM32F4xx_HAL_Driver/Src/stm32f4xx_hal.c ****   return((DBGMCU->IDCODE) & IDCODE_DEVID_MASK);
 617              		.loc 1 465 3 view .LVU108
 618              		.loc 1 465 17 is_stmt 0 view .LVU109
 619 0000 024B     		ldr	r3, .L57
 620 0002 1868     		ldr	r0, [r3]
 466:Drivers/STM32F4xx_HAL_Driver/Src/stm32f4xx_hal.c **** }
 621              		.loc 1 466 1 view .LVU110
 622 0004 C0F30B00 		ubfx	r0, r0, #0, #12
 623 0008 7047     		bx	lr
 624              	.L58:
 625 000a 00BF     		.align	2
 626              	.L57:
 627 000c 002004E0 		.word	-536600576
 628              		.cfi_endproc
 629              	.LFE141:
 631              		.section	.text.HAL_DBGMCU_EnableDBGSleepMode,"ax",%progbits
 632              		.align	1
 633              		.global	HAL_DBGMCU_EnableDBGSleepMode
 634              		.syntax unified
 635              		.thumb
 636              		.thumb_func
 637              		.fpu fpv4-sp-d16
 639              	HAL_DBGMCU_EnableDBGSleepMode:
 640              	.LFB142:
 467:Drivers/STM32F4xx_HAL_Driver/Src/stm32f4xx_hal.c **** 
 468:Drivers/STM32F4xx_HAL_Driver/Src/stm32f4xx_hal.c **** /**
 469:Drivers/STM32F4xx_HAL_Driver/Src/stm32f4xx_hal.c ****   * @brief  Enable the Debug Module during SLEEP mode
 470:Drivers/STM32F4xx_HAL_Driver/Src/stm32f4xx_hal.c ****   * @retval None
 471:Drivers/STM32F4xx_HAL_Driver/Src/stm32f4xx_hal.c ****   */
 472:Drivers/STM32F4xx_HAL_Driver/Src/stm32f4xx_hal.c **** void HAL_DBGMCU_EnableDBGSleepMode(void)
 473:Drivers/STM32F4xx_HAL_Driver/Src/stm32f4xx_hal.c **** {
 641              		.loc 1 473 1 is_stmt 1 view -0
 642              		.cfi_startproc
 643              		@ args = 0, pretend = 0, frame = 0
 644              		@ frame_needed = 0, uses_anonymous_args = 0
 645              		@ link register save eliminated.
 474:Drivers/STM32F4xx_HAL_Driver/Src/stm32f4xx_hal.c ****   SET_BIT(DBGMCU->CR, DBGMCU_CR_DBG_SLEEP);
 646              		.loc 1 474 3 view .LVU112
 647 0000 024A     		ldr	r2, .L60
 648 0002 5368     		ldr	r3, [r2, #4]
 649 0004 43F00103 		orr	r3, r3, #1
 650 0008 5360     		str	r3, [r2, #4]
 475:Drivers/STM32F4xx_HAL_Driver/Src/stm32f4xx_hal.c **** }
 651              		.loc 1 475 1 is_stmt 0 view .LVU113
 652 000a 7047     		bx	lr
 653              	.L61:
 654              		.align	2
 655              	.L60:
 656 000c 002004E0 		.word	-536600576
 657              		.cfi_endproc
 658              	.LFE142:
 660              		.section	.text.HAL_DBGMCU_DisableDBGSleepMode,"ax",%progbits
 661              		.align	1
 662              		.global	HAL_DBGMCU_DisableDBGSleepMode
ARM GAS  C:\Users\DARKSP~1\AppData\Local\Temp\ccGgT9vj.s 			page 21


 663              		.syntax unified
 664              		.thumb
 665              		.thumb_func
 666              		.fpu fpv4-sp-d16
 668              	HAL_DBGMCU_DisableDBGSleepMode:
 669              	.LFB143:
 476:Drivers/STM32F4xx_HAL_Driver/Src/stm32f4xx_hal.c **** 
 477:Drivers/STM32F4xx_HAL_Driver/Src/stm32f4xx_hal.c **** /**
 478:Drivers/STM32F4xx_HAL_Driver/Src/stm32f4xx_hal.c ****   * @brief  Disable the Debug Module during SLEEP mode
 479:Drivers/STM32F4xx_HAL_Driver/Src/stm32f4xx_hal.c ****   * @retval None
 480:Drivers/STM32F4xx_HAL_Driver/Src/stm32f4xx_hal.c ****   */
 481:Drivers/STM32F4xx_HAL_Driver/Src/stm32f4xx_hal.c **** void HAL_DBGMCU_DisableDBGSleepMode(void)
 482:Drivers/STM32F4xx_HAL_Driver/Src/stm32f4xx_hal.c **** {
 670              		.loc 1 482 1 is_stmt 1 view -0
 671              		.cfi_startproc
 672              		@ args = 0, pretend = 0, frame = 0
 673              		@ frame_needed = 0, uses_anonymous_args = 0
 674              		@ link register save eliminated.
 483:Drivers/STM32F4xx_HAL_Driver/Src/stm32f4xx_hal.c ****   CLEAR_BIT(DBGMCU->CR, DBGMCU_CR_DBG_SLEEP);
 675              		.loc 1 483 3 view .LVU115
 676 0000 024A     		ldr	r2, .L63
 677 0002 5368     		ldr	r3, [r2, #4]
 678 0004 23F00103 		bic	r3, r3, #1
 679 0008 5360     		str	r3, [r2, #4]
 484:Drivers/STM32F4xx_HAL_Driver/Src/stm32f4xx_hal.c **** }
 680              		.loc 1 484 1 is_stmt 0 view .LVU116
 681 000a 7047     		bx	lr
 682              	.L64:
 683              		.align	2
 684              	.L63:
 685 000c 002004E0 		.word	-536600576
 686              		.cfi_endproc
 687              	.LFE143:
 689              		.section	.text.HAL_DBGMCU_EnableDBGStopMode,"ax",%progbits
 690              		.align	1
 691              		.global	HAL_DBGMCU_EnableDBGStopMode
 692              		.syntax unified
 693              		.thumb
 694              		.thumb_func
 695              		.fpu fpv4-sp-d16
 697              	HAL_DBGMCU_EnableDBGStopMode:
 698              	.LFB144:
 485:Drivers/STM32F4xx_HAL_Driver/Src/stm32f4xx_hal.c **** 
 486:Drivers/STM32F4xx_HAL_Driver/Src/stm32f4xx_hal.c **** /**
 487:Drivers/STM32F4xx_HAL_Driver/Src/stm32f4xx_hal.c ****   * @brief  Enable the Debug Module during STOP mode
 488:Drivers/STM32F4xx_HAL_Driver/Src/stm32f4xx_hal.c ****   * @retval None
 489:Drivers/STM32F4xx_HAL_Driver/Src/stm32f4xx_hal.c ****   */
 490:Drivers/STM32F4xx_HAL_Driver/Src/stm32f4xx_hal.c **** void HAL_DBGMCU_EnableDBGStopMode(void)
 491:Drivers/STM32F4xx_HAL_Driver/Src/stm32f4xx_hal.c **** {
 699              		.loc 1 491 1 is_stmt 1 view -0
 700              		.cfi_startproc
 701              		@ args = 0, pretend = 0, frame = 0
 702              		@ frame_needed = 0, uses_anonymous_args = 0
 703              		@ link register save eliminated.
 492:Drivers/STM32F4xx_HAL_Driver/Src/stm32f4xx_hal.c ****   SET_BIT(DBGMCU->CR, DBGMCU_CR_DBG_STOP);
 704              		.loc 1 492 3 view .LVU118
 705 0000 024A     		ldr	r2, .L66
ARM GAS  C:\Users\DARKSP~1\AppData\Local\Temp\ccGgT9vj.s 			page 22


 706 0002 5368     		ldr	r3, [r2, #4]
 707 0004 43F00203 		orr	r3, r3, #2
 708 0008 5360     		str	r3, [r2, #4]
 493:Drivers/STM32F4xx_HAL_Driver/Src/stm32f4xx_hal.c **** }
 709              		.loc 1 493 1 is_stmt 0 view .LVU119
 710 000a 7047     		bx	lr
 711              	.L67:
 712              		.align	2
 713              	.L66:
 714 000c 002004E0 		.word	-536600576
 715              		.cfi_endproc
 716              	.LFE144:
 718              		.section	.text.HAL_DBGMCU_DisableDBGStopMode,"ax",%progbits
 719              		.align	1
 720              		.global	HAL_DBGMCU_DisableDBGStopMode
 721              		.syntax unified
 722              		.thumb
 723              		.thumb_func
 724              		.fpu fpv4-sp-d16
 726              	HAL_DBGMCU_DisableDBGStopMode:
 727              	.LFB145:
 494:Drivers/STM32F4xx_HAL_Driver/Src/stm32f4xx_hal.c **** 
 495:Drivers/STM32F4xx_HAL_Driver/Src/stm32f4xx_hal.c **** /**
 496:Drivers/STM32F4xx_HAL_Driver/Src/stm32f4xx_hal.c ****   * @brief  Disable the Debug Module during STOP mode
 497:Drivers/STM32F4xx_HAL_Driver/Src/stm32f4xx_hal.c ****   * @retval None
 498:Drivers/STM32F4xx_HAL_Driver/Src/stm32f4xx_hal.c ****   */
 499:Drivers/STM32F4xx_HAL_Driver/Src/stm32f4xx_hal.c **** void HAL_DBGMCU_DisableDBGStopMode(void)
 500:Drivers/STM32F4xx_HAL_Driver/Src/stm32f4xx_hal.c **** {
 728              		.loc 1 500 1 is_stmt 1 view -0
 729              		.cfi_startproc
 730              		@ args = 0, pretend = 0, frame = 0
 731              		@ frame_needed = 0, uses_anonymous_args = 0
 732              		@ link register save eliminated.
 501:Drivers/STM32F4xx_HAL_Driver/Src/stm32f4xx_hal.c ****   CLEAR_BIT(DBGMCU->CR, DBGMCU_CR_DBG_STOP);
 733              		.loc 1 501 3 view .LVU121
 734 0000 024A     		ldr	r2, .L69
 735 0002 5368     		ldr	r3, [r2, #4]
 736 0004 23F00203 		bic	r3, r3, #2
 737 0008 5360     		str	r3, [r2, #4]
 502:Drivers/STM32F4xx_HAL_Driver/Src/stm32f4xx_hal.c **** }
 738              		.loc 1 502 1 is_stmt 0 view .LVU122
 739 000a 7047     		bx	lr
 740              	.L70:
 741              		.align	2
 742              	.L69:
 743 000c 002004E0 		.word	-536600576
 744              		.cfi_endproc
 745              	.LFE145:
 747              		.section	.text.HAL_DBGMCU_EnableDBGStandbyMode,"ax",%progbits
 748              		.align	1
 749              		.global	HAL_DBGMCU_EnableDBGStandbyMode
 750              		.syntax unified
 751              		.thumb
 752              		.thumb_func
 753              		.fpu fpv4-sp-d16
 755              	HAL_DBGMCU_EnableDBGStandbyMode:
 756              	.LFB146:
ARM GAS  C:\Users\DARKSP~1\AppData\Local\Temp\ccGgT9vj.s 			page 23


 503:Drivers/STM32F4xx_HAL_Driver/Src/stm32f4xx_hal.c **** 
 504:Drivers/STM32F4xx_HAL_Driver/Src/stm32f4xx_hal.c **** /**
 505:Drivers/STM32F4xx_HAL_Driver/Src/stm32f4xx_hal.c ****   * @brief  Enable the Debug Module during STANDBY mode
 506:Drivers/STM32F4xx_HAL_Driver/Src/stm32f4xx_hal.c ****   * @retval None
 507:Drivers/STM32F4xx_HAL_Driver/Src/stm32f4xx_hal.c ****   */
 508:Drivers/STM32F4xx_HAL_Driver/Src/stm32f4xx_hal.c **** void HAL_DBGMCU_EnableDBGStandbyMode(void)
 509:Drivers/STM32F4xx_HAL_Driver/Src/stm32f4xx_hal.c **** {
 757              		.loc 1 509 1 is_stmt 1 view -0
 758              		.cfi_startproc
 759              		@ args = 0, pretend = 0, frame = 0
 760              		@ frame_needed = 0, uses_anonymous_args = 0
 761              		@ link register save eliminated.
 510:Drivers/STM32F4xx_HAL_Driver/Src/stm32f4xx_hal.c ****   SET_BIT(DBGMCU->CR, DBGMCU_CR_DBG_STANDBY);
 762              		.loc 1 510 3 view .LVU124
 763 0000 024A     		ldr	r2, .L72
 764 0002 5368     		ldr	r3, [r2, #4]
 765 0004 43F00403 		orr	r3, r3, #4
 766 0008 5360     		str	r3, [r2, #4]
 511:Drivers/STM32F4xx_HAL_Driver/Src/stm32f4xx_hal.c **** }
 767              		.loc 1 511 1 is_stmt 0 view .LVU125
 768 000a 7047     		bx	lr
 769              	.L73:
 770              		.align	2
 771              	.L72:
 772 000c 002004E0 		.word	-536600576
 773              		.cfi_endproc
 774              	.LFE146:
 776              		.section	.text.HAL_DBGMCU_DisableDBGStandbyMode,"ax",%progbits
 777              		.align	1
 778              		.global	HAL_DBGMCU_DisableDBGStandbyMode
 779              		.syntax unified
 780              		.thumb
 781              		.thumb_func
 782              		.fpu fpv4-sp-d16
 784              	HAL_DBGMCU_DisableDBGStandbyMode:
 785              	.LFB147:
 512:Drivers/STM32F4xx_HAL_Driver/Src/stm32f4xx_hal.c **** 
 513:Drivers/STM32F4xx_HAL_Driver/Src/stm32f4xx_hal.c **** /**
 514:Drivers/STM32F4xx_HAL_Driver/Src/stm32f4xx_hal.c ****   * @brief  Disable the Debug Module during STANDBY mode
 515:Drivers/STM32F4xx_HAL_Driver/Src/stm32f4xx_hal.c ****   * @retval None
 516:Drivers/STM32F4xx_HAL_Driver/Src/stm32f4xx_hal.c ****   */
 517:Drivers/STM32F4xx_HAL_Driver/Src/stm32f4xx_hal.c **** void HAL_DBGMCU_DisableDBGStandbyMode(void)
 518:Drivers/STM32F4xx_HAL_Driver/Src/stm32f4xx_hal.c **** {
 786              		.loc 1 518 1 is_stmt 1 view -0
 787              		.cfi_startproc
 788              		@ args = 0, pretend = 0, frame = 0
 789              		@ frame_needed = 0, uses_anonymous_args = 0
 790              		@ link register save eliminated.
 519:Drivers/STM32F4xx_HAL_Driver/Src/stm32f4xx_hal.c ****   CLEAR_BIT(DBGMCU->CR, DBGMCU_CR_DBG_STANDBY);
 791              		.loc 1 519 3 view .LVU127
 792 0000 024A     		ldr	r2, .L75
 793 0002 5368     		ldr	r3, [r2, #4]
 794 0004 23F00403 		bic	r3, r3, #4
 795 0008 5360     		str	r3, [r2, #4]
 520:Drivers/STM32F4xx_HAL_Driver/Src/stm32f4xx_hal.c **** }
 796              		.loc 1 520 1 is_stmt 0 view .LVU128
 797 000a 7047     		bx	lr
ARM GAS  C:\Users\DARKSP~1\AppData\Local\Temp\ccGgT9vj.s 			page 24


 798              	.L76:
 799              		.align	2
 800              	.L75:
 801 000c 002004E0 		.word	-536600576
 802              		.cfi_endproc
 803              	.LFE147:
 805              		.section	.text.HAL_EnableCompensationCell,"ax",%progbits
 806              		.align	1
 807              		.global	HAL_EnableCompensationCell
 808              		.syntax unified
 809              		.thumb
 810              		.thumb_func
 811              		.fpu fpv4-sp-d16
 813              	HAL_EnableCompensationCell:
 814              	.LFB148:
 521:Drivers/STM32F4xx_HAL_Driver/Src/stm32f4xx_hal.c **** 
 522:Drivers/STM32F4xx_HAL_Driver/Src/stm32f4xx_hal.c **** /**
 523:Drivers/STM32F4xx_HAL_Driver/Src/stm32f4xx_hal.c ****   * @brief  Enables the I/O Compensation Cell.
 524:Drivers/STM32F4xx_HAL_Driver/Src/stm32f4xx_hal.c ****   * @note   The I/O compensation cell can be used only when the device supply
 525:Drivers/STM32F4xx_HAL_Driver/Src/stm32f4xx_hal.c ****   *         voltage ranges from 2.4 to 3.6 V.  
 526:Drivers/STM32F4xx_HAL_Driver/Src/stm32f4xx_hal.c ****   * @retval None
 527:Drivers/STM32F4xx_HAL_Driver/Src/stm32f4xx_hal.c ****   */
 528:Drivers/STM32F4xx_HAL_Driver/Src/stm32f4xx_hal.c **** void HAL_EnableCompensationCell(void)
 529:Drivers/STM32F4xx_HAL_Driver/Src/stm32f4xx_hal.c **** {
 815              		.loc 1 529 1 is_stmt 1 view -0
 816              		.cfi_startproc
 817              		@ args = 0, pretend = 0, frame = 0
 818              		@ frame_needed = 0, uses_anonymous_args = 0
 819              		@ link register save eliminated.
 530:Drivers/STM32F4xx_HAL_Driver/Src/stm32f4xx_hal.c ****   *(__IO uint32_t *)CMPCR_CMP_PD_BB = (uint32_t)ENABLE;
 820              		.loc 1 530 3 view .LVU130
 821              		.loc 1 530 37 is_stmt 0 view .LVU131
 822 0000 014B     		ldr	r3, .L78
 823 0002 0122     		movs	r2, #1
 824 0004 1A60     		str	r2, [r3]
 531:Drivers/STM32F4xx_HAL_Driver/Src/stm32f4xx_hal.c **** }
 825              		.loc 1 531 1 view .LVU132
 826 0006 7047     		bx	lr
 827              	.L79:
 828              		.align	2
 829              	.L78:
 830 0008 00042742 		.word	1109853184
 831              		.cfi_endproc
 832              	.LFE148:
 834              		.section	.text.HAL_DisableCompensationCell,"ax",%progbits
 835              		.align	1
 836              		.global	HAL_DisableCompensationCell
 837              		.syntax unified
 838              		.thumb
 839              		.thumb_func
 840              		.fpu fpv4-sp-d16
 842              	HAL_DisableCompensationCell:
 843              	.LFB149:
 532:Drivers/STM32F4xx_HAL_Driver/Src/stm32f4xx_hal.c **** 
 533:Drivers/STM32F4xx_HAL_Driver/Src/stm32f4xx_hal.c **** /**
 534:Drivers/STM32F4xx_HAL_Driver/Src/stm32f4xx_hal.c ****   * @brief  Power-down the I/O Compensation Cell.
 535:Drivers/STM32F4xx_HAL_Driver/Src/stm32f4xx_hal.c ****   * @note   The I/O compensation cell can be used only when the device supply
ARM GAS  C:\Users\DARKSP~1\AppData\Local\Temp\ccGgT9vj.s 			page 25


 536:Drivers/STM32F4xx_HAL_Driver/Src/stm32f4xx_hal.c ****   *         voltage ranges from 2.4 to 3.6 V.  
 537:Drivers/STM32F4xx_HAL_Driver/Src/stm32f4xx_hal.c ****   * @retval None
 538:Drivers/STM32F4xx_HAL_Driver/Src/stm32f4xx_hal.c ****   */
 539:Drivers/STM32F4xx_HAL_Driver/Src/stm32f4xx_hal.c **** void HAL_DisableCompensationCell(void)
 540:Drivers/STM32F4xx_HAL_Driver/Src/stm32f4xx_hal.c **** {
 844              		.loc 1 540 1 is_stmt 1 view -0
 845              		.cfi_startproc
 846              		@ args = 0, pretend = 0, frame = 0
 847              		@ frame_needed = 0, uses_anonymous_args = 0
 848              		@ link register save eliminated.
 541:Drivers/STM32F4xx_HAL_Driver/Src/stm32f4xx_hal.c ****   *(__IO uint32_t *)CMPCR_CMP_PD_BB = (uint32_t)DISABLE;
 849              		.loc 1 541 3 view .LVU134
 850              		.loc 1 541 37 is_stmt 0 view .LVU135
 851 0000 014B     		ldr	r3, .L81
 852 0002 0022     		movs	r2, #0
 853 0004 1A60     		str	r2, [r3]
 542:Drivers/STM32F4xx_HAL_Driver/Src/stm32f4xx_hal.c **** }
 854              		.loc 1 542 1 view .LVU136
 855 0006 7047     		bx	lr
 856              	.L82:
 857              		.align	2
 858              	.L81:
 859 0008 00042742 		.word	1109853184
 860              		.cfi_endproc
 861              	.LFE149:
 863              		.section	.text.HAL_GetUID,"ax",%progbits
 864              		.align	1
 865              		.global	HAL_GetUID
 866              		.syntax unified
 867              		.thumb
 868              		.thumb_func
 869              		.fpu fpv4-sp-d16
 871              	HAL_GetUID:
 872              	.LVL21:
 873              	.LFB150:
 543:Drivers/STM32F4xx_HAL_Driver/Src/stm32f4xx_hal.c **** 
 544:Drivers/STM32F4xx_HAL_Driver/Src/stm32f4xx_hal.c **** /**
 545:Drivers/STM32F4xx_HAL_Driver/Src/stm32f4xx_hal.c ****   * @brief Return the unique device identifier (UID based on 96 bits)
 546:Drivers/STM32F4xx_HAL_Driver/Src/stm32f4xx_hal.c ****   * @param UID pointer to 3 words array.
 547:Drivers/STM32F4xx_HAL_Driver/Src/stm32f4xx_hal.c ****   * @retval Device identifier
 548:Drivers/STM32F4xx_HAL_Driver/Src/stm32f4xx_hal.c ****   */
 549:Drivers/STM32F4xx_HAL_Driver/Src/stm32f4xx_hal.c **** void HAL_GetUID(uint32_t *UID)
 550:Drivers/STM32F4xx_HAL_Driver/Src/stm32f4xx_hal.c **** {
 874              		.loc 1 550 1 is_stmt 1 view -0
 875              		.cfi_startproc
 876              		@ args = 0, pretend = 0, frame = 0
 877              		@ frame_needed = 0, uses_anonymous_args = 0
 878              		@ link register save eliminated.
 551:Drivers/STM32F4xx_HAL_Driver/Src/stm32f4xx_hal.c ****   UID[0] = (uint32_t)(READ_REG(*((uint32_t *)UID_BASE)));
 879              		.loc 1 551 3 view .LVU138
 880              		.loc 1 551 12 is_stmt 0 view .LVU139
 881 0000 044B     		ldr	r3, .L84
 882 0002 1B68     		ldr	r3, [r3]
 883              		.loc 1 551 10 view .LVU140
 884 0004 0360     		str	r3, [r0]
 552:Drivers/STM32F4xx_HAL_Driver/Src/stm32f4xx_hal.c ****   UID[1] = (uint32_t)(READ_REG(*((uint32_t *)(UID_BASE + 4U))));
 885              		.loc 1 552 3 is_stmt 1 view .LVU141
ARM GAS  C:\Users\DARKSP~1\AppData\Local\Temp\ccGgT9vj.s 			page 26


 886              		.loc 1 552 12 is_stmt 0 view .LVU142
 887 0006 044B     		ldr	r3, .L84+4
 888 0008 1B68     		ldr	r3, [r3]
 889              		.loc 1 552 10 view .LVU143
 890 000a 4360     		str	r3, [r0, #4]
 553:Drivers/STM32F4xx_HAL_Driver/Src/stm32f4xx_hal.c ****   UID[2] = (uint32_t)(READ_REG(*((uint32_t *)(UID_BASE + 8U))));
 891              		.loc 1 553 3 is_stmt 1 view .LVU144
 892              		.loc 1 553 12 is_stmt 0 view .LVU145
 893 000c 034B     		ldr	r3, .L84+8
 894 000e 1B68     		ldr	r3, [r3]
 895              		.loc 1 553 10 view .LVU146
 896 0010 8360     		str	r3, [r0, #8]
 554:Drivers/STM32F4xx_HAL_Driver/Src/stm32f4xx_hal.c **** }
 897              		.loc 1 554 1 view .LVU147
 898 0012 7047     		bx	lr
 899              	.L85:
 900              		.align	2
 901              	.L84:
 902 0014 107AFF1F 		.word	536836624
 903 0018 147AFF1F 		.word	536836628
 904 001c 187AFF1F 		.word	536836632
 905              		.cfi_endproc
 906              	.LFE150:
 908              		.global	uwTickFreq
 909              		.global	uwTickPrio
 910              		.comm	uwTick,4,4
 911              		.section	.data.uwTickFreq,"aw"
 912              		.set	.LANCHOR0,. + 0
 915              	uwTickFreq:
 916 0000 01       		.byte	1
 917              		.section	.data.uwTickPrio,"aw"
 918              		.align	2
 919              		.set	.LANCHOR1,. + 0
 922              	uwTickPrio:
 923 0000 10000000 		.word	16
 924              		.text
 925              	.Letext0:
 926              		.file 2 "c:\\program files (x86)\\gnu tools arm embedded\\8 2019-q3-update\\arm-none-eabi\\include
 927              		.file 3 "c:\\program files (x86)\\gnu tools arm embedded\\8 2019-q3-update\\arm-none-eabi\\include
 928              		.file 4 "Drivers/CMSIS/Include/core_cm4.h"
 929              		.file 5 "Drivers/CMSIS/Device/ST/STM32F4xx/Include/system_stm32f4xx.h"
 930              		.file 6 "Drivers/CMSIS/Device/ST/STM32F4xx/Include/stm32f407xx.h"
 931              		.file 7 "Drivers/CMSIS/Device/ST/STM32F4xx/Include/stm32f4xx.h"
 932              		.file 8 "c:\\program files (x86)\\gnu tools arm embedded\\8 2019-q3-update\\lib\\gcc\\arm-none-eab
 933              		.file 9 "c:\\program files (x86)\\gnu tools arm embedded\\8 2019-q3-update\\arm-none-eabi\\include
 934              		.file 10 "c:\\program files (x86)\\gnu tools arm embedded\\8 2019-q3-update\\arm-none-eabi\\includ
 935              		.file 11 "c:\\program files (x86)\\gnu tools arm embedded\\8 2019-q3-update\\arm-none-eabi\\includ
 936              		.file 12 "Drivers/STM32F4xx_HAL_Driver/Inc/stm32f4xx_hal_def.h"
 937              		.file 13 "Drivers/STM32F4xx_HAL_Driver/Inc/stm32f4xx_hal.h"
 938              		.file 14 "Drivers/STM32F4xx_HAL_Driver/Inc/stm32f4xx_hal_cortex.h"
ARM GAS  C:\Users\DARKSP~1\AppData\Local\Temp\ccGgT9vj.s 			page 27


DEFINED SYMBOLS
                            *ABS*:00000000 stm32f4xx_hal.c
C:\Users\DARKSP~1\AppData\Local\Temp\ccGgT9vj.s:18     .text.HAL_MspInit:00000000 $t
C:\Users\DARKSP~1\AppData\Local\Temp\ccGgT9vj.s:26     .text.HAL_MspInit:00000000 HAL_MspInit
C:\Users\DARKSP~1\AppData\Local\Temp\ccGgT9vj.s:40     .text.HAL_MspDeInit:00000000 $t
C:\Users\DARKSP~1\AppData\Local\Temp\ccGgT9vj.s:47     .text.HAL_MspDeInit:00000000 HAL_MspDeInit
C:\Users\DARKSP~1\AppData\Local\Temp\ccGgT9vj.s:60     .text.HAL_DeInit:00000000 $t
C:\Users\DARKSP~1\AppData\Local\Temp\ccGgT9vj.s:67     .text.HAL_DeInit:00000000 HAL_DeInit
C:\Users\DARKSP~1\AppData\Local\Temp\ccGgT9vj.s:111    .text.HAL_DeInit:00000028 $d
C:\Users\DARKSP~1\AppData\Local\Temp\ccGgT9vj.s:116    .text.HAL_InitTick:00000000 $t
C:\Users\DARKSP~1\AppData\Local\Temp\ccGgT9vj.s:123    .text.HAL_InitTick:00000000 HAL_InitTick
C:\Users\DARKSP~1\AppData\Local\Temp\ccGgT9vj.s:186    .text.HAL_InitTick:00000040 $d
C:\Users\DARKSP~1\AppData\Local\Temp\ccGgT9vj.s:193    .text.HAL_Init:00000000 $t
C:\Users\DARKSP~1\AppData\Local\Temp\ccGgT9vj.s:200    .text.HAL_Init:00000000 HAL_Init
C:\Users\DARKSP~1\AppData\Local\Temp\ccGgT9vj.s:242    .text.HAL_Init:00000030 $d
C:\Users\DARKSP~1\AppData\Local\Temp\ccGgT9vj.s:247    .text.HAL_IncTick:00000000 $t
C:\Users\DARKSP~1\AppData\Local\Temp\ccGgT9vj.s:254    .text.HAL_IncTick:00000000 HAL_IncTick
C:\Users\DARKSP~1\AppData\Local\Temp\ccGgT9vj.s:274    .text.HAL_IncTick:00000010 $d
                            *COM*:00000004 uwTick
C:\Users\DARKSP~1\AppData\Local\Temp\ccGgT9vj.s:280    .text.HAL_GetTick:00000000 $t
C:\Users\DARKSP~1\AppData\Local\Temp\ccGgT9vj.s:287    .text.HAL_GetTick:00000000 HAL_GetTick
C:\Users\DARKSP~1\AppData\Local\Temp\ccGgT9vj.s:303    .text.HAL_GetTick:00000008 $d
C:\Users\DARKSP~1\AppData\Local\Temp\ccGgT9vj.s:308    .text.HAL_GetTickPrio:00000000 $t
C:\Users\DARKSP~1\AppData\Local\Temp\ccGgT9vj.s:315    .text.HAL_GetTickPrio:00000000 HAL_GetTickPrio
C:\Users\DARKSP~1\AppData\Local\Temp\ccGgT9vj.s:330    .text.HAL_GetTickPrio:00000008 $d
C:\Users\DARKSP~1\AppData\Local\Temp\ccGgT9vj.s:335    .text.HAL_SetTickFreq:00000000 $t
C:\Users\DARKSP~1\AppData\Local\Temp\ccGgT9vj.s:342    .text.HAL_SetTickFreq:00000000 HAL_SetTickFreq
C:\Users\DARKSP~1\AppData\Local\Temp\ccGgT9vj.s:391    .text.HAL_SetTickFreq:0000001c $d
C:\Users\DARKSP~1\AppData\Local\Temp\ccGgT9vj.s:397    .text.HAL_GetTickFreq:00000000 $t
C:\Users\DARKSP~1\AppData\Local\Temp\ccGgT9vj.s:404    .text.HAL_GetTickFreq:00000000 HAL_GetTickFreq
C:\Users\DARKSP~1\AppData\Local\Temp\ccGgT9vj.s:419    .text.HAL_GetTickFreq:00000008 $d
C:\Users\DARKSP~1\AppData\Local\Temp\ccGgT9vj.s:424    .text.HAL_Delay:00000000 $t
C:\Users\DARKSP~1\AppData\Local\Temp\ccGgT9vj.s:431    .text.HAL_Delay:00000000 HAL_Delay
C:\Users\DARKSP~1\AppData\Local\Temp\ccGgT9vj.s:483    .text.HAL_Delay:00000024 $d
C:\Users\DARKSP~1\AppData\Local\Temp\ccGgT9vj.s:488    .text.HAL_SuspendTick:00000000 $t
C:\Users\DARKSP~1\AppData\Local\Temp\ccGgT9vj.s:495    .text.HAL_SuspendTick:00000000 HAL_SuspendTick
C:\Users\DARKSP~1\AppData\Local\Temp\ccGgT9vj.s:513    .text.HAL_SuspendTick:0000000c $d
C:\Users\DARKSP~1\AppData\Local\Temp\ccGgT9vj.s:518    .text.HAL_ResumeTick:00000000 $t
C:\Users\DARKSP~1\AppData\Local\Temp\ccGgT9vj.s:525    .text.HAL_ResumeTick:00000000 HAL_ResumeTick
C:\Users\DARKSP~1\AppData\Local\Temp\ccGgT9vj.s:543    .text.HAL_ResumeTick:0000000c $d
C:\Users\DARKSP~1\AppData\Local\Temp\ccGgT9vj.s:548    .text.HAL_GetHalVersion:00000000 $t
C:\Users\DARKSP~1\AppData\Local\Temp\ccGgT9vj.s:555    .text.HAL_GetHalVersion:00000000 HAL_GetHalVersion
C:\Users\DARKSP~1\AppData\Local\Temp\ccGgT9vj.s:569    .text.HAL_GetHalVersion:00000004 $d
C:\Users\DARKSP~1\AppData\Local\Temp\ccGgT9vj.s:574    .text.HAL_GetREVID:00000000 $t
C:\Users\DARKSP~1\AppData\Local\Temp\ccGgT9vj.s:581    .text.HAL_GetREVID:00000000 HAL_GetREVID
C:\Users\DARKSP~1\AppData\Local\Temp\ccGgT9vj.s:598    .text.HAL_GetREVID:00000008 $d
C:\Users\DARKSP~1\AppData\Local\Temp\ccGgT9vj.s:603    .text.HAL_GetDEVID:00000000 $t
C:\Users\DARKSP~1\AppData\Local\Temp\ccGgT9vj.s:610    .text.HAL_GetDEVID:00000000 HAL_GetDEVID
C:\Users\DARKSP~1\AppData\Local\Temp\ccGgT9vj.s:627    .text.HAL_GetDEVID:0000000c $d
C:\Users\DARKSP~1\AppData\Local\Temp\ccGgT9vj.s:632    .text.HAL_DBGMCU_EnableDBGSleepMode:00000000 $t
C:\Users\DARKSP~1\AppData\Local\Temp\ccGgT9vj.s:639    .text.HAL_DBGMCU_EnableDBGSleepMode:00000000 HAL_DBGMCU_EnableDBGSleepMode
C:\Users\DARKSP~1\AppData\Local\Temp\ccGgT9vj.s:656    .text.HAL_DBGMCU_EnableDBGSleepMode:0000000c $d
C:\Users\DARKSP~1\AppData\Local\Temp\ccGgT9vj.s:661    .text.HAL_DBGMCU_DisableDBGSleepMode:00000000 $t
C:\Users\DARKSP~1\AppData\Local\Temp\ccGgT9vj.s:668    .text.HAL_DBGMCU_DisableDBGSleepMode:00000000 HAL_DBGMCU_DisableDBGSleepMode
C:\Users\DARKSP~1\AppData\Local\Temp\ccGgT9vj.s:685    .text.HAL_DBGMCU_DisableDBGSleepMode:0000000c $d
C:\Users\DARKSP~1\AppData\Local\Temp\ccGgT9vj.s:690    .text.HAL_DBGMCU_EnableDBGStopMode:00000000 $t
C:\Users\DARKSP~1\AppData\Local\Temp\ccGgT9vj.s:697    .text.HAL_DBGMCU_EnableDBGStopMode:00000000 HAL_DBGMCU_EnableDBGStopMode
ARM GAS  C:\Users\DARKSP~1\AppData\Local\Temp\ccGgT9vj.s 			page 28


C:\Users\DARKSP~1\AppData\Local\Temp\ccGgT9vj.s:714    .text.HAL_DBGMCU_EnableDBGStopMode:0000000c $d
C:\Users\DARKSP~1\AppData\Local\Temp\ccGgT9vj.s:719    .text.HAL_DBGMCU_DisableDBGStopMode:00000000 $t
C:\Users\DARKSP~1\AppData\Local\Temp\ccGgT9vj.s:726    .text.HAL_DBGMCU_DisableDBGStopMode:00000000 HAL_DBGMCU_DisableDBGStopMode
C:\Users\DARKSP~1\AppData\Local\Temp\ccGgT9vj.s:743    .text.HAL_DBGMCU_DisableDBGStopMode:0000000c $d
C:\Users\DARKSP~1\AppData\Local\Temp\ccGgT9vj.s:748    .text.HAL_DBGMCU_EnableDBGStandbyMode:00000000 $t
C:\Users\DARKSP~1\AppData\Local\Temp\ccGgT9vj.s:755    .text.HAL_DBGMCU_EnableDBGStandbyMode:00000000 HAL_DBGMCU_EnableDBGStandbyMode
C:\Users\DARKSP~1\AppData\Local\Temp\ccGgT9vj.s:772    .text.HAL_DBGMCU_EnableDBGStandbyMode:0000000c $d
C:\Users\DARKSP~1\AppData\Local\Temp\ccGgT9vj.s:777    .text.HAL_DBGMCU_DisableDBGStandbyMode:00000000 $t
C:\Users\DARKSP~1\AppData\Local\Temp\ccGgT9vj.s:784    .text.HAL_DBGMCU_DisableDBGStandbyMode:00000000 HAL_DBGMCU_DisableDBGStandbyMode
C:\Users\DARKSP~1\AppData\Local\Temp\ccGgT9vj.s:801    .text.HAL_DBGMCU_DisableDBGStandbyMode:0000000c $d
C:\Users\DARKSP~1\AppData\Local\Temp\ccGgT9vj.s:806    .text.HAL_EnableCompensationCell:00000000 $t
C:\Users\DARKSP~1\AppData\Local\Temp\ccGgT9vj.s:813    .text.HAL_EnableCompensationCell:00000000 HAL_EnableCompensationCell
C:\Users\DARKSP~1\AppData\Local\Temp\ccGgT9vj.s:830    .text.HAL_EnableCompensationCell:00000008 $d
C:\Users\DARKSP~1\AppData\Local\Temp\ccGgT9vj.s:835    .text.HAL_DisableCompensationCell:00000000 $t
C:\Users\DARKSP~1\AppData\Local\Temp\ccGgT9vj.s:842    .text.HAL_DisableCompensationCell:00000000 HAL_DisableCompensationCell
C:\Users\DARKSP~1\AppData\Local\Temp\ccGgT9vj.s:859    .text.HAL_DisableCompensationCell:00000008 $d
C:\Users\DARKSP~1\AppData\Local\Temp\ccGgT9vj.s:864    .text.HAL_GetUID:00000000 $t
C:\Users\DARKSP~1\AppData\Local\Temp\ccGgT9vj.s:871    .text.HAL_GetUID:00000000 HAL_GetUID
C:\Users\DARKSP~1\AppData\Local\Temp\ccGgT9vj.s:902    .text.HAL_GetUID:00000014 $d
C:\Users\DARKSP~1\AppData\Local\Temp\ccGgT9vj.s:915    .data.uwTickFreq:00000000 uwTickFreq
C:\Users\DARKSP~1\AppData\Local\Temp\ccGgT9vj.s:922    .data.uwTickPrio:00000000 uwTickPrio
C:\Users\DARKSP~1\AppData\Local\Temp\ccGgT9vj.s:918    .data.uwTickPrio:00000000 $d

UNDEFINED SYMBOLS
HAL_SYSTICK_Config
HAL_NVIC_SetPriority
SystemCoreClock
HAL_NVIC_SetPriorityGrouping
