ARM GAS  C:\Users\DARKSP~1\AppData\Local\Temp\cc0NeNyn.s 			page 1


   1              		.cpu cortex-m4
   2              		.eabi_attribute 27, 1
   3              		.eabi_attribute 28, 1
   4              		.eabi_attribute 20, 1
   5              		.eabi_attribute 21, 1
   6              		.eabi_attribute 23, 3
   7              		.eabi_attribute 24, 1
   8              		.eabi_attribute 25, 1
   9              		.eabi_attribute 26, 1
  10              		.eabi_attribute 30, 1
  11              		.eabi_attribute 34, 1
  12              		.eabi_attribute 18, 4
  13              		.file	"stm32f4xx_hal_timebase_TIM.c"
  14              		.text
  15              	.Ltext0:
  16              		.cfi_sections	.debug_frame
  17              		.section	.text.HAL_InitTick,"ax",%progbits
  18              		.align	1
  19              		.global	HAL_InitTick
  20              		.arch armv7e-m
  21              		.syntax unified
  22              		.thumb
  23              		.thumb_func
  24              		.fpu fpv4-sp-d16
  26              	HAL_InitTick:
  27              	.LVL0:
  28              	.LFB126:
  29              		.file 1 "Src/stm32f4xx_hal_timebase_TIM.c"
   1:Src/stm32f4xx_hal_timebase_TIM.c **** /**
   2:Src/stm32f4xx_hal_timebase_TIM.c ****   ******************************************************************************
   3:Src/stm32f4xx_hal_timebase_TIM.c ****   * @file    stm32f4xx_hal_timebase_TIM.c 
   4:Src/stm32f4xx_hal_timebase_TIM.c ****   * @brief   HAL time base based on the hardware TIM.
   5:Src/stm32f4xx_hal_timebase_TIM.c ****   ******************************************************************************
   6:Src/stm32f4xx_hal_timebase_TIM.c ****   ** This notice applies to any and all portions of this file
   7:Src/stm32f4xx_hal_timebase_TIM.c ****   * that are not between comment pairs USER CODE BEGIN and
   8:Src/stm32f4xx_hal_timebase_TIM.c ****   * USER CODE END. Other portions of this file, whether 
   9:Src/stm32f4xx_hal_timebase_TIM.c ****   * inserted by the user or by software development tools
  10:Src/stm32f4xx_hal_timebase_TIM.c ****   * are owned by their respective copyright owners.
  11:Src/stm32f4xx_hal_timebase_TIM.c ****   *
  12:Src/stm32f4xx_hal_timebase_TIM.c ****   * COPYRIGHT(c) 2019 STMicroelectronics
  13:Src/stm32f4xx_hal_timebase_TIM.c ****   *
  14:Src/stm32f4xx_hal_timebase_TIM.c ****   * Redistribution and use in source and binary forms, with or without modification,
  15:Src/stm32f4xx_hal_timebase_TIM.c ****   * are permitted provided that the following conditions are met:
  16:Src/stm32f4xx_hal_timebase_TIM.c ****   *   1. Redistributions of source code must retain the above copyright notice,
  17:Src/stm32f4xx_hal_timebase_TIM.c ****   *      this list of conditions and the following disclaimer.
  18:Src/stm32f4xx_hal_timebase_TIM.c ****   *   2. Redistributions in binary form must reproduce the above copyright notice,
  19:Src/stm32f4xx_hal_timebase_TIM.c ****   *      this list of conditions and the following disclaimer in the documentation
  20:Src/stm32f4xx_hal_timebase_TIM.c ****   *      and/or other materials provided with the distribution.
  21:Src/stm32f4xx_hal_timebase_TIM.c ****   *   3. Neither the name of STMicroelectronics nor the names of its contributors
  22:Src/stm32f4xx_hal_timebase_TIM.c ****   *      may be used to endorse or promote products derived from this software
  23:Src/stm32f4xx_hal_timebase_TIM.c ****   *      without specific prior written permission.
  24:Src/stm32f4xx_hal_timebase_TIM.c ****   *
  25:Src/stm32f4xx_hal_timebase_TIM.c ****   * THIS SOFTWARE IS PROVIDED BY THE COPYRIGHT HOLDERS AND CONTRIBUTORS "AS IS"
  26:Src/stm32f4xx_hal_timebase_TIM.c ****   * AND ANY EXPRESS OR IMPLIED WARRANTIES, INCLUDING, BUT NOT LIMITED TO, THE
  27:Src/stm32f4xx_hal_timebase_TIM.c ****   * IMPLIED WARRANTIES OF MERCHANTABILITY AND FITNESS FOR A PARTICULAR PURPOSE ARE
  28:Src/stm32f4xx_hal_timebase_TIM.c ****   * DISCLAIMED. IN NO EVENT SHALL THE COPYRIGHT HOLDER OR CONTRIBUTORS BE LIABLE
  29:Src/stm32f4xx_hal_timebase_TIM.c ****   * FOR ANY DIRECT, INDIRECT, INCIDENTAL, SPECIAL, EXEMPLARY, OR CONSEQUENTIAL
ARM GAS  C:\Users\DARKSP~1\AppData\Local\Temp\cc0NeNyn.s 			page 2


  30:Src/stm32f4xx_hal_timebase_TIM.c ****   * DAMAGES (INCLUDING, BUT NOT LIMITED TO, PROCUREMENT OF SUBSTITUTE GOODS OR
  31:Src/stm32f4xx_hal_timebase_TIM.c ****   * SERVICES; LOSS OF USE, DATA, OR PROFITS; OR BUSINESS INTERRUPTION) HOWEVER
  32:Src/stm32f4xx_hal_timebase_TIM.c ****   * CAUSED AND ON ANY THEORY OF LIABILITY, WHETHER IN CONTRACT, STRICT LIABILITY,
  33:Src/stm32f4xx_hal_timebase_TIM.c ****   * OR TORT (INCLUDING NEGLIGENCE OR OTHERWISE) ARISING IN ANY WAY OUT OF THE USE
  34:Src/stm32f4xx_hal_timebase_TIM.c ****   * OF THIS SOFTWARE, EVEN IF ADVISED OF THE POSSIBILITY OF SUCH DAMAGE.
  35:Src/stm32f4xx_hal_timebase_TIM.c ****   *
  36:Src/stm32f4xx_hal_timebase_TIM.c ****   ******************************************************************************
  37:Src/stm32f4xx_hal_timebase_TIM.c ****   */
  38:Src/stm32f4xx_hal_timebase_TIM.c **** 
  39:Src/stm32f4xx_hal_timebase_TIM.c **** /* Includes ------------------------------------------------------------------*/
  40:Src/stm32f4xx_hal_timebase_TIM.c **** #include "stm32f4xx_hal.h"
  41:Src/stm32f4xx_hal_timebase_TIM.c **** #include "stm32f4xx_hal_tim.h"
  42:Src/stm32f4xx_hal_timebase_TIM.c **** /** @addtogroup STM32F7xx_HAL_Examples
  43:Src/stm32f4xx_hal_timebase_TIM.c ****   * @{
  44:Src/stm32f4xx_hal_timebase_TIM.c ****   */
  45:Src/stm32f4xx_hal_timebase_TIM.c **** 
  46:Src/stm32f4xx_hal_timebase_TIM.c **** /** @addtogroup HAL_TimeBase
  47:Src/stm32f4xx_hal_timebase_TIM.c ****   * @{
  48:Src/stm32f4xx_hal_timebase_TIM.c ****   */ 
  49:Src/stm32f4xx_hal_timebase_TIM.c **** 
  50:Src/stm32f4xx_hal_timebase_TIM.c **** /* Private typedef -----------------------------------------------------------*/
  51:Src/stm32f4xx_hal_timebase_TIM.c **** /* Private define ------------------------------------------------------------*/
  52:Src/stm32f4xx_hal_timebase_TIM.c **** /* Private macro -------------------------------------------------------------*/
  53:Src/stm32f4xx_hal_timebase_TIM.c **** /* Private variables ---------------------------------------------------------*/
  54:Src/stm32f4xx_hal_timebase_TIM.c **** TIM_HandleTypeDef        htim6; 
  55:Src/stm32f4xx_hal_timebase_TIM.c **** uint32_t                 uwIncrementState = 0;
  56:Src/stm32f4xx_hal_timebase_TIM.c **** /* Private function prototypes -----------------------------------------------*/
  57:Src/stm32f4xx_hal_timebase_TIM.c **** /* Private functions ---------------------------------------------------------*/
  58:Src/stm32f4xx_hal_timebase_TIM.c **** 
  59:Src/stm32f4xx_hal_timebase_TIM.c **** /**
  60:Src/stm32f4xx_hal_timebase_TIM.c ****   * @brief  This function configures the TIM6 as a time base source. 
  61:Src/stm32f4xx_hal_timebase_TIM.c ****   *         The time source is configured  to have 1ms time base with a dedicated 
  62:Src/stm32f4xx_hal_timebase_TIM.c ****   *         Tick interrupt priority. 
  63:Src/stm32f4xx_hal_timebase_TIM.c ****   * @note   This function is called  automatically at the beginning of program after
  64:Src/stm32f4xx_hal_timebase_TIM.c ****   *         reset by HAL_Init() or at any time when clock is configured, by HAL_RCC_ClockConfig(). 
  65:Src/stm32f4xx_hal_timebase_TIM.c ****   * @param  TickPriority: Tick interrupt priorty.
  66:Src/stm32f4xx_hal_timebase_TIM.c ****   * @retval HAL status
  67:Src/stm32f4xx_hal_timebase_TIM.c ****   */
  68:Src/stm32f4xx_hal_timebase_TIM.c **** HAL_StatusTypeDef HAL_InitTick(uint32_t TickPriority)
  69:Src/stm32f4xx_hal_timebase_TIM.c **** {
  30              		.loc 1 69 1 view -0
  31              		.cfi_startproc
  32              		@ args = 0, pretend = 0, frame = 32
  33              		@ frame_needed = 0, uses_anonymous_args = 0
  34              		.loc 1 69 1 is_stmt 0 view .LVU1
  35 0000 10B5     		push	{r4, lr}
  36              	.LCFI0:
  37              		.cfi_def_cfa_offset 8
  38              		.cfi_offset 4, -8
  39              		.cfi_offset 14, -4
  40 0002 88B0     		sub	sp, sp, #32
  41              	.LCFI1:
  42              		.cfi_def_cfa_offset 40
  70:Src/stm32f4xx_hal_timebase_TIM.c ****   RCC_ClkInitTypeDef    clkconfig;
  43              		.loc 1 70 3 is_stmt 1 view .LVU2
  71:Src/stm32f4xx_hal_timebase_TIM.c ****   uint32_t              uwTimclock = 0;
  44              		.loc 1 71 3 view .LVU3
ARM GAS  C:\Users\DARKSP~1\AppData\Local\Temp\cc0NeNyn.s 			page 3


  45              	.LVL1:
  72:Src/stm32f4xx_hal_timebase_TIM.c ****   uint32_t              uwPrescalerValue = 0;
  46              		.loc 1 72 3 view .LVU4
  73:Src/stm32f4xx_hal_timebase_TIM.c ****   uint32_t              pFLatency;
  47              		.loc 1 73 3 view .LVU5
  74:Src/stm32f4xx_hal_timebase_TIM.c ****   
  75:Src/stm32f4xx_hal_timebase_TIM.c ****   /*Configure the TIM6 IRQ priority */
  76:Src/stm32f4xx_hal_timebase_TIM.c ****   HAL_NVIC_SetPriority(TIM6_DAC_IRQn, TickPriority ,0); 
  48              		.loc 1 76 3 view .LVU6
  49 0004 0022     		movs	r2, #0
  50 0006 0146     		mov	r1, r0
  51 0008 3620     		movs	r0, #54
  52              	.LVL2:
  53              		.loc 1 76 3 is_stmt 0 view .LVU7
  54 000a FFF7FEFF 		bl	HAL_NVIC_SetPriority
  55              	.LVL3:
  77:Src/stm32f4xx_hal_timebase_TIM.c ****   
  78:Src/stm32f4xx_hal_timebase_TIM.c ****   /* Enable the TIM6 global Interrupt */
  79:Src/stm32f4xx_hal_timebase_TIM.c ****   HAL_NVIC_EnableIRQ(TIM6_DAC_IRQn); 
  56              		.loc 1 79 3 is_stmt 1 view .LVU8
  57 000e 3620     		movs	r0, #54
  58 0010 FFF7FEFF 		bl	HAL_NVIC_EnableIRQ
  59              	.LVL4:
  80:Src/stm32f4xx_hal_timebase_TIM.c ****   
  81:Src/stm32f4xx_hal_timebase_TIM.c ****   /* Enable TIM6 clock */
  82:Src/stm32f4xx_hal_timebase_TIM.c ****   __HAL_RCC_TIM6_CLK_ENABLE();
  60              		.loc 1 82 3 view .LVU9
  61              	.LBB2:
  62              		.loc 1 82 3 view .LVU10
  63 0014 0024     		movs	r4, #0
  64 0016 0194     		str	r4, [sp, #4]
  65              		.loc 1 82 3 view .LVU11
  66 0018 144B     		ldr	r3, .L6
  67 001a 1A6C     		ldr	r2, [r3, #64]
  68 001c 42F01002 		orr	r2, r2, #16
  69 0020 1A64     		str	r2, [r3, #64]
  70              		.loc 1 82 3 view .LVU12
  71 0022 1B6C     		ldr	r3, [r3, #64]
  72 0024 03F01003 		and	r3, r3, #16
  73 0028 0193     		str	r3, [sp, #4]
  74              		.loc 1 82 3 view .LVU13
  75 002a 019B     		ldr	r3, [sp, #4]
  76              	.LBE2:
  83:Src/stm32f4xx_hal_timebase_TIM.c ****   
  84:Src/stm32f4xx_hal_timebase_TIM.c ****   /* Get clock configuration */
  85:Src/stm32f4xx_hal_timebase_TIM.c ****   HAL_RCC_GetClockConfig(&clkconfig, &pFLatency);
  77              		.loc 1 85 3 view .LVU14
  78 002c 02A9     		add	r1, sp, #8
  79 002e 03A8     		add	r0, sp, #12
  80 0030 FFF7FEFF 		bl	HAL_RCC_GetClockConfig
  81              	.LVL5:
  86:Src/stm32f4xx_hal_timebase_TIM.c ****   
  87:Src/stm32f4xx_hal_timebase_TIM.c ****   /* Compute TIM6 clock */
  88:Src/stm32f4xx_hal_timebase_TIM.c ****   uwTimclock = 2*HAL_RCC_GetPCLK1Freq();
  82              		.loc 1 88 3 view .LVU15
  83              		.loc 1 88 18 is_stmt 0 view .LVU16
  84 0034 FFF7FEFF 		bl	HAL_RCC_GetPCLK1Freq
ARM GAS  C:\Users\DARKSP~1\AppData\Local\Temp\cc0NeNyn.s 			page 4


  85              	.LVL6:
  86              		.loc 1 88 14 view .LVU17
  87 0038 4300     		lsls	r3, r0, #1
  88              	.LVL7:
  89:Src/stm32f4xx_hal_timebase_TIM.c ****    
  90:Src/stm32f4xx_hal_timebase_TIM.c ****   /* Compute the prescaler value to have TIM6 counter clock equal to 1MHz */
  91:Src/stm32f4xx_hal_timebase_TIM.c ****   uwPrescalerValue = (uint32_t) ((uwTimclock / 1000000) - 1);
  89              		.loc 1 91 3 is_stmt 1 view .LVU18
  90              		.loc 1 91 46 is_stmt 0 view .LVU19
  91 003a 0D48     		ldr	r0, .L6+4
  92 003c A0FB0323 		umull	r2, r3, r0, r3
  93              	.LVL8:
  94              		.loc 1 91 46 view .LVU20
  95 0040 9B0C     		lsrs	r3, r3, #18
  96              		.loc 1 91 20 view .LVU21
  97 0042 013B     		subs	r3, r3, #1
  98              	.LVL9:
  92:Src/stm32f4xx_hal_timebase_TIM.c ****   
  93:Src/stm32f4xx_hal_timebase_TIM.c ****   /* Initialize TIM6 */
  94:Src/stm32f4xx_hal_timebase_TIM.c ****   htim6.Instance = TIM6;
  99              		.loc 1 94 3 is_stmt 1 view .LVU22
 100              		.loc 1 94 18 is_stmt 0 view .LVU23
 101 0044 0B48     		ldr	r0, .L6+8
 102 0046 0C4A     		ldr	r2, .L6+12
 103 0048 0260     		str	r2, [r0]
  95:Src/stm32f4xx_hal_timebase_TIM.c ****   
  96:Src/stm32f4xx_hal_timebase_TIM.c ****   /* Initialize TIMx peripheral as follow:
  97:Src/stm32f4xx_hal_timebase_TIM.c ****   + Period = [(TIM6CLK/1000) - 1]. to have a (1/1000) s time base.
  98:Src/stm32f4xx_hal_timebase_TIM.c ****   + Prescaler = (uwTimclock/1000000 - 1) to have a 1MHz counter clock.
  99:Src/stm32f4xx_hal_timebase_TIM.c ****   + ClockDivision = 0
 100:Src/stm32f4xx_hal_timebase_TIM.c ****   + Counter direction = Up
 101:Src/stm32f4xx_hal_timebase_TIM.c ****   */
 102:Src/stm32f4xx_hal_timebase_TIM.c ****   htim6.Init.Period = (1000000 / 1000) - 1;
 104              		.loc 1 102 3 is_stmt 1 view .LVU24
 105              		.loc 1 102 21 is_stmt 0 view .LVU25
 106 004a 40F2E732 		movw	r2, #999
 107 004e C260     		str	r2, [r0, #12]
 103:Src/stm32f4xx_hal_timebase_TIM.c ****   htim6.Init.Prescaler = uwPrescalerValue;
 108              		.loc 1 103 3 is_stmt 1 view .LVU26
 109              		.loc 1 103 24 is_stmt 0 view .LVU27
 110 0050 4360     		str	r3, [r0, #4]
 104:Src/stm32f4xx_hal_timebase_TIM.c ****   htim6.Init.ClockDivision = 0;
 111              		.loc 1 104 3 is_stmt 1 view .LVU28
 112              		.loc 1 104 28 is_stmt 0 view .LVU29
 113 0052 0461     		str	r4, [r0, #16]
 105:Src/stm32f4xx_hal_timebase_TIM.c ****   htim6.Init.CounterMode = TIM_COUNTERMODE_UP;
 114              		.loc 1 105 3 is_stmt 1 view .LVU30
 115              		.loc 1 105 26 is_stmt 0 view .LVU31
 116 0054 8460     		str	r4, [r0, #8]
 106:Src/stm32f4xx_hal_timebase_TIM.c ****   if(HAL_TIM_Base_Init(&htim6) == HAL_OK)
 117              		.loc 1 106 3 is_stmt 1 view .LVU32
 118              		.loc 1 106 6 is_stmt 0 view .LVU33
 119 0056 FFF7FEFF 		bl	HAL_TIM_Base_Init
 120              	.LVL10:
 121              		.loc 1 106 5 view .LVU34
 122 005a 10B1     		cbz	r0, .L5
 107:Src/stm32f4xx_hal_timebase_TIM.c ****   {
ARM GAS  C:\Users\DARKSP~1\AppData\Local\Temp\cc0NeNyn.s 			page 5


 108:Src/stm32f4xx_hal_timebase_TIM.c ****     /* Start the TIM time Base generation in interrupt mode */
 109:Src/stm32f4xx_hal_timebase_TIM.c ****     return HAL_TIM_Base_Start_IT(&htim6);
 110:Src/stm32f4xx_hal_timebase_TIM.c ****   }
 111:Src/stm32f4xx_hal_timebase_TIM.c ****   
 112:Src/stm32f4xx_hal_timebase_TIM.c ****   /* Return function status */
 113:Src/stm32f4xx_hal_timebase_TIM.c ****   return HAL_ERROR;
 123              		.loc 1 113 10 view .LVU35
 124 005c 0120     		movs	r0, #1
 125              	.L2:
 114:Src/stm32f4xx_hal_timebase_TIM.c **** }
 126              		.loc 1 114 1 view .LVU36
 127 005e 08B0     		add	sp, sp, #32
 128              	.LCFI2:
 129              		.cfi_remember_state
 130              		.cfi_def_cfa_offset 8
 131              		@ sp needed
 132 0060 10BD     		pop	{r4, pc}
 133              	.L5:
 134              	.LCFI3:
 135              		.cfi_restore_state
 109:Src/stm32f4xx_hal_timebase_TIM.c ****   }
 136              		.loc 1 109 5 is_stmt 1 view .LVU37
 109:Src/stm32f4xx_hal_timebase_TIM.c ****   }
 137              		.loc 1 109 12 is_stmt 0 view .LVU38
 138 0062 0448     		ldr	r0, .L6+8
 139 0064 FFF7FEFF 		bl	HAL_TIM_Base_Start_IT
 140              	.LVL11:
 141 0068 F9E7     		b	.L2
 142              	.L7:
 143 006a 00BF     		.align	2
 144              	.L6:
 145 006c 00380240 		.word	1073887232
 146 0070 83DE1B43 		.word	1125899907
 147 0074 00000000 		.word	htim6
 148 0078 00100040 		.word	1073745920
 149              		.cfi_endproc
 150              	.LFE126:
 152              		.section	.text.HAL_SuspendTick,"ax",%progbits
 153              		.align	1
 154              		.global	HAL_SuspendTick
 155              		.syntax unified
 156              		.thumb
 157              		.thumb_func
 158              		.fpu fpv4-sp-d16
 160              	HAL_SuspendTick:
 161              	.LFB127:
 115:Src/stm32f4xx_hal_timebase_TIM.c **** 
 116:Src/stm32f4xx_hal_timebase_TIM.c **** /**
 117:Src/stm32f4xx_hal_timebase_TIM.c ****   * @brief  Suspend Tick increment.
 118:Src/stm32f4xx_hal_timebase_TIM.c ****   * @note   Disable the tick increment by disabling TIM6 update interrupt.
 119:Src/stm32f4xx_hal_timebase_TIM.c ****   * @param  None
 120:Src/stm32f4xx_hal_timebase_TIM.c ****   * @retval None
 121:Src/stm32f4xx_hal_timebase_TIM.c ****   */
 122:Src/stm32f4xx_hal_timebase_TIM.c **** void HAL_SuspendTick(void)
 123:Src/stm32f4xx_hal_timebase_TIM.c **** {
 162              		.loc 1 123 1 is_stmt 1 view -0
 163              		.cfi_startproc
ARM GAS  C:\Users\DARKSP~1\AppData\Local\Temp\cc0NeNyn.s 			page 6


 164              		@ args = 0, pretend = 0, frame = 0
 165              		@ frame_needed = 0, uses_anonymous_args = 0
 166              		@ link register save eliminated.
 124:Src/stm32f4xx_hal_timebase_TIM.c ****   /* Disable TIM6 update Interrupt */
 125:Src/stm32f4xx_hal_timebase_TIM.c ****   __HAL_TIM_DISABLE_IT(&htim6, TIM_IT_UPDATE);                                                  
 167              		.loc 1 125 3 view .LVU40
 168 0000 034B     		ldr	r3, .L9
 169 0002 1A68     		ldr	r2, [r3]
 170 0004 D368     		ldr	r3, [r2, #12]
 171 0006 23F00103 		bic	r3, r3, #1
 172 000a D360     		str	r3, [r2, #12]
 126:Src/stm32f4xx_hal_timebase_TIM.c **** }
 173              		.loc 1 126 1 is_stmt 0 view .LVU41
 174 000c 7047     		bx	lr
 175              	.L10:
 176 000e 00BF     		.align	2
 177              	.L9:
 178 0010 00000000 		.word	htim6
 179              		.cfi_endproc
 180              	.LFE127:
 182              		.section	.text.HAL_ResumeTick,"ax",%progbits
 183              		.align	1
 184              		.global	HAL_ResumeTick
 185              		.syntax unified
 186              		.thumb
 187              		.thumb_func
 188              		.fpu fpv4-sp-d16
 190              	HAL_ResumeTick:
 191              	.LFB128:
 127:Src/stm32f4xx_hal_timebase_TIM.c **** 
 128:Src/stm32f4xx_hal_timebase_TIM.c **** /**
 129:Src/stm32f4xx_hal_timebase_TIM.c ****   * @brief  Resume Tick increment.
 130:Src/stm32f4xx_hal_timebase_TIM.c ****   * @note   Enable the tick increment by Enabling TIM6 update interrupt.
 131:Src/stm32f4xx_hal_timebase_TIM.c ****   * @param  None
 132:Src/stm32f4xx_hal_timebase_TIM.c ****   * @retval None
 133:Src/stm32f4xx_hal_timebase_TIM.c ****   */
 134:Src/stm32f4xx_hal_timebase_TIM.c **** void HAL_ResumeTick(void)
 135:Src/stm32f4xx_hal_timebase_TIM.c **** {
 192              		.loc 1 135 1 is_stmt 1 view -0
 193              		.cfi_startproc
 194              		@ args = 0, pretend = 0, frame = 0
 195              		@ frame_needed = 0, uses_anonymous_args = 0
 196              		@ link register save eliminated.
 136:Src/stm32f4xx_hal_timebase_TIM.c ****   /* Enable TIM6 Update interrupt */
 137:Src/stm32f4xx_hal_timebase_TIM.c ****   __HAL_TIM_ENABLE_IT(&htim6, TIM_IT_UPDATE);
 197              		.loc 1 137 3 view .LVU43
 198 0000 034B     		ldr	r3, .L12
 199 0002 1A68     		ldr	r2, [r3]
 200 0004 D368     		ldr	r3, [r2, #12]
 201 0006 43F00103 		orr	r3, r3, #1
 202 000a D360     		str	r3, [r2, #12]
 138:Src/stm32f4xx_hal_timebase_TIM.c **** }
 203              		.loc 1 138 1 is_stmt 0 view .LVU44
 204 000c 7047     		bx	lr
 205              	.L13:
 206 000e 00BF     		.align	2
 207              	.L12:
ARM GAS  C:\Users\DARKSP~1\AppData\Local\Temp\cc0NeNyn.s 			page 7


 208 0010 00000000 		.word	htim6
 209              		.cfi_endproc
 210              	.LFE128:
 212              		.global	uwIncrementState
 213              		.comm	htim6,60,4
 214              		.section	.bss.uwIncrementState,"aw",%nobits
 215              		.align	2
 218              	uwIncrementState:
 219 0000 00000000 		.space	4
 220              		.text
 221              	.Letext0:
 222              		.file 2 "c:\\program files (x86)\\gnu tools arm embedded\\8 2019-q3-update\\arm-none-eabi\\include
 223              		.file 3 "c:\\program files (x86)\\gnu tools arm embedded\\8 2019-q3-update\\arm-none-eabi\\include
 224              		.file 4 "Drivers/CMSIS/Include/core_cm4.h"
 225              		.file 5 "Drivers/CMSIS/Device/ST/STM32F4xx/Include/system_stm32f4xx.h"
 226              		.file 6 "Drivers/CMSIS/Device/ST/STM32F4xx/Include/stm32f407xx.h"
 227              		.file 7 "c:\\program files (x86)\\gnu tools arm embedded\\8 2019-q3-update\\lib\\gcc\\arm-none-eab
 228              		.file 8 "c:\\program files (x86)\\gnu tools arm embedded\\8 2019-q3-update\\arm-none-eabi\\include
 229              		.file 9 "c:\\program files (x86)\\gnu tools arm embedded\\8 2019-q3-update\\arm-none-eabi\\include
 230              		.file 10 "c:\\program files (x86)\\gnu tools arm embedded\\8 2019-q3-update\\arm-none-eabi\\includ
 231              		.file 11 "Drivers/STM32F4xx_HAL_Driver/Inc/stm32f4xx_hal_def.h"
 232              		.file 12 "Drivers/STM32F4xx_HAL_Driver/Inc/stm32f4xx_hal_rcc.h"
 233              		.file 13 "Drivers/STM32F4xx_HAL_Driver/Inc/stm32f4xx_hal_dma.h"
 234              		.file 14 "Drivers/STM32F4xx_HAL_Driver/Inc/stm32f4xx_hal_tim.h"
 235              		.file 15 "Drivers/STM32F4xx_HAL_Driver/Inc/stm32f4xx_hal_cortex.h"
ARM GAS  C:\Users\DARKSP~1\AppData\Local\Temp\cc0NeNyn.s 			page 8


DEFINED SYMBOLS
                            *ABS*:00000000 stm32f4xx_hal_timebase_TIM.c
C:\Users\DARKSP~1\AppData\Local\Temp\cc0NeNyn.s:18     .text.HAL_InitTick:00000000 $t
C:\Users\DARKSP~1\AppData\Local\Temp\cc0NeNyn.s:26     .text.HAL_InitTick:00000000 HAL_InitTick
C:\Users\DARKSP~1\AppData\Local\Temp\cc0NeNyn.s:145    .text.HAL_InitTick:0000006c $d
                            *COM*:0000003c htim6
C:\Users\DARKSP~1\AppData\Local\Temp\cc0NeNyn.s:153    .text.HAL_SuspendTick:00000000 $t
C:\Users\DARKSP~1\AppData\Local\Temp\cc0NeNyn.s:160    .text.HAL_SuspendTick:00000000 HAL_SuspendTick
C:\Users\DARKSP~1\AppData\Local\Temp\cc0NeNyn.s:178    .text.HAL_SuspendTick:00000010 $d
C:\Users\DARKSP~1\AppData\Local\Temp\cc0NeNyn.s:183    .text.HAL_ResumeTick:00000000 $t
C:\Users\DARKSP~1\AppData\Local\Temp\cc0NeNyn.s:190    .text.HAL_ResumeTick:00000000 HAL_ResumeTick
C:\Users\DARKSP~1\AppData\Local\Temp\cc0NeNyn.s:208    .text.HAL_ResumeTick:00000010 $d
C:\Users\DARKSP~1\AppData\Local\Temp\cc0NeNyn.s:218    .bss.uwIncrementState:00000000 uwIncrementState
C:\Users\DARKSP~1\AppData\Local\Temp\cc0NeNyn.s:215    .bss.uwIncrementState:00000000 $d

UNDEFINED SYMBOLS
HAL_NVIC_SetPriority
HAL_NVIC_EnableIRQ
HAL_RCC_GetClockConfig
HAL_RCC_GetPCLK1Freq
HAL_TIM_Base_Init
HAL_TIM_Base_Start_IT
