ARM GAS  C:\Users\DARKSP~1\AppData\Local\Temp\ccdHCCfo.s 			page 1


   1              		.cpu cortex-m4
   2              		.eabi_attribute 27, 1
   3              		.eabi_attribute 28, 1
   4              		.eabi_attribute 20, 1
   5              		.eabi_attribute 21, 1
   6              		.eabi_attribute 23, 3
   7              		.eabi_attribute 24, 1
   8              		.eabi_attribute 25, 1
   9              		.eabi_attribute 26, 1
  10              		.eabi_attribute 30, 1
  11              		.eabi_attribute 34, 1
  12              		.eabi_attribute 18, 4
  13              		.file	"stm32f4xx_it.c"
  14              		.text
  15              	.Ltext0:
  16              		.cfi_sections	.debug_frame
  17              		.section	.text.NMI_Handler,"ax",%progbits
  18              		.align	1
  19              		.global	NMI_Handler
  20              		.arch armv7e-m
  21              		.syntax unified
  22              		.thumb
  23              		.thumb_func
  24              		.fpu fpv4-sp-d16
  26              	NMI_Handler:
  27              	.LFB126:
  28              		.file 1 "Src/stm32f4xx_it.c"
   1:Src/stm32f4xx_it.c **** /**
   2:Src/stm32f4xx_it.c ****   ******************************************************************************
   3:Src/stm32f4xx_it.c ****   * @file    stm32f4xx_it.c
   4:Src/stm32f4xx_it.c ****   * @brief   Interrupt Service Routines.
   5:Src/stm32f4xx_it.c ****   ******************************************************************************
   6:Src/stm32f4xx_it.c ****   *
   7:Src/stm32f4xx_it.c ****   * COPYRIGHT(c) 2019 STMicroelectronics
   8:Src/stm32f4xx_it.c ****   *
   9:Src/stm32f4xx_it.c ****   * Redistribution and use in source and binary forms, with or without modification,
  10:Src/stm32f4xx_it.c ****   * are permitted provided that the following conditions are met:
  11:Src/stm32f4xx_it.c ****   *   1. Redistributions of source code must retain the above copyright notice,
  12:Src/stm32f4xx_it.c ****   *      this list of conditions and the following disclaimer.
  13:Src/stm32f4xx_it.c ****   *   2. Redistributions in binary form must reproduce the above copyright notice,
  14:Src/stm32f4xx_it.c ****   *      this list of conditions and the following disclaimer in the documentation
  15:Src/stm32f4xx_it.c ****   *      and/or other materials provided with the distribution.
  16:Src/stm32f4xx_it.c ****   *   3. Neither the name of STMicroelectronics nor the names of its contributors
  17:Src/stm32f4xx_it.c ****   *      may be used to endorse or promote products derived from this software
  18:Src/stm32f4xx_it.c ****   *      without specific prior written permission.
  19:Src/stm32f4xx_it.c ****   *
  20:Src/stm32f4xx_it.c ****   * THIS SOFTWARE IS PROVIDED BY THE COPYRIGHT HOLDERS AND CONTRIBUTORS "AS IS"
  21:Src/stm32f4xx_it.c ****   * AND ANY EXPRESS OR IMPLIED WARRANTIES, INCLUDING, BUT NOT LIMITED TO, THE
  22:Src/stm32f4xx_it.c ****   * IMPLIED WARRANTIES OF MERCHANTABILITY AND FITNESS FOR A PARTICULAR PURPOSE ARE
  23:Src/stm32f4xx_it.c ****   * DISCLAIMED. IN NO EVENT SHALL THE COPYRIGHT HOLDER OR CONTRIBUTORS BE LIABLE
  24:Src/stm32f4xx_it.c ****   * FOR ANY DIRECT, INDIRECT, INCIDENTAL, SPECIAL, EXEMPLARY, OR CONSEQUENTIAL
  25:Src/stm32f4xx_it.c ****   * DAMAGES (INCLUDING, BUT NOT LIMITED TO, PROCUREMENT OF SUBSTITUTE GOODS OR
  26:Src/stm32f4xx_it.c ****   * SERVICES; LOSS OF USE, DATA, OR PROFITS; OR BUSINESS INTERRUPTION) HOWEVER
  27:Src/stm32f4xx_it.c ****   * CAUSED AND ON ANY THEORY OF LIABILITY, WHETHER IN CONTRACT, STRICT LIABILITY,
  28:Src/stm32f4xx_it.c ****   * OR TORT (INCLUDING NEGLIGENCE OR OTHERWISE) ARISING IN ANY WAY OUT OF THE USE
  29:Src/stm32f4xx_it.c ****   * OF THIS SOFTWARE, EVEN IF ADVISED OF THE POSSIBILITY OF SUCH DAMAGE.
  30:Src/stm32f4xx_it.c ****   *
ARM GAS  C:\Users\DARKSP~1\AppData\Local\Temp\ccdHCCfo.s 			page 2


  31:Src/stm32f4xx_it.c ****   ******************************************************************************
  32:Src/stm32f4xx_it.c ****   */
  33:Src/stm32f4xx_it.c **** /* Includes ------------------------------------------------------------------*/
  34:Src/stm32f4xx_it.c **** #include "stm32f4xx_hal.h"
  35:Src/stm32f4xx_it.c **** #include "stm32f4xx.h"
  36:Src/stm32f4xx_it.c **** #include "stm32f4xx_it.h"
  37:Src/stm32f4xx_it.c **** 
  38:Src/stm32f4xx_it.c **** /* USER CODE BEGIN 0 */
  39:Src/stm32f4xx_it.c **** 
  40:Src/stm32f4xx_it.c **** /* USER CODE END 0 */
  41:Src/stm32f4xx_it.c **** 
  42:Src/stm32f4xx_it.c **** /* External variables --------------------------------------------------------*/
  43:Src/stm32f4xx_it.c **** 
  44:Src/stm32f4xx_it.c **** extern TIM_HandleTypeDef htim6;
  45:Src/stm32f4xx_it.c **** 
  46:Src/stm32f4xx_it.c **** /******************************************************************************/
  47:Src/stm32f4xx_it.c **** /*            Cortex-M4 Processor Interruption and Exception Handlers         */ 
  48:Src/stm32f4xx_it.c **** /******************************************************************************/
  49:Src/stm32f4xx_it.c **** 
  50:Src/stm32f4xx_it.c **** /**
  51:Src/stm32f4xx_it.c **** * @brief This function handles Non maskable interrupt.
  52:Src/stm32f4xx_it.c **** */
  53:Src/stm32f4xx_it.c **** void NMI_Handler(void)
  54:Src/stm32f4xx_it.c **** {
  29              		.loc 1 54 1 view -0
  30              		.cfi_startproc
  31              		@ args = 0, pretend = 0, frame = 0
  32              		@ frame_needed = 0, uses_anonymous_args = 0
  33              		@ link register save eliminated.
  55:Src/stm32f4xx_it.c ****   /* USER CODE BEGIN NonMaskableInt_IRQn 0 */
  56:Src/stm32f4xx_it.c **** 
  57:Src/stm32f4xx_it.c ****   /* USER CODE END NonMaskableInt_IRQn 0 */
  58:Src/stm32f4xx_it.c ****   /* USER CODE BEGIN NonMaskableInt_IRQn 1 */
  59:Src/stm32f4xx_it.c **** 
  60:Src/stm32f4xx_it.c ****   /* USER CODE END NonMaskableInt_IRQn 1 */
  61:Src/stm32f4xx_it.c **** }
  34              		.loc 1 61 1 view .LVU1
  35 0000 7047     		bx	lr
  36              		.cfi_endproc
  37              	.LFE126:
  39              		.section	.text.HardFault_Handler,"ax",%progbits
  40              		.align	1
  41              		.global	HardFault_Handler
  42              		.syntax unified
  43              		.thumb
  44              		.thumb_func
  45              		.fpu fpv4-sp-d16
  47              	HardFault_Handler:
  48              	.LFB127:
  62:Src/stm32f4xx_it.c **** 
  63:Src/stm32f4xx_it.c **** /**
  64:Src/stm32f4xx_it.c **** * @brief This function handles Hard fault interrupt.
  65:Src/stm32f4xx_it.c **** */
  66:Src/stm32f4xx_it.c **** void HardFault_Handler(void)
  67:Src/stm32f4xx_it.c **** {
  49              		.loc 1 67 1 view -0
  50              		.cfi_startproc
ARM GAS  C:\Users\DARKSP~1\AppData\Local\Temp\ccdHCCfo.s 			page 3


  51              		@ Volatile: function does not return.
  52              		@ args = 0, pretend = 0, frame = 0
  53              		@ frame_needed = 0, uses_anonymous_args = 0
  54              		@ link register save eliminated.
  55              	.L3:
  68:Src/stm32f4xx_it.c ****   /* USER CODE BEGIN HardFault_IRQn 0 */
  69:Src/stm32f4xx_it.c **** 
  70:Src/stm32f4xx_it.c ****   /* USER CODE END HardFault_IRQn 0 */
  71:Src/stm32f4xx_it.c ****   while (1)
  56              		.loc 1 71 3 discriminator 1 view .LVU3
  72:Src/stm32f4xx_it.c ****   {
  73:Src/stm32f4xx_it.c ****     /* USER CODE BEGIN W1_HardFault_IRQn 0 */
  74:Src/stm32f4xx_it.c ****     /* USER CODE END W1_HardFault_IRQn 0 */
  75:Src/stm32f4xx_it.c ****   }
  57              		.loc 1 75 3 discriminator 1 view .LVU4
  58 0000 FEE7     		b	.L3
  59              		.cfi_endproc
  60              	.LFE127:
  62              		.section	.text.MemManage_Handler,"ax",%progbits
  63              		.align	1
  64              		.global	MemManage_Handler
  65              		.syntax unified
  66              		.thumb
  67              		.thumb_func
  68              		.fpu fpv4-sp-d16
  70              	MemManage_Handler:
  71              	.LFB128:
  76:Src/stm32f4xx_it.c ****   /* USER CODE BEGIN HardFault_IRQn 1 */
  77:Src/stm32f4xx_it.c **** 
  78:Src/stm32f4xx_it.c ****   /* USER CODE END HardFault_IRQn 1 */
  79:Src/stm32f4xx_it.c **** }
  80:Src/stm32f4xx_it.c **** 
  81:Src/stm32f4xx_it.c **** /**
  82:Src/stm32f4xx_it.c **** * @brief This function handles Memory management fault.
  83:Src/stm32f4xx_it.c **** */
  84:Src/stm32f4xx_it.c **** void MemManage_Handler(void)
  85:Src/stm32f4xx_it.c **** {
  72              		.loc 1 85 1 view -0
  73              		.cfi_startproc
  74              		@ Volatile: function does not return.
  75              		@ args = 0, pretend = 0, frame = 0
  76              		@ frame_needed = 0, uses_anonymous_args = 0
  77              		@ link register save eliminated.
  78              	.L5:
  86:Src/stm32f4xx_it.c ****   /* USER CODE BEGIN MemoryManagement_IRQn 0 */
  87:Src/stm32f4xx_it.c **** 
  88:Src/stm32f4xx_it.c ****   /* USER CODE END MemoryManagement_IRQn 0 */
  89:Src/stm32f4xx_it.c ****   while (1)
  79              		.loc 1 89 3 discriminator 1 view .LVU6
  90:Src/stm32f4xx_it.c ****   {
  91:Src/stm32f4xx_it.c ****     /* USER CODE BEGIN W1_MemoryManagement_IRQn 0 */
  92:Src/stm32f4xx_it.c ****     /* USER CODE END W1_MemoryManagement_IRQn 0 */
  93:Src/stm32f4xx_it.c ****   }
  80              		.loc 1 93 3 discriminator 1 view .LVU7
  81 0000 FEE7     		b	.L5
  82              		.cfi_endproc
  83              	.LFE128:
ARM GAS  C:\Users\DARKSP~1\AppData\Local\Temp\ccdHCCfo.s 			page 4


  85              		.section	.text.BusFault_Handler,"ax",%progbits
  86              		.align	1
  87              		.global	BusFault_Handler
  88              		.syntax unified
  89              		.thumb
  90              		.thumb_func
  91              		.fpu fpv4-sp-d16
  93              	BusFault_Handler:
  94              	.LFB129:
  94:Src/stm32f4xx_it.c ****   /* USER CODE BEGIN MemoryManagement_IRQn 1 */
  95:Src/stm32f4xx_it.c **** 
  96:Src/stm32f4xx_it.c ****   /* USER CODE END MemoryManagement_IRQn 1 */
  97:Src/stm32f4xx_it.c **** }
  98:Src/stm32f4xx_it.c **** 
  99:Src/stm32f4xx_it.c **** /**
 100:Src/stm32f4xx_it.c **** * @brief This function handles Pre-fetch fault, memory access fault.
 101:Src/stm32f4xx_it.c **** */
 102:Src/stm32f4xx_it.c **** void BusFault_Handler(void)
 103:Src/stm32f4xx_it.c **** {
  95              		.loc 1 103 1 view -0
  96              		.cfi_startproc
  97              		@ Volatile: function does not return.
  98              		@ args = 0, pretend = 0, frame = 0
  99              		@ frame_needed = 0, uses_anonymous_args = 0
 100              		@ link register save eliminated.
 101              	.L7:
 104:Src/stm32f4xx_it.c ****   /* USER CODE BEGIN BusFault_IRQn 0 */
 105:Src/stm32f4xx_it.c **** 
 106:Src/stm32f4xx_it.c ****   /* USER CODE END BusFault_IRQn 0 */
 107:Src/stm32f4xx_it.c ****   while (1)
 102              		.loc 1 107 3 discriminator 1 view .LVU9
 108:Src/stm32f4xx_it.c ****   {
 109:Src/stm32f4xx_it.c ****     /* USER CODE BEGIN W1_BusFault_IRQn 0 */
 110:Src/stm32f4xx_it.c ****     /* USER CODE END W1_BusFault_IRQn 0 */
 111:Src/stm32f4xx_it.c ****   }
 103              		.loc 1 111 3 discriminator 1 view .LVU10
 104 0000 FEE7     		b	.L7
 105              		.cfi_endproc
 106              	.LFE129:
 108              		.section	.text.UsageFault_Handler,"ax",%progbits
 109              		.align	1
 110              		.global	UsageFault_Handler
 111              		.syntax unified
 112              		.thumb
 113              		.thumb_func
 114              		.fpu fpv4-sp-d16
 116              	UsageFault_Handler:
 117              	.LFB130:
 112:Src/stm32f4xx_it.c ****   /* USER CODE BEGIN BusFault_IRQn 1 */
 113:Src/stm32f4xx_it.c **** 
 114:Src/stm32f4xx_it.c ****   /* USER CODE END BusFault_IRQn 1 */
 115:Src/stm32f4xx_it.c **** }
 116:Src/stm32f4xx_it.c **** 
 117:Src/stm32f4xx_it.c **** /**
 118:Src/stm32f4xx_it.c **** * @brief This function handles Undefined instruction or illegal state.
 119:Src/stm32f4xx_it.c **** */
 120:Src/stm32f4xx_it.c **** void UsageFault_Handler(void)
ARM GAS  C:\Users\DARKSP~1\AppData\Local\Temp\ccdHCCfo.s 			page 5


 121:Src/stm32f4xx_it.c **** {
 118              		.loc 1 121 1 view -0
 119              		.cfi_startproc
 120              		@ Volatile: function does not return.
 121              		@ args = 0, pretend = 0, frame = 0
 122              		@ frame_needed = 0, uses_anonymous_args = 0
 123              		@ link register save eliminated.
 124              	.L9:
 122:Src/stm32f4xx_it.c ****   /* USER CODE BEGIN UsageFault_IRQn 0 */
 123:Src/stm32f4xx_it.c **** 
 124:Src/stm32f4xx_it.c ****   /* USER CODE END UsageFault_IRQn 0 */
 125:Src/stm32f4xx_it.c ****   while (1)
 125              		.loc 1 125 3 discriminator 1 view .LVU12
 126:Src/stm32f4xx_it.c ****   {
 127:Src/stm32f4xx_it.c ****     /* USER CODE BEGIN W1_UsageFault_IRQn 0 */
 128:Src/stm32f4xx_it.c ****     /* USER CODE END W1_UsageFault_IRQn 0 */
 129:Src/stm32f4xx_it.c ****   }
 126              		.loc 1 129 3 discriminator 1 view .LVU13
 127 0000 FEE7     		b	.L9
 128              		.cfi_endproc
 129              	.LFE130:
 131              		.section	.text.SVC_Handler,"ax",%progbits
 132              		.align	1
 133              		.global	SVC_Handler
 134              		.syntax unified
 135              		.thumb
 136              		.thumb_func
 137              		.fpu fpv4-sp-d16
 139              	SVC_Handler:
 140              	.LFB131:
 130:Src/stm32f4xx_it.c ****   /* USER CODE BEGIN UsageFault_IRQn 1 */
 131:Src/stm32f4xx_it.c **** 
 132:Src/stm32f4xx_it.c ****   /* USER CODE END UsageFault_IRQn 1 */
 133:Src/stm32f4xx_it.c **** }
 134:Src/stm32f4xx_it.c **** 
 135:Src/stm32f4xx_it.c **** /**
 136:Src/stm32f4xx_it.c **** * @brief This function handles System service call via SWI instruction.
 137:Src/stm32f4xx_it.c **** */
 138:Src/stm32f4xx_it.c **** void SVC_Handler(void)
 139:Src/stm32f4xx_it.c **** {
 141              		.loc 1 139 1 view -0
 142              		.cfi_startproc
 143              		@ args = 0, pretend = 0, frame = 0
 144              		@ frame_needed = 0, uses_anonymous_args = 0
 145              		@ link register save eliminated.
 140:Src/stm32f4xx_it.c ****   /* USER CODE BEGIN SVCall_IRQn 0 */
 141:Src/stm32f4xx_it.c **** 
 142:Src/stm32f4xx_it.c ****   /* USER CODE END SVCall_IRQn 0 */
 143:Src/stm32f4xx_it.c ****   /* USER CODE BEGIN SVCall_IRQn 1 */
 144:Src/stm32f4xx_it.c **** 
 145:Src/stm32f4xx_it.c ****   /* USER CODE END SVCall_IRQn 1 */
 146:Src/stm32f4xx_it.c **** }
 146              		.loc 1 146 1 view .LVU15
 147 0000 7047     		bx	lr
 148              		.cfi_endproc
 149              	.LFE131:
 151              		.section	.text.DebugMon_Handler,"ax",%progbits
ARM GAS  C:\Users\DARKSP~1\AppData\Local\Temp\ccdHCCfo.s 			page 6


 152              		.align	1
 153              		.global	DebugMon_Handler
 154              		.syntax unified
 155              		.thumb
 156              		.thumb_func
 157              		.fpu fpv4-sp-d16
 159              	DebugMon_Handler:
 160              	.LFB132:
 147:Src/stm32f4xx_it.c **** 
 148:Src/stm32f4xx_it.c **** /**
 149:Src/stm32f4xx_it.c **** * @brief This function handles Debug monitor.
 150:Src/stm32f4xx_it.c **** */
 151:Src/stm32f4xx_it.c **** void DebugMon_Handler(void)
 152:Src/stm32f4xx_it.c **** {
 161              		.loc 1 152 1 view -0
 162              		.cfi_startproc
 163              		@ args = 0, pretend = 0, frame = 0
 164              		@ frame_needed = 0, uses_anonymous_args = 0
 165              		@ link register save eliminated.
 153:Src/stm32f4xx_it.c ****   /* USER CODE BEGIN DebugMonitor_IRQn 0 */
 154:Src/stm32f4xx_it.c **** 
 155:Src/stm32f4xx_it.c ****   /* USER CODE END DebugMonitor_IRQn 0 */
 156:Src/stm32f4xx_it.c ****   /* USER CODE BEGIN DebugMonitor_IRQn 1 */
 157:Src/stm32f4xx_it.c **** 
 158:Src/stm32f4xx_it.c ****   /* USER CODE END DebugMonitor_IRQn 1 */
 159:Src/stm32f4xx_it.c **** }
 166              		.loc 1 159 1 view .LVU17
 167 0000 7047     		bx	lr
 168              		.cfi_endproc
 169              	.LFE132:
 171              		.section	.text.PendSV_Handler,"ax",%progbits
 172              		.align	1
 173              		.global	PendSV_Handler
 174              		.syntax unified
 175              		.thumb
 176              		.thumb_func
 177              		.fpu fpv4-sp-d16
 179              	PendSV_Handler:
 180              	.LFB133:
 160:Src/stm32f4xx_it.c **** 
 161:Src/stm32f4xx_it.c **** /**
 162:Src/stm32f4xx_it.c **** * @brief This function handles Pendable request for system service.
 163:Src/stm32f4xx_it.c **** */
 164:Src/stm32f4xx_it.c **** void PendSV_Handler(void)
 165:Src/stm32f4xx_it.c **** {
 181              		.loc 1 165 1 view -0
 182              		.cfi_startproc
 183              		@ args = 0, pretend = 0, frame = 0
 184              		@ frame_needed = 0, uses_anonymous_args = 0
 185              		@ link register save eliminated.
 166:Src/stm32f4xx_it.c ****   /* USER CODE BEGIN PendSV_IRQn 0 */
 167:Src/stm32f4xx_it.c **** 
 168:Src/stm32f4xx_it.c ****   /* USER CODE END PendSV_IRQn 0 */
 169:Src/stm32f4xx_it.c ****   /* USER CODE BEGIN PendSV_IRQn 1 */
 170:Src/stm32f4xx_it.c **** 
 171:Src/stm32f4xx_it.c ****   /* USER CODE END PendSV_IRQn 1 */
 172:Src/stm32f4xx_it.c **** }
ARM GAS  C:\Users\DARKSP~1\AppData\Local\Temp\ccdHCCfo.s 			page 7


 186              		.loc 1 172 1 view .LVU19
 187 0000 7047     		bx	lr
 188              		.cfi_endproc
 189              	.LFE133:
 191              		.section	.text.SysTick_Handler,"ax",%progbits
 192              		.align	1
 193              		.global	SysTick_Handler
 194              		.syntax unified
 195              		.thumb
 196              		.thumb_func
 197              		.fpu fpv4-sp-d16
 199              	SysTick_Handler:
 200              	.LFB134:
 173:Src/stm32f4xx_it.c **** 
 174:Src/stm32f4xx_it.c **** /**
 175:Src/stm32f4xx_it.c **** * @brief This function handles System tick timer.
 176:Src/stm32f4xx_it.c **** */
 177:Src/stm32f4xx_it.c **** void SysTick_Handler(void)
 178:Src/stm32f4xx_it.c **** {
 201              		.loc 1 178 1 view -0
 202              		.cfi_startproc
 203              		@ args = 0, pretend = 0, frame = 0
 204              		@ frame_needed = 0, uses_anonymous_args = 0
 205 0000 08B5     		push	{r3, lr}
 206              	.LCFI0:
 207              		.cfi_def_cfa_offset 8
 208              		.cfi_offset 3, -8
 209              		.cfi_offset 14, -4
 179:Src/stm32f4xx_it.c ****   /* USER CODE BEGIN SysTick_IRQn 0 */
 180:Src/stm32f4xx_it.c **** 
 181:Src/stm32f4xx_it.c ****   /* USER CODE END SysTick_IRQn 0 */
 182:Src/stm32f4xx_it.c ****   HAL_SYSTICK_IRQHandler();
 210              		.loc 1 182 3 view .LVU21
 211 0002 FFF7FEFF 		bl	HAL_SYSTICK_IRQHandler
 212              	.LVL0:
 183:Src/stm32f4xx_it.c ****   /* USER CODE BEGIN SysTick_IRQn 1 */
 184:Src/stm32f4xx_it.c **** 
 185:Src/stm32f4xx_it.c ****   /* USER CODE END SysTick_IRQn 1 */
 186:Src/stm32f4xx_it.c **** }
 213              		.loc 1 186 1 is_stmt 0 view .LVU22
 214 0006 08BD     		pop	{r3, pc}
 215              		.cfi_endproc
 216              	.LFE134:
 218              		.section	.text.TIM6_DAC_IRQHandler,"ax",%progbits
 219              		.align	1
 220              		.global	TIM6_DAC_IRQHandler
 221              		.syntax unified
 222              		.thumb
 223              		.thumb_func
 224              		.fpu fpv4-sp-d16
 226              	TIM6_DAC_IRQHandler:
 227              	.LFB135:
 187:Src/stm32f4xx_it.c **** 
 188:Src/stm32f4xx_it.c **** /******************************************************************************/
 189:Src/stm32f4xx_it.c **** /* STM32F4xx Peripheral Interrupt Handlers                                    */
 190:Src/stm32f4xx_it.c **** /* Add here the Interrupt Handlers for the used peripherals.                  */
 191:Src/stm32f4xx_it.c **** /* For the available peripheral interrupt handler names,                      */
ARM GAS  C:\Users\DARKSP~1\AppData\Local\Temp\ccdHCCfo.s 			page 8


 192:Src/stm32f4xx_it.c **** /* please refer to the startup file (startup_stm32f4xx.s).                    */
 193:Src/stm32f4xx_it.c **** /******************************************************************************/
 194:Src/stm32f4xx_it.c **** 
 195:Src/stm32f4xx_it.c **** /**
 196:Src/stm32f4xx_it.c **** * @brief This function handles TIM6 global interrupt, DAC1 and DAC2 underrun error interrupts.
 197:Src/stm32f4xx_it.c **** */
 198:Src/stm32f4xx_it.c **** void TIM6_DAC_IRQHandler(void)
 199:Src/stm32f4xx_it.c **** {
 228              		.loc 1 199 1 is_stmt 1 view -0
 229              		.cfi_startproc
 230              		@ args = 0, pretend = 0, frame = 0
 231              		@ frame_needed = 0, uses_anonymous_args = 0
 232 0000 08B5     		push	{r3, lr}
 233              	.LCFI1:
 234              		.cfi_def_cfa_offset 8
 235              		.cfi_offset 3, -8
 236              		.cfi_offset 14, -4
 200:Src/stm32f4xx_it.c ****   /* USER CODE BEGIN TIM6_DAC_IRQn 0 */
 201:Src/stm32f4xx_it.c **** 
 202:Src/stm32f4xx_it.c ****   /* USER CODE END TIM6_DAC_IRQn 0 */
 203:Src/stm32f4xx_it.c ****   HAL_TIM_IRQHandler(&htim6);
 237              		.loc 1 203 3 view .LVU24
 238 0002 0248     		ldr	r0, .L17
 239 0004 FFF7FEFF 		bl	HAL_TIM_IRQHandler
 240              	.LVL1:
 204:Src/stm32f4xx_it.c ****   /* USER CODE BEGIN TIM6_DAC_IRQn 1 */
 205:Src/stm32f4xx_it.c **** 
 206:Src/stm32f4xx_it.c ****   /* USER CODE END TIM6_DAC_IRQn 1 */
 207:Src/stm32f4xx_it.c **** }
 241              		.loc 1 207 1 is_stmt 0 view .LVU25
 242 0008 08BD     		pop	{r3, pc}
 243              	.L18:
 244 000a 00BF     		.align	2
 245              	.L17:
 246 000c 00000000 		.word	htim6
 247              		.cfi_endproc
 248              	.LFE135:
 250              		.text
 251              	.Letext0:
 252              		.file 2 "c:\\program files (x86)\\gnu tools arm embedded\\8 2019-q3-update\\arm-none-eabi\\include
 253              		.file 3 "c:\\program files (x86)\\gnu tools arm embedded\\8 2019-q3-update\\arm-none-eabi\\include
 254              		.file 4 "Drivers/CMSIS/Include/core_cm4.h"
 255              		.file 5 "Drivers/CMSIS/Device/ST/STM32F4xx/Include/system_stm32f4xx.h"
 256              		.file 6 "Drivers/CMSIS/Device/ST/STM32F4xx/Include/stm32f407xx.h"
 257              		.file 7 "c:\\program files (x86)\\gnu tools arm embedded\\8 2019-q3-update\\lib\\gcc\\arm-none-eab
 258              		.file 8 "c:\\program files (x86)\\gnu tools arm embedded\\8 2019-q3-update\\arm-none-eabi\\include
 259              		.file 9 "c:\\program files (x86)\\gnu tools arm embedded\\8 2019-q3-update\\arm-none-eabi\\include
 260              		.file 10 "c:\\program files (x86)\\gnu tools arm embedded\\8 2019-q3-update\\arm-none-eabi\\includ
 261              		.file 11 "Drivers/STM32F4xx_HAL_Driver/Inc/stm32f4xx_hal_def.h"
 262              		.file 12 "Drivers/STM32F4xx_HAL_Driver/Inc/stm32f4xx_hal_dma.h"
 263              		.file 13 "Drivers/STM32F4xx_HAL_Driver/Inc/stm32f4xx_hal_tim.h"
 264              		.file 14 "Drivers/STM32F4xx_HAL_Driver/Inc/stm32f4xx_hal_cortex.h"
ARM GAS  C:\Users\DARKSP~1\AppData\Local\Temp\ccdHCCfo.s 			page 9


DEFINED SYMBOLS
                            *ABS*:00000000 stm32f4xx_it.c
C:\Users\DARKSP~1\AppData\Local\Temp\ccdHCCfo.s:18     .text.NMI_Handler:00000000 $t
C:\Users\DARKSP~1\AppData\Local\Temp\ccdHCCfo.s:26     .text.NMI_Handler:00000000 NMI_Handler
C:\Users\DARKSP~1\AppData\Local\Temp\ccdHCCfo.s:40     .text.HardFault_Handler:00000000 $t
C:\Users\DARKSP~1\AppData\Local\Temp\ccdHCCfo.s:47     .text.HardFault_Handler:00000000 HardFault_Handler
C:\Users\DARKSP~1\AppData\Local\Temp\ccdHCCfo.s:63     .text.MemManage_Handler:00000000 $t
C:\Users\DARKSP~1\AppData\Local\Temp\ccdHCCfo.s:70     .text.MemManage_Handler:00000000 MemManage_Handler
C:\Users\DARKSP~1\AppData\Local\Temp\ccdHCCfo.s:86     .text.BusFault_Handler:00000000 $t
C:\Users\DARKSP~1\AppData\Local\Temp\ccdHCCfo.s:93     .text.BusFault_Handler:00000000 BusFault_Handler
C:\Users\DARKSP~1\AppData\Local\Temp\ccdHCCfo.s:109    .text.UsageFault_Handler:00000000 $t
C:\Users\DARKSP~1\AppData\Local\Temp\ccdHCCfo.s:116    .text.UsageFault_Handler:00000000 UsageFault_Handler
C:\Users\DARKSP~1\AppData\Local\Temp\ccdHCCfo.s:132    .text.SVC_Handler:00000000 $t
C:\Users\DARKSP~1\AppData\Local\Temp\ccdHCCfo.s:139    .text.SVC_Handler:00000000 SVC_Handler
C:\Users\DARKSP~1\AppData\Local\Temp\ccdHCCfo.s:152    .text.DebugMon_Handler:00000000 $t
C:\Users\DARKSP~1\AppData\Local\Temp\ccdHCCfo.s:159    .text.DebugMon_Handler:00000000 DebugMon_Handler
C:\Users\DARKSP~1\AppData\Local\Temp\ccdHCCfo.s:172    .text.PendSV_Handler:00000000 $t
C:\Users\DARKSP~1\AppData\Local\Temp\ccdHCCfo.s:179    .text.PendSV_Handler:00000000 PendSV_Handler
C:\Users\DARKSP~1\AppData\Local\Temp\ccdHCCfo.s:192    .text.SysTick_Handler:00000000 $t
C:\Users\DARKSP~1\AppData\Local\Temp\ccdHCCfo.s:199    .text.SysTick_Handler:00000000 SysTick_Handler
C:\Users\DARKSP~1\AppData\Local\Temp\ccdHCCfo.s:219    .text.TIM6_DAC_IRQHandler:00000000 $t
C:\Users\DARKSP~1\AppData\Local\Temp\ccdHCCfo.s:226    .text.TIM6_DAC_IRQHandler:00000000 TIM6_DAC_IRQHandler
C:\Users\DARKSP~1\AppData\Local\Temp\ccdHCCfo.s:246    .text.TIM6_DAC_IRQHandler:0000000c $d

UNDEFINED SYMBOLS
HAL_SYSTICK_IRQHandler
HAL_TIM_IRQHandler
htim6
