ARM GAS  C:\Users\DARKSP~1\AppData\Local\Temp\ccXQjzrt.s 			page 1


   1              		.cpu cortex-m4
   2              		.eabi_attribute 27, 1
   3              		.eabi_attribute 28, 1
   4              		.eabi_attribute 20, 1
   5              		.eabi_attribute 21, 1
   6              		.eabi_attribute 23, 3
   7              		.eabi_attribute 24, 1
   8              		.eabi_attribute 25, 1
   9              		.eabi_attribute 26, 1
  10              		.eabi_attribute 30, 1
  11              		.eabi_attribute 34, 1
  12              		.eabi_attribute 18, 4
  13              		.file	"stm32f4xx_hal_msp.c"
  14              		.text
  15              	.Ltext0:
  16              		.cfi_sections	.debug_frame
  17              		.section	.text.HAL_FSMC_MspInit,"ax",%progbits
  18              		.align	1
  19              		.arch armv7e-m
  20              		.syntax unified
  21              		.thumb
  22              		.thumb_func
  23              		.fpu fpv4-sp-d16
  25              	HAL_FSMC_MspInit:
  26              	.LFB131:
  27              		.file 1 "Src/stm32f4xx_hal_msp.c"
   1:Src/stm32f4xx_hal_msp.c **** /**
   2:Src/stm32f4xx_hal_msp.c ****   ******************************************************************************
   3:Src/stm32f4xx_hal_msp.c ****   * File Name          : stm32f4xx_hal_msp.c
   4:Src/stm32f4xx_hal_msp.c ****   * Description        : This file provides code for the MSP Initialization 
   5:Src/stm32f4xx_hal_msp.c ****   *                      and de-Initialization codes.
   6:Src/stm32f4xx_hal_msp.c ****   ******************************************************************************
   7:Src/stm32f4xx_hal_msp.c ****   ** This notice applies to any and all portions of this file
   8:Src/stm32f4xx_hal_msp.c ****   * that are not between comment pairs USER CODE BEGIN and
   9:Src/stm32f4xx_hal_msp.c ****   * USER CODE END. Other portions of this file, whether 
  10:Src/stm32f4xx_hal_msp.c ****   * inserted by the user or by software development tools
  11:Src/stm32f4xx_hal_msp.c ****   * are owned by their respective copyright owners.
  12:Src/stm32f4xx_hal_msp.c ****   *
  13:Src/stm32f4xx_hal_msp.c ****   * COPYRIGHT(c) 2019 STMicroelectronics
  14:Src/stm32f4xx_hal_msp.c ****   *
  15:Src/stm32f4xx_hal_msp.c ****   * Redistribution and use in source and binary forms, with or without modification,
  16:Src/stm32f4xx_hal_msp.c ****   * are permitted provided that the following conditions are met:
  17:Src/stm32f4xx_hal_msp.c ****   *   1. Redistributions of source code must retain the above copyright notice,
  18:Src/stm32f4xx_hal_msp.c ****   *      this list of conditions and the following disclaimer.
  19:Src/stm32f4xx_hal_msp.c ****   *   2. Redistributions in binary form must reproduce the above copyright notice,
  20:Src/stm32f4xx_hal_msp.c ****   *      this list of conditions and the following disclaimer in the documentation
  21:Src/stm32f4xx_hal_msp.c ****   *      and/or other materials provided with the distribution.
  22:Src/stm32f4xx_hal_msp.c ****   *   3. Neither the name of STMicroelectronics nor the names of its contributors
  23:Src/stm32f4xx_hal_msp.c ****   *      may be used to endorse or promote products derived from this software
  24:Src/stm32f4xx_hal_msp.c ****   *      without specific prior written permission.
  25:Src/stm32f4xx_hal_msp.c ****   *
  26:Src/stm32f4xx_hal_msp.c ****   * THIS SOFTWARE IS PROVIDED BY THE COPYRIGHT HOLDERS AND CONTRIBUTORS "AS IS"
  27:Src/stm32f4xx_hal_msp.c ****   * AND ANY EXPRESS OR IMPLIED WARRANTIES, INCLUDING, BUT NOT LIMITED TO, THE
  28:Src/stm32f4xx_hal_msp.c ****   * IMPLIED WARRANTIES OF MERCHANTABILITY AND FITNESS FOR A PARTICULAR PURPOSE ARE
  29:Src/stm32f4xx_hal_msp.c ****   * DISCLAIMED. IN NO EVENT SHALL THE COPYRIGHT HOLDER OR CONTRIBUTORS BE LIABLE
  30:Src/stm32f4xx_hal_msp.c ****   * FOR ANY DIRECT, INDIRECT, INCIDENTAL, SPECIAL, EXEMPLARY, OR CONSEQUENTIAL
  31:Src/stm32f4xx_hal_msp.c ****   * DAMAGES (INCLUDING, BUT NOT LIMITED TO, PROCUREMENT OF SUBSTITUTE GOODS OR
ARM GAS  C:\Users\DARKSP~1\AppData\Local\Temp\ccXQjzrt.s 			page 2


  32:Src/stm32f4xx_hal_msp.c ****   * SERVICES; LOSS OF USE, DATA, OR PROFITS; OR BUSINESS INTERRUPTION) HOWEVER
  33:Src/stm32f4xx_hal_msp.c ****   * CAUSED AND ON ANY THEORY OF LIABILITY, WHETHER IN CONTRACT, STRICT LIABILITY,
  34:Src/stm32f4xx_hal_msp.c ****   * OR TORT (INCLUDING NEGLIGENCE OR OTHERWISE) ARISING IN ANY WAY OUT OF THE USE
  35:Src/stm32f4xx_hal_msp.c ****   * OF THIS SOFTWARE, EVEN IF ADVISED OF THE POSSIBILITY OF SUCH DAMAGE.
  36:Src/stm32f4xx_hal_msp.c ****   *
  37:Src/stm32f4xx_hal_msp.c ****   ******************************************************************************
  38:Src/stm32f4xx_hal_msp.c ****   */
  39:Src/stm32f4xx_hal_msp.c **** /* Includes ------------------------------------------------------------------*/
  40:Src/stm32f4xx_hal_msp.c **** #include "stm32f4xx_hal.h"
  41:Src/stm32f4xx_hal_msp.c **** extern void _Error_Handler(char *, int);
  42:Src/stm32f4xx_hal_msp.c **** /* USER CODE BEGIN 0 */
  43:Src/stm32f4xx_hal_msp.c **** 
  44:Src/stm32f4xx_hal_msp.c **** /* USER CODE END 0 */
  45:Src/stm32f4xx_hal_msp.c **** /**
  46:Src/stm32f4xx_hal_msp.c ****   * Initializes the Global MSP.
  47:Src/stm32f4xx_hal_msp.c ****   */
  48:Src/stm32f4xx_hal_msp.c **** void HAL_MspInit(void)
  49:Src/stm32f4xx_hal_msp.c **** {
  50:Src/stm32f4xx_hal_msp.c ****   /* USER CODE BEGIN MspInit 0 */
  51:Src/stm32f4xx_hal_msp.c **** 
  52:Src/stm32f4xx_hal_msp.c ****   /* USER CODE END MspInit 0 */
  53:Src/stm32f4xx_hal_msp.c **** 
  54:Src/stm32f4xx_hal_msp.c ****   __HAL_RCC_SYSCFG_CLK_ENABLE();
  55:Src/stm32f4xx_hal_msp.c ****   __HAL_RCC_PWR_CLK_ENABLE();
  56:Src/stm32f4xx_hal_msp.c **** 
  57:Src/stm32f4xx_hal_msp.c ****   HAL_NVIC_SetPriorityGrouping(NVIC_PRIORITYGROUP_4);
  58:Src/stm32f4xx_hal_msp.c **** 
  59:Src/stm32f4xx_hal_msp.c ****   /* System interrupt init*/
  60:Src/stm32f4xx_hal_msp.c ****   /* MemoryManagement_IRQn interrupt configuration */
  61:Src/stm32f4xx_hal_msp.c ****   HAL_NVIC_SetPriority(MemoryManagement_IRQn, 0, 0);
  62:Src/stm32f4xx_hal_msp.c ****   /* BusFault_IRQn interrupt configuration */
  63:Src/stm32f4xx_hal_msp.c ****   HAL_NVIC_SetPriority(BusFault_IRQn, 0, 0);
  64:Src/stm32f4xx_hal_msp.c ****   /* UsageFault_IRQn interrupt configuration */
  65:Src/stm32f4xx_hal_msp.c ****   HAL_NVIC_SetPriority(UsageFault_IRQn, 0, 0);
  66:Src/stm32f4xx_hal_msp.c ****   /* SVCall_IRQn interrupt configuration */
  67:Src/stm32f4xx_hal_msp.c ****   HAL_NVIC_SetPriority(SVCall_IRQn, 0, 0);
  68:Src/stm32f4xx_hal_msp.c ****   /* DebugMonitor_IRQn interrupt configuration */
  69:Src/stm32f4xx_hal_msp.c ****   HAL_NVIC_SetPriority(DebugMonitor_IRQn, 0, 0);
  70:Src/stm32f4xx_hal_msp.c ****   /* PendSV_IRQn interrupt configuration */
  71:Src/stm32f4xx_hal_msp.c ****   HAL_NVIC_SetPriority(PendSV_IRQn, 0, 0);
  72:Src/stm32f4xx_hal_msp.c ****   /* SysTick_IRQn interrupt configuration */
  73:Src/stm32f4xx_hal_msp.c ****   HAL_NVIC_SetPriority(SysTick_IRQn, 0, 0);
  74:Src/stm32f4xx_hal_msp.c **** 
  75:Src/stm32f4xx_hal_msp.c ****   /* USER CODE BEGIN MspInit 1 */
  76:Src/stm32f4xx_hal_msp.c **** 
  77:Src/stm32f4xx_hal_msp.c ****   /* USER CODE END MspInit 1 */
  78:Src/stm32f4xx_hal_msp.c **** }
  79:Src/stm32f4xx_hal_msp.c **** 
  80:Src/stm32f4xx_hal_msp.c **** void HAL_RTC_MspInit(RTC_HandleTypeDef* hrtc)
  81:Src/stm32f4xx_hal_msp.c **** {
  82:Src/stm32f4xx_hal_msp.c **** 
  83:Src/stm32f4xx_hal_msp.c ****   if(hrtc->Instance==RTC)
  84:Src/stm32f4xx_hal_msp.c ****   {
  85:Src/stm32f4xx_hal_msp.c ****   /* USER CODE BEGIN RTC_MspInit 0 */
  86:Src/stm32f4xx_hal_msp.c **** 
  87:Src/stm32f4xx_hal_msp.c ****   /* USER CODE END RTC_MspInit 0 */
  88:Src/stm32f4xx_hal_msp.c ****     /* Peripheral clock enable */
ARM GAS  C:\Users\DARKSP~1\AppData\Local\Temp\ccXQjzrt.s 			page 3


  89:Src/stm32f4xx_hal_msp.c ****     __HAL_RCC_RTC_ENABLE();
  90:Src/stm32f4xx_hal_msp.c ****   /* USER CODE BEGIN RTC_MspInit 1 */
  91:Src/stm32f4xx_hal_msp.c **** 
  92:Src/stm32f4xx_hal_msp.c ****   /* USER CODE END RTC_MspInit 1 */
  93:Src/stm32f4xx_hal_msp.c ****   }
  94:Src/stm32f4xx_hal_msp.c **** 
  95:Src/stm32f4xx_hal_msp.c **** }
  96:Src/stm32f4xx_hal_msp.c **** 
  97:Src/stm32f4xx_hal_msp.c **** void HAL_RTC_MspDeInit(RTC_HandleTypeDef* hrtc)
  98:Src/stm32f4xx_hal_msp.c **** {
  99:Src/stm32f4xx_hal_msp.c **** 
 100:Src/stm32f4xx_hal_msp.c ****   if(hrtc->Instance==RTC)
 101:Src/stm32f4xx_hal_msp.c ****   {
 102:Src/stm32f4xx_hal_msp.c ****   /* USER CODE BEGIN RTC_MspDeInit 0 */
 103:Src/stm32f4xx_hal_msp.c **** 
 104:Src/stm32f4xx_hal_msp.c ****   /* USER CODE END RTC_MspDeInit 0 */
 105:Src/stm32f4xx_hal_msp.c ****     /* Peripheral clock disable */
 106:Src/stm32f4xx_hal_msp.c ****     __HAL_RCC_RTC_DISABLE();
 107:Src/stm32f4xx_hal_msp.c ****   /* USER CODE BEGIN RTC_MspDeInit 1 */
 108:Src/stm32f4xx_hal_msp.c **** 
 109:Src/stm32f4xx_hal_msp.c ****   /* USER CODE END RTC_MspDeInit 1 */
 110:Src/stm32f4xx_hal_msp.c ****   }
 111:Src/stm32f4xx_hal_msp.c **** 
 112:Src/stm32f4xx_hal_msp.c **** }
 113:Src/stm32f4xx_hal_msp.c **** void HAL_UART_MspInit(UART_HandleTypeDef* huart)
 114:Src/stm32f4xx_hal_msp.c **** {
 115:Src/stm32f4xx_hal_msp.c ****   GPIO_InitTypeDef GPIO_InitStruct = {0};
 116:Src/stm32f4xx_hal_msp.c ****   if(huart->Instance==USART1)
 117:Src/stm32f4xx_hal_msp.c ****   {
 118:Src/stm32f4xx_hal_msp.c ****   /* USER CODE BEGIN USART1_MspInit 0 */
 119:Src/stm32f4xx_hal_msp.c ****  __HAL_RCC_USART1_CLK_ENABLE();
 120:Src/stm32f4xx_hal_msp.c ****   
 121:Src/stm32f4xx_hal_msp.c ****     __HAL_RCC_GPIOA_CLK_ENABLE();
 122:Src/stm32f4xx_hal_msp.c ****     /**USART1 GPIO Configuration    
 123:Src/stm32f4xx_hal_msp.c ****     PA9     ------> USART1_TX
 124:Src/stm32f4xx_hal_msp.c ****     PA10     ------> USART1_RX 
 125:Src/stm32f4xx_hal_msp.c ****     */
 126:Src/stm32f4xx_hal_msp.c ****     GPIO_InitStruct.Pin = GPIO_PIN_9;
 127:Src/stm32f4xx_hal_msp.c ****     GPIO_InitStruct.Mode = GPIO_MODE_AF_PP;
 128:Src/stm32f4xx_hal_msp.c ****     GPIO_InitStruct.Speed = GPIO_SPEED_FREQ_HIGH;
 129:Src/stm32f4xx_hal_msp.c ****     GPIO_InitStruct.Alternate = GPIO_AF7_USART1;
 130:Src/stm32f4xx_hal_msp.c ****     HAL_GPIO_Init(GPIOA, &GPIO_InitStruct);
 131:Src/stm32f4xx_hal_msp.c **** 
 132:Src/stm32f4xx_hal_msp.c ****     GPIO_InitStruct.Pin = GPIO_PIN_10;
 133:Src/stm32f4xx_hal_msp.c ****     GPIO_InitStruct.Mode = GPIO_MODE_INPUT;
 134:Src/stm32f4xx_hal_msp.c ****     GPIO_InitStruct.Pull = GPIO_NOPULL;
 135:Src/stm32f4xx_hal_msp.c ****     GPIO_InitStruct.Alternate = GPIO_AF7_USART1;
 136:Src/stm32f4xx_hal_msp.c ****     HAL_GPIO_Init(GPIOA, &GPIO_InitStruct);
 137:Src/stm32f4xx_hal_msp.c **** 
 138:Src/stm32f4xx_hal_msp.c **** 
 139:Src/stm32f4xx_hal_msp.c **** 
 140:Src/stm32f4xx_hal_msp.c **** 
 141:Src/stm32f4xx_hal_msp.c ****   }
 142:Src/stm32f4xx_hal_msp.c ****   else if(huart->Instance==USART3)
 143:Src/stm32f4xx_hal_msp.c ****   {
 144:Src/stm32f4xx_hal_msp.c **** 
 145:Src/stm32f4xx_hal_msp.c ****     __HAL_RCC_USART3_CLK_ENABLE();
ARM GAS  C:\Users\DARKSP~1\AppData\Local\Temp\ccXQjzrt.s 			page 4


 146:Src/stm32f4xx_hal_msp.c ****   
 147:Src/stm32f4xx_hal_msp.c ****     __HAL_RCC_GPIOB_CLK_ENABLE();
 148:Src/stm32f4xx_hal_msp.c ****     /**USART3 GPIO Configuration    
 149:Src/stm32f4xx_hal_msp.c ****     PB10     ------> USART3_TX
 150:Src/stm32f4xx_hal_msp.c ****     PB11     ------> USART3_RX 
 151:Src/stm32f4xx_hal_msp.c ****     */
 152:Src/stm32f4xx_hal_msp.c ****     GPIO_InitStruct.Pin = GPIO_PIN_10|GPIO_PIN_11;
 153:Src/stm32f4xx_hal_msp.c ****     GPIO_InitStruct.Mode = GPIO_MODE_AF_PP;
 154:Src/stm32f4xx_hal_msp.c ****     GPIO_InitStruct.Pull = GPIO_PULLUP;
 155:Src/stm32f4xx_hal_msp.c ****     GPIO_InitStruct.Speed = GPIO_SPEED_FREQ_VERY_HIGH;
 156:Src/stm32f4xx_hal_msp.c ****     GPIO_InitStruct.Alternate = GPIO_AF7_USART3;
 157:Src/stm32f4xx_hal_msp.c ****     HAL_GPIO_Init(GPIOB, &GPIO_InitStruct);
 158:Src/stm32f4xx_hal_msp.c **** 
 159:Src/stm32f4xx_hal_msp.c ****   /* USER CODE BEGIN USART3_MspInit 1 */
 160:Src/stm32f4xx_hal_msp.c **** 
 161:Src/stm32f4xx_hal_msp.c ****   /* USER CODE END USART3_MspInit 1 */
 162:Src/stm32f4xx_hal_msp.c ****   }
 163:Src/stm32f4xx_hal_msp.c ****   else if(huart->Instance==USART6)
 164:Src/stm32f4xx_hal_msp.c ****   {
 165:Src/stm32f4xx_hal_msp.c ****   /* USER CODE BEGIN USART6_MspInit 0 */
 166:Src/stm32f4xx_hal_msp.c **** 
 167:Src/stm32f4xx_hal_msp.c ****   /* USER CODE END USART6_MspInit 0 */
 168:Src/stm32f4xx_hal_msp.c ****     /* Peripheral clock enable */
 169:Src/stm32f4xx_hal_msp.c ****     __HAL_RCC_USART6_CLK_ENABLE();
 170:Src/stm32f4xx_hal_msp.c ****   
 171:Src/stm32f4xx_hal_msp.c ****     __HAL_RCC_GPIOC_CLK_ENABLE();
 172:Src/stm32f4xx_hal_msp.c ****     /**USART6 GPIO Configuration    
 173:Src/stm32f4xx_hal_msp.c ****     PC6     ------> USART6_TX
 174:Src/stm32f4xx_hal_msp.c ****     PC7     ------> USART6_RX 
 175:Src/stm32f4xx_hal_msp.c ****     */
 176:Src/stm32f4xx_hal_msp.c ****     GPIO_InitStruct.Pin = GPIO_PIN_6|GPIO_PIN_7;
 177:Src/stm32f4xx_hal_msp.c ****     GPIO_InitStruct.Mode = GPIO_MODE_AF_PP;
 178:Src/stm32f4xx_hal_msp.c ****     GPIO_InitStruct.Pull = GPIO_PULLUP;
 179:Src/stm32f4xx_hal_msp.c ****     GPIO_InitStruct.Speed = GPIO_SPEED_FREQ_VERY_HIGH;
 180:Src/stm32f4xx_hal_msp.c ****     GPIO_InitStruct.Alternate = GPIO_AF8_USART6;
 181:Src/stm32f4xx_hal_msp.c ****     HAL_GPIO_Init(GPIOC, &GPIO_InitStruct);
 182:Src/stm32f4xx_hal_msp.c **** 
 183:Src/stm32f4xx_hal_msp.c ****   /* USER CODE BEGIN USART6_MspInit 1 */
 184:Src/stm32f4xx_hal_msp.c **** 
 185:Src/stm32f4xx_hal_msp.c ****   /* USER CODE END USART6_MspInit 1 */
 186:Src/stm32f4xx_hal_msp.c ****   }
 187:Src/stm32f4xx_hal_msp.c **** 
 188:Src/stm32f4xx_hal_msp.c **** }
 189:Src/stm32f4xx_hal_msp.c **** 
 190:Src/stm32f4xx_hal_msp.c **** /**
 191:Src/stm32f4xx_hal_msp.c **** * @brief UART MSP De-Initialization
 192:Src/stm32f4xx_hal_msp.c **** * This function freeze the hardware resources used in this example
 193:Src/stm32f4xx_hal_msp.c **** * @param huart: UART handle pointer
 194:Src/stm32f4xx_hal_msp.c **** * @retval None
 195:Src/stm32f4xx_hal_msp.c **** */
 196:Src/stm32f4xx_hal_msp.c **** void HAL_UART_MspDeInit(UART_HandleTypeDef* huart)
 197:Src/stm32f4xx_hal_msp.c **** {
 198:Src/stm32f4xx_hal_msp.c ****   if(huart->Instance==USART1)
 199:Src/stm32f4xx_hal_msp.c ****   {
 200:Src/stm32f4xx_hal_msp.c ****   /* USER CODE BEGIN USART1_MspDeInit 0 */
 201:Src/stm32f4xx_hal_msp.c **** 
 202:Src/stm32f4xx_hal_msp.c ****   /* USER CODE END USART1_MspDeInit 0 */
ARM GAS  C:\Users\DARKSP~1\AppData\Local\Temp\ccXQjzrt.s 			page 5


 203:Src/stm32f4xx_hal_msp.c ****     /* Peripheral clock disable */
 204:Src/stm32f4xx_hal_msp.c ****     __HAL_RCC_USART1_CLK_DISABLE();
 205:Src/stm32f4xx_hal_msp.c ****   
 206:Src/stm32f4xx_hal_msp.c ****     /**USART1 GPIO Configuration    
 207:Src/stm32f4xx_hal_msp.c ****     PA9     ------> USART1_TX
 208:Src/stm32f4xx_hal_msp.c ****     PA10     ------> USART1_RX 
 209:Src/stm32f4xx_hal_msp.c ****     */
 210:Src/stm32f4xx_hal_msp.c ****     HAL_GPIO_DeInit(GPIOA, GPIO_PIN_9|GPIO_PIN_10);
 211:Src/stm32f4xx_hal_msp.c **** 
 212:Src/stm32f4xx_hal_msp.c ****   /* USER CODE BEGIN USART1_MspDeInit 1 */
 213:Src/stm32f4xx_hal_msp.c **** 
 214:Src/stm32f4xx_hal_msp.c ****   /* USER CODE END USART1_MspDeInit 1 */
 215:Src/stm32f4xx_hal_msp.c ****   }
 216:Src/stm32f4xx_hal_msp.c ****   else if(huart->Instance==USART3)
 217:Src/stm32f4xx_hal_msp.c ****   {
 218:Src/stm32f4xx_hal_msp.c ****   /* USER CODE BEGIN USART3_MspDeInit 0 */
 219:Src/stm32f4xx_hal_msp.c **** 
 220:Src/stm32f4xx_hal_msp.c ****   /* USER CODE END USART3_MspDeInit 0 */
 221:Src/stm32f4xx_hal_msp.c ****     /* Peripheral clock disable */
 222:Src/stm32f4xx_hal_msp.c ****     __HAL_RCC_USART3_CLK_DISABLE();
 223:Src/stm32f4xx_hal_msp.c ****   
 224:Src/stm32f4xx_hal_msp.c ****     /**USART3 GPIO Configuration    
 225:Src/stm32f4xx_hal_msp.c ****     PB10     ------> USART3_TX
 226:Src/stm32f4xx_hal_msp.c ****     PB11     ------> USART3_RX 
 227:Src/stm32f4xx_hal_msp.c ****     */
 228:Src/stm32f4xx_hal_msp.c ****     HAL_GPIO_DeInit(GPIOB, GPIO_PIN_10|GPIO_PIN_11);
 229:Src/stm32f4xx_hal_msp.c **** 
 230:Src/stm32f4xx_hal_msp.c ****   /* USER CODE BEGIN USART3_MspDeInit 1 */
 231:Src/stm32f4xx_hal_msp.c **** 
 232:Src/stm32f4xx_hal_msp.c ****   /* USER CODE END USART3_MspDeInit 1 */
 233:Src/stm32f4xx_hal_msp.c ****   }
 234:Src/stm32f4xx_hal_msp.c ****   else if(huart->Instance==USART6)
 235:Src/stm32f4xx_hal_msp.c ****   {
 236:Src/stm32f4xx_hal_msp.c ****   /* USER CODE BEGIN USART6_MspDeInit 0 */
 237:Src/stm32f4xx_hal_msp.c **** 
 238:Src/stm32f4xx_hal_msp.c ****   /* USER CODE END USART6_MspDeInit 0 */
 239:Src/stm32f4xx_hal_msp.c ****     /* Peripheral clock disable */
 240:Src/stm32f4xx_hal_msp.c ****     __HAL_RCC_USART6_CLK_DISABLE();
 241:Src/stm32f4xx_hal_msp.c ****   
 242:Src/stm32f4xx_hal_msp.c ****     /**USART6 GPIO Configuration    
 243:Src/stm32f4xx_hal_msp.c ****     PC6     ------> USART6_TX
 244:Src/stm32f4xx_hal_msp.c ****     PC7     ------> USART6_RX 
 245:Src/stm32f4xx_hal_msp.c ****     */
 246:Src/stm32f4xx_hal_msp.c ****     HAL_GPIO_DeInit(GPIOC, GPIO_PIN_6|GPIO_PIN_7);
 247:Src/stm32f4xx_hal_msp.c **** 
 248:Src/stm32f4xx_hal_msp.c ****   /* USER CODE BEGIN USART6_MspDeInit 1 */
 249:Src/stm32f4xx_hal_msp.c **** 
 250:Src/stm32f4xx_hal_msp.c ****   /* USER CODE END USART6_MspDeInit 1 */
 251:Src/stm32f4xx_hal_msp.c ****   }
 252:Src/stm32f4xx_hal_msp.c **** 
 253:Src/stm32f4xx_hal_msp.c **** }
 254:Src/stm32f4xx_hal_msp.c **** static uint32_t FSMC_Initialized = 0;
 255:Src/stm32f4xx_hal_msp.c **** 
 256:Src/stm32f4xx_hal_msp.c **** static void HAL_FSMC_MspInit(void){
  28              		.loc 1 256 35 view -0
  29              		.cfi_startproc
  30              		@ args = 0, pretend = 0, frame = 24
ARM GAS  C:\Users\DARKSP~1\AppData\Local\Temp\ccXQjzrt.s 			page 6


  31              		@ frame_needed = 0, uses_anonymous_args = 0
 257:Src/stm32f4xx_hal_msp.c ****   /* USER CODE BEGIN FSMC_MspInit 0 */
 258:Src/stm32f4xx_hal_msp.c **** 
 259:Src/stm32f4xx_hal_msp.c ****   /* USER CODE END FSMC_MspInit 0 */
 260:Src/stm32f4xx_hal_msp.c ****   GPIO_InitTypeDef GPIO_InitStruct;
  32              		.loc 1 260 3 view .LVU1
 261:Src/stm32f4xx_hal_msp.c ****   if (FSMC_Initialized) {
  33              		.loc 1 261 3 view .LVU2
  34              		.loc 1 261 7 is_stmt 0 view .LVU3
  35 0000 174B     		ldr	r3, .L9
  36 0002 1B68     		ldr	r3, [r3]
  37              		.loc 1 261 6 view .LVU4
  38 0004 03B1     		cbz	r3, .L8
  39 0006 7047     		bx	lr
  40              	.L8:
 256:Src/stm32f4xx_hal_msp.c ****   /* USER CODE BEGIN FSMC_MspInit 0 */
  41              		.loc 1 256 35 view .LVU5
  42 0008 F0B5     		push	{r4, r5, r6, r7, lr}
  43              	.LCFI0:
  44              		.cfi_def_cfa_offset 20
  45              		.cfi_offset 4, -20
  46              		.cfi_offset 5, -16
  47              		.cfi_offset 6, -12
  48              		.cfi_offset 7, -8
  49              		.cfi_offset 14, -4
  50 000a 87B0     		sub	sp, sp, #28
  51              	.LCFI1:
  52              		.cfi_def_cfa_offset 48
 262:Src/stm32f4xx_hal_msp.c ****     return;
 263:Src/stm32f4xx_hal_msp.c ****   }
 264:Src/stm32f4xx_hal_msp.c ****   FSMC_Initialized = 1;
  53              		.loc 1 264 3 is_stmt 1 view .LVU6
  54              		.loc 1 264 20 is_stmt 0 view .LVU7
  55 000c 144B     		ldr	r3, .L9
  56 000e 0122     		movs	r2, #1
  57 0010 1A60     		str	r2, [r3]
 265:Src/stm32f4xx_hal_msp.c ****   /* Peripheral clock enable */
 266:Src/stm32f4xx_hal_msp.c ****   __HAL_RCC_FSMC_CLK_ENABLE();
  58              		.loc 1 266 3 is_stmt 1 view .LVU8
  59              	.LBB2:
  60              		.loc 1 266 3 view .LVU9
  61 0012 0024     		movs	r4, #0
  62 0014 0094     		str	r4, [sp]
  63              		.loc 1 266 3 view .LVU10
  64 0016 134B     		ldr	r3, .L9+4
  65 0018 9A6B     		ldr	r2, [r3, #56]
  66 001a 42F00102 		orr	r2, r2, #1
  67 001e 9A63     		str	r2, [r3, #56]
  68              		.loc 1 266 3 view .LVU11
  69 0020 9B6B     		ldr	r3, [r3, #56]
  70 0022 03F00103 		and	r3, r3, #1
  71 0026 0093     		str	r3, [sp]
  72              		.loc 1 266 3 view .LVU12
  73 0028 009B     		ldr	r3, [sp]
  74              	.LBE2:
 267:Src/stm32f4xx_hal_msp.c ****   
 268:Src/stm32f4xx_hal_msp.c ****   /** FSMC GPIO Configuration  
ARM GAS  C:\Users\DARKSP~1\AppData\Local\Temp\ccXQjzrt.s 			page 7


 269:Src/stm32f4xx_hal_msp.c ****   PE7   ------> FSMC_D4
 270:Src/stm32f4xx_hal_msp.c ****   PE8   ------> FSMC_D5
 271:Src/stm32f4xx_hal_msp.c ****   PE9   ------> FSMC_D6
 272:Src/stm32f4xx_hal_msp.c ****   PE10   ------> FSMC_D7
 273:Src/stm32f4xx_hal_msp.c ****   PD13   ------> FSMC_A18
 274:Src/stm32f4xx_hal_msp.c ****   PD14   ------> FSMC_D0
 275:Src/stm32f4xx_hal_msp.c ****   PD15   ------> FSMC_D1
 276:Src/stm32f4xx_hal_msp.c ****   PD0   ------> FSMC_D2
 277:Src/stm32f4xx_hal_msp.c ****   PD1   ------> FSMC_D3
 278:Src/stm32f4xx_hal_msp.c ****   PD4   ------> FSMC_NOE
 279:Src/stm32f4xx_hal_msp.c ****   PD5   ------> FSMC_NWE
 280:Src/stm32f4xx_hal_msp.c ****   PD7   ------> FSMC_NE1
 281:Src/stm32f4xx_hal_msp.c ****   */
 282:Src/stm32f4xx_hal_msp.c ****   GPIO_InitStruct.Pin = GPIO_PIN_7|GPIO_PIN_8|GPIO_PIN_9|GPIO_PIN_10|GPIO_PIN_11|GPIO_PIN_12|GPIO_P
  75              		.loc 1 282 3 view .LVU13
  76              		.loc 1 282 23 is_stmt 0 view .LVU14
  77 002a 4FF68073 		movw	r3, #65408
  78 002e 0193     		str	r3, [sp, #4]
 283:Src/stm32f4xx_hal_msp.c ****   GPIO_InitStruct.Mode = GPIO_MODE_AF_PP;
  79              		.loc 1 283 3 is_stmt 1 view .LVU15
  80              		.loc 1 283 24 is_stmt 0 view .LVU16
  81 0030 0227     		movs	r7, #2
  82 0032 0297     		str	r7, [sp, #8]
 284:Src/stm32f4xx_hal_msp.c ****   GPIO_InitStruct.Pull = GPIO_NOPULL;
  83              		.loc 1 284 3 is_stmt 1 view .LVU17
  84              		.loc 1 284 24 is_stmt 0 view .LVU18
  85 0034 0394     		str	r4, [sp, #12]
 285:Src/stm32f4xx_hal_msp.c ****   GPIO_InitStruct.Speed = GPIO_SPEED_FREQ_VERY_HIGH;
  86              		.loc 1 285 3 is_stmt 1 view .LVU19
  87              		.loc 1 285 25 is_stmt 0 view .LVU20
  88 0036 0326     		movs	r6, #3
  89 0038 0496     		str	r6, [sp, #16]
 286:Src/stm32f4xx_hal_msp.c ****   GPIO_InitStruct.Alternate = GPIO_AF12_FSMC;
  90              		.loc 1 286 3 is_stmt 1 view .LVU21
  91              		.loc 1 286 29 is_stmt 0 view .LVU22
  92 003a 0C25     		movs	r5, #12
  93 003c 0595     		str	r5, [sp, #20]
 287:Src/stm32f4xx_hal_msp.c ****   HAL_GPIO_Init(GPIOE, &GPIO_InitStruct);
  94              		.loc 1 287 3 is_stmt 1 view .LVU23
  95 003e 01A9     		add	r1, sp, #4
  96 0040 0948     		ldr	r0, .L9+8
  97 0042 FFF7FEFF 		bl	HAL_GPIO_Init
  98              	.LVL0:
 288:Src/stm32f4xx_hal_msp.c **** 
 289:Src/stm32f4xx_hal_msp.c ****   GPIO_InitStruct.Pin = GPIO_PIN_12|GPIO_PIN_14|GPIO_PIN_15|GPIO_PIN_0 
  99              		.loc 1 289 3 view .LVU24
 100              		.loc 1 289 23 is_stmt 0 view .LVU25
 101 0046 4DF2B303 		movw	r3, #53427
 102 004a 0193     		str	r3, [sp, #4]
 290:Src/stm32f4xx_hal_msp.c ****                           |GPIO_PIN_1|GPIO_PIN_4|GPIO_PIN_5|GPIO_PIN_7;
 291:Src/stm32f4xx_hal_msp.c ****   GPIO_InitStruct.Mode = GPIO_MODE_AF_PP;
 103              		.loc 1 291 3 is_stmt 1 view .LVU26
 104              		.loc 1 291 24 is_stmt 0 view .LVU27
 105 004c 0297     		str	r7, [sp, #8]
 292:Src/stm32f4xx_hal_msp.c ****   GPIO_InitStruct.Pull = GPIO_NOPULL;
 106              		.loc 1 292 3 is_stmt 1 view .LVU28
 107              		.loc 1 292 24 is_stmt 0 view .LVU29
ARM GAS  C:\Users\DARKSP~1\AppData\Local\Temp\ccXQjzrt.s 			page 8


 108 004e 0394     		str	r4, [sp, #12]
 293:Src/stm32f4xx_hal_msp.c ****   GPIO_InitStruct.Speed = GPIO_SPEED_FREQ_VERY_HIGH;
 109              		.loc 1 293 3 is_stmt 1 view .LVU30
 110              		.loc 1 293 25 is_stmt 0 view .LVU31
 111 0050 0496     		str	r6, [sp, #16]
 294:Src/stm32f4xx_hal_msp.c ****   GPIO_InitStruct.Alternate = GPIO_AF12_FSMC;
 112              		.loc 1 294 3 is_stmt 1 view .LVU32
 113              		.loc 1 294 29 is_stmt 0 view .LVU33
 114 0052 0595     		str	r5, [sp, #20]
 295:Src/stm32f4xx_hal_msp.c ****   HAL_GPIO_Init(GPIOD, &GPIO_InitStruct);
 115              		.loc 1 295 3 is_stmt 1 view .LVU34
 116 0054 01A9     		add	r1, sp, #4
 117 0056 0548     		ldr	r0, .L9+12
 118 0058 FFF7FEFF 		bl	HAL_GPIO_Init
 119              	.LVL1:
 296:Src/stm32f4xx_hal_msp.c **** 
 297:Src/stm32f4xx_hal_msp.c ****   /* USER CODE BEGIN FSMC_MspInit 1 */
 298:Src/stm32f4xx_hal_msp.c **** 
 299:Src/stm32f4xx_hal_msp.c ****   /* USER CODE END FSMC_MspInit 1 */
 300:Src/stm32f4xx_hal_msp.c **** }
 120              		.loc 1 300 1 is_stmt 0 view .LVU35
 121 005c 07B0     		add	sp, sp, #28
 122              	.LCFI2:
 123              		.cfi_def_cfa_offset 20
 124              		@ sp needed
 125 005e F0BD     		pop	{r4, r5, r6, r7, pc}
 126              	.L10:
 127              		.align	2
 128              	.L9:
 129 0060 00000000 		.word	.LANCHOR0
 130 0064 00380240 		.word	1073887232
 131 0068 00100240 		.word	1073876992
 132 006c 000C0240 		.word	1073875968
 133              		.cfi_endproc
 134              	.LFE131:
 136              		.section	.text.HAL_FSMC_MspDeInit,"ax",%progbits
 137              		.align	1
 138              		.syntax unified
 139              		.thumb
 140              		.thumb_func
 141              		.fpu fpv4-sp-d16
 143              	HAL_FSMC_MspDeInit:
 144              	.LFB133:
 301:Src/stm32f4xx_hal_msp.c **** 
 302:Src/stm32f4xx_hal_msp.c **** void HAL_SRAM_MspInit(SRAM_HandleTypeDef* hsram){
 303:Src/stm32f4xx_hal_msp.c ****   /* USER CODE BEGIN SRAM_MspInit 0 */
 304:Src/stm32f4xx_hal_msp.c **** 
 305:Src/stm32f4xx_hal_msp.c ****   /* USER CODE END SRAM_MspInit 0 */
 306:Src/stm32f4xx_hal_msp.c ****   HAL_FSMC_MspInit();
 307:Src/stm32f4xx_hal_msp.c ****   /* USER CODE BEGIN SRAM_MspInit 1 */
 308:Src/stm32f4xx_hal_msp.c **** 
 309:Src/stm32f4xx_hal_msp.c ****   /* USER CODE END SRAM_MspInit 1 */
 310:Src/stm32f4xx_hal_msp.c **** }
 311:Src/stm32f4xx_hal_msp.c **** 
 312:Src/stm32f4xx_hal_msp.c **** static uint32_t FSMC_DeInitialized = 0;
 313:Src/stm32f4xx_hal_msp.c **** 
 314:Src/stm32f4xx_hal_msp.c **** static void HAL_FSMC_MspDeInit(void){
ARM GAS  C:\Users\DARKSP~1\AppData\Local\Temp\ccXQjzrt.s 			page 9


 145              		.loc 1 314 37 is_stmt 1 view -0
 146              		.cfi_startproc
 147              		@ args = 0, pretend = 0, frame = 0
 148              		@ frame_needed = 0, uses_anonymous_args = 0
 149 0000 08B5     		push	{r3, lr}
 150              	.LCFI3:
 151              		.cfi_def_cfa_offset 8
 152              		.cfi_offset 3, -8
 153              		.cfi_offset 14, -4
 315:Src/stm32f4xx_hal_msp.c ****   /* USER CODE BEGIN FSMC_MspDeInit 0 */
 316:Src/stm32f4xx_hal_msp.c **** 
 317:Src/stm32f4xx_hal_msp.c ****   /* USER CODE END FSMC_MspDeInit 0 */
 318:Src/stm32f4xx_hal_msp.c ****   if (FSMC_DeInitialized) {
 154              		.loc 1 318 3 view .LVU37
 155              		.loc 1 318 7 is_stmt 0 view .LVU38
 156 0002 0B4B     		ldr	r3, .L15
 157 0004 1B68     		ldr	r3, [r3]
 158              		.loc 1 318 6 view .LVU39
 159 0006 03B1     		cbz	r3, .L14
 160              	.L11:
 319:Src/stm32f4xx_hal_msp.c ****     return;
 320:Src/stm32f4xx_hal_msp.c ****   }
 321:Src/stm32f4xx_hal_msp.c ****   FSMC_DeInitialized = 1;
 322:Src/stm32f4xx_hal_msp.c ****   /* Peripheral clock enable */
 323:Src/stm32f4xx_hal_msp.c ****   __HAL_RCC_FSMC_CLK_DISABLE();
 324:Src/stm32f4xx_hal_msp.c ****   
 325:Src/stm32f4xx_hal_msp.c ****   /** FSMC GPIO Configuration  
 326:Src/stm32f4xx_hal_msp.c ****   PE7   ------> FSMC_D4
 327:Src/stm32f4xx_hal_msp.c ****   PE8   ------> FSMC_D5
 328:Src/stm32f4xx_hal_msp.c ****   PE9   ------> FSMC_D6
 329:Src/stm32f4xx_hal_msp.c ****   PE10   ------> FSMC_D7
 330:Src/stm32f4xx_hal_msp.c ****   PD13   ------> FSMC_A18
 331:Src/stm32f4xx_hal_msp.c ****   PD14   ------> FSMC_D0
 332:Src/stm32f4xx_hal_msp.c ****   PD15   ------> FSMC_D1
 333:Src/stm32f4xx_hal_msp.c ****   PD0   ------> FSMC_D2
 334:Src/stm32f4xx_hal_msp.c ****   PD1   ------> FSMC_D3
 335:Src/stm32f4xx_hal_msp.c ****   PD4   ------> FSMC_NOE
 336:Src/stm32f4xx_hal_msp.c ****   PD5   ------> FSMC_NWE
 337:Src/stm32f4xx_hal_msp.c ****   PD7   ------> FSMC_NE1
 338:Src/stm32f4xx_hal_msp.c ****   */
 339:Src/stm32f4xx_hal_msp.c ****   HAL_GPIO_DeInit(GPIOE, GPIO_PIN_7|GPIO_PIN_8|GPIO_PIN_9|GPIO_PIN_10);
 340:Src/stm32f4xx_hal_msp.c **** 
 341:Src/stm32f4xx_hal_msp.c ****   HAL_GPIO_DeInit(GPIOD, GPIO_PIN_12|GPIO_PIN_14|GPIO_PIN_15|GPIO_PIN_0 
 342:Src/stm32f4xx_hal_msp.c ****                           |GPIO_PIN_1|GPIO_PIN_4|GPIO_PIN_5|GPIO_PIN_7);
 343:Src/stm32f4xx_hal_msp.c **** 
 344:Src/stm32f4xx_hal_msp.c ****   /* USER CODE BEGIN FSMC_MspDeInit 1 */
 345:Src/stm32f4xx_hal_msp.c **** 
 346:Src/stm32f4xx_hal_msp.c ****   /* USER CODE END FSMC_MspDeInit 1 */
 347:Src/stm32f4xx_hal_msp.c **** }
 161              		.loc 1 347 1 view .LVU40
 162 0008 08BD     		pop	{r3, pc}
 163              	.L14:
 321:Src/stm32f4xx_hal_msp.c ****   /* Peripheral clock enable */
 164              		.loc 1 321 3 is_stmt 1 view .LVU41
 321:Src/stm32f4xx_hal_msp.c ****   /* Peripheral clock enable */
 165              		.loc 1 321 22 is_stmt 0 view .LVU42
 166 000a 094B     		ldr	r3, .L15
ARM GAS  C:\Users\DARKSP~1\AppData\Local\Temp\ccXQjzrt.s 			page 10


 167 000c 0122     		movs	r2, #1
 168 000e 1A60     		str	r2, [r3]
 323:Src/stm32f4xx_hal_msp.c ****   
 169              		.loc 1 323 3 is_stmt 1 view .LVU43
 170 0010 084A     		ldr	r2, .L15+4
 171 0012 936B     		ldr	r3, [r2, #56]
 172 0014 23F00103 		bic	r3, r3, #1
 173 0018 9363     		str	r3, [r2, #56]
 339:Src/stm32f4xx_hal_msp.c **** 
 174              		.loc 1 339 3 view .LVU44
 175 001a 4FF4F061 		mov	r1, #1920
 176 001e 0648     		ldr	r0, .L15+8
 177 0020 FFF7FEFF 		bl	HAL_GPIO_DeInit
 178              	.LVL2:
 341:Src/stm32f4xx_hal_msp.c ****                           |GPIO_PIN_1|GPIO_PIN_4|GPIO_PIN_5|GPIO_PIN_7);
 179              		.loc 1 341 3 view .LVU45
 180 0024 4DF2B301 		movw	r1, #53427
 181 0028 0448     		ldr	r0, .L15+12
 182 002a FFF7FEFF 		bl	HAL_GPIO_DeInit
 183              	.LVL3:
 184 002e EBE7     		b	.L11
 185              	.L16:
 186              		.align	2
 187              	.L15:
 188 0030 00000000 		.word	.LANCHOR1
 189 0034 00380240 		.word	1073887232
 190 0038 00100240 		.word	1073876992
 191 003c 000C0240 		.word	1073875968
 192              		.cfi_endproc
 193              	.LFE133:
 195              		.section	.text.HAL_MspInit,"ax",%progbits
 196              		.align	1
 197              		.global	HAL_MspInit
 198              		.syntax unified
 199              		.thumb
 200              		.thumb_func
 201              		.fpu fpv4-sp-d16
 203              	HAL_MspInit:
 204              	.LFB126:
  49:Src/stm32f4xx_hal_msp.c ****   /* USER CODE BEGIN MspInit 0 */
 205              		.loc 1 49 1 view -0
 206              		.cfi_startproc
 207              		@ args = 0, pretend = 0, frame = 8
 208              		@ frame_needed = 0, uses_anonymous_args = 0
 209 0000 10B5     		push	{r4, lr}
 210              	.LCFI4:
 211              		.cfi_def_cfa_offset 8
 212              		.cfi_offset 4, -8
 213              		.cfi_offset 14, -4
 214 0002 82B0     		sub	sp, sp, #8
 215              	.LCFI5:
 216              		.cfi_def_cfa_offset 16
  54:Src/stm32f4xx_hal_msp.c ****   __HAL_RCC_PWR_CLK_ENABLE();
 217              		.loc 1 54 3 view .LVU47
 218              	.LBB3:
  54:Src/stm32f4xx_hal_msp.c ****   __HAL_RCC_PWR_CLK_ENABLE();
 219              		.loc 1 54 3 view .LVU48
ARM GAS  C:\Users\DARKSP~1\AppData\Local\Temp\ccXQjzrt.s 			page 11


 220 0004 0024     		movs	r4, #0
 221 0006 0094     		str	r4, [sp]
  54:Src/stm32f4xx_hal_msp.c ****   __HAL_RCC_PWR_CLK_ENABLE();
 222              		.loc 1 54 3 view .LVU49
 223 0008 214B     		ldr	r3, .L19
 224 000a 5A6C     		ldr	r2, [r3, #68]
 225 000c 42F48042 		orr	r2, r2, #16384
 226 0010 5A64     		str	r2, [r3, #68]
  54:Src/stm32f4xx_hal_msp.c ****   __HAL_RCC_PWR_CLK_ENABLE();
 227              		.loc 1 54 3 view .LVU50
 228 0012 5A6C     		ldr	r2, [r3, #68]
 229 0014 02F48042 		and	r2, r2, #16384
 230 0018 0092     		str	r2, [sp]
  54:Src/stm32f4xx_hal_msp.c ****   __HAL_RCC_PWR_CLK_ENABLE();
 231              		.loc 1 54 3 view .LVU51
 232 001a 009A     		ldr	r2, [sp]
 233              	.LBE3:
  55:Src/stm32f4xx_hal_msp.c **** 
 234              		.loc 1 55 3 view .LVU52
 235              	.LBB4:
  55:Src/stm32f4xx_hal_msp.c **** 
 236              		.loc 1 55 3 view .LVU53
 237 001c 0194     		str	r4, [sp, #4]
  55:Src/stm32f4xx_hal_msp.c **** 
 238              		.loc 1 55 3 view .LVU54
 239 001e 1A6C     		ldr	r2, [r3, #64]
 240 0020 42F08052 		orr	r2, r2, #268435456
 241 0024 1A64     		str	r2, [r3, #64]
  55:Src/stm32f4xx_hal_msp.c **** 
 242              		.loc 1 55 3 view .LVU55
 243 0026 1B6C     		ldr	r3, [r3, #64]
 244 0028 03F08053 		and	r3, r3, #268435456
 245 002c 0193     		str	r3, [sp, #4]
  55:Src/stm32f4xx_hal_msp.c **** 
 246              		.loc 1 55 3 view .LVU56
 247 002e 019B     		ldr	r3, [sp, #4]
 248              	.LBE4:
  57:Src/stm32f4xx_hal_msp.c **** 
 249              		.loc 1 57 3 view .LVU57
 250 0030 0320     		movs	r0, #3
 251 0032 FFF7FEFF 		bl	HAL_NVIC_SetPriorityGrouping
 252              	.LVL4:
  61:Src/stm32f4xx_hal_msp.c ****   /* BusFault_IRQn interrupt configuration */
 253              		.loc 1 61 3 view .LVU58
 254 0036 2246     		mov	r2, r4
 255 0038 2146     		mov	r1, r4
 256 003a 6FF00B00 		mvn	r0, #11
 257 003e FFF7FEFF 		bl	HAL_NVIC_SetPriority
 258              	.LVL5:
  63:Src/stm32f4xx_hal_msp.c ****   /* UsageFault_IRQn interrupt configuration */
 259              		.loc 1 63 3 view .LVU59
 260 0042 2246     		mov	r2, r4
 261 0044 2146     		mov	r1, r4
 262 0046 6FF00A00 		mvn	r0, #10
 263 004a FFF7FEFF 		bl	HAL_NVIC_SetPriority
 264              	.LVL6:
  65:Src/stm32f4xx_hal_msp.c ****   /* SVCall_IRQn interrupt configuration */
ARM GAS  C:\Users\DARKSP~1\AppData\Local\Temp\ccXQjzrt.s 			page 12


 265              		.loc 1 65 3 view .LVU60
 266 004e 2246     		mov	r2, r4
 267 0050 2146     		mov	r1, r4
 268 0052 6FF00900 		mvn	r0, #9
 269 0056 FFF7FEFF 		bl	HAL_NVIC_SetPriority
 270              	.LVL7:
  67:Src/stm32f4xx_hal_msp.c ****   /* DebugMonitor_IRQn interrupt configuration */
 271              		.loc 1 67 3 view .LVU61
 272 005a 2246     		mov	r2, r4
 273 005c 2146     		mov	r1, r4
 274 005e 6FF00400 		mvn	r0, #4
 275 0062 FFF7FEFF 		bl	HAL_NVIC_SetPriority
 276              	.LVL8:
  69:Src/stm32f4xx_hal_msp.c ****   /* PendSV_IRQn interrupt configuration */
 277              		.loc 1 69 3 view .LVU62
 278 0066 2246     		mov	r2, r4
 279 0068 2146     		mov	r1, r4
 280 006a 6FF00300 		mvn	r0, #3
 281 006e FFF7FEFF 		bl	HAL_NVIC_SetPriority
 282              	.LVL9:
  71:Src/stm32f4xx_hal_msp.c ****   /* SysTick_IRQn interrupt configuration */
 283              		.loc 1 71 3 view .LVU63
 284 0072 2246     		mov	r2, r4
 285 0074 2146     		mov	r1, r4
 286 0076 6FF00100 		mvn	r0, #1
 287 007a FFF7FEFF 		bl	HAL_NVIC_SetPriority
 288              	.LVL10:
  73:Src/stm32f4xx_hal_msp.c **** 
 289              		.loc 1 73 3 view .LVU64
 290 007e 2246     		mov	r2, r4
 291 0080 2146     		mov	r1, r4
 292 0082 4FF0FF30 		mov	r0, #-1
 293 0086 FFF7FEFF 		bl	HAL_NVIC_SetPriority
 294              	.LVL11:
  78:Src/stm32f4xx_hal_msp.c **** 
 295              		.loc 1 78 1 is_stmt 0 view .LVU65
 296 008a 02B0     		add	sp, sp, #8
 297              	.LCFI6:
 298              		.cfi_def_cfa_offset 8
 299              		@ sp needed
 300 008c 10BD     		pop	{r4, pc}
 301              	.L20:
 302 008e 00BF     		.align	2
 303              	.L19:
 304 0090 00380240 		.word	1073887232
 305              		.cfi_endproc
 306              	.LFE126:
 308              		.section	.text.HAL_RTC_MspInit,"ax",%progbits
 309              		.align	1
 310              		.global	HAL_RTC_MspInit
 311              		.syntax unified
 312              		.thumb
 313              		.thumb_func
 314              		.fpu fpv4-sp-d16
 316              	HAL_RTC_MspInit:
 317              	.LVL12:
 318              	.LFB127:
ARM GAS  C:\Users\DARKSP~1\AppData\Local\Temp\ccXQjzrt.s 			page 13


  81:Src/stm32f4xx_hal_msp.c **** 
 319              		.loc 1 81 1 is_stmt 1 view -0
 320              		.cfi_startproc
 321              		@ args = 0, pretend = 0, frame = 0
 322              		@ frame_needed = 0, uses_anonymous_args = 0
 323              		@ link register save eliminated.
  83:Src/stm32f4xx_hal_msp.c ****   {
 324              		.loc 1 83 3 view .LVU67
  83:Src/stm32f4xx_hal_msp.c ****   {
 325              		.loc 1 83 10 is_stmt 0 view .LVU68
 326 0000 0268     		ldr	r2, [r0]
  83:Src/stm32f4xx_hal_msp.c ****   {
 327              		.loc 1 83 5 view .LVU69
 328 0002 044B     		ldr	r3, .L24
 329 0004 9A42     		cmp	r2, r3
 330 0006 00D0     		beq	.L23
 331              	.L21:
  95:Src/stm32f4xx_hal_msp.c **** 
 332              		.loc 1 95 1 view .LVU70
 333 0008 7047     		bx	lr
 334              	.L23:
  89:Src/stm32f4xx_hal_msp.c ****   /* USER CODE BEGIN RTC_MspInit 1 */
 335              		.loc 1 89 5 is_stmt 1 view .LVU71
 336 000a 034B     		ldr	r3, .L24+4
 337 000c 0122     		movs	r2, #1
 338 000e 1A60     		str	r2, [r3]
  95:Src/stm32f4xx_hal_msp.c **** 
 339              		.loc 1 95 1 is_stmt 0 view .LVU72
 340 0010 FAE7     		b	.L21
 341              	.L25:
 342 0012 00BF     		.align	2
 343              	.L24:
 344 0014 00280040 		.word	1073752064
 345 0018 3C0E4742 		.word	1111952956
 346              		.cfi_endproc
 347              	.LFE127:
 349              		.section	.text.HAL_RTC_MspDeInit,"ax",%progbits
 350              		.align	1
 351              		.global	HAL_RTC_MspDeInit
 352              		.syntax unified
 353              		.thumb
 354              		.thumb_func
 355              		.fpu fpv4-sp-d16
 357              	HAL_RTC_MspDeInit:
 358              	.LVL13:
 359              	.LFB128:
  98:Src/stm32f4xx_hal_msp.c **** 
 360              		.loc 1 98 1 is_stmt 1 view -0
 361              		.cfi_startproc
 362              		@ args = 0, pretend = 0, frame = 0
 363              		@ frame_needed = 0, uses_anonymous_args = 0
 364              		@ link register save eliminated.
 100:Src/stm32f4xx_hal_msp.c ****   {
 365              		.loc 1 100 3 view .LVU74
 100:Src/stm32f4xx_hal_msp.c ****   {
 366              		.loc 1 100 10 is_stmt 0 view .LVU75
 367 0000 0268     		ldr	r2, [r0]
ARM GAS  C:\Users\DARKSP~1\AppData\Local\Temp\ccXQjzrt.s 			page 14


 100:Src/stm32f4xx_hal_msp.c ****   {
 368              		.loc 1 100 5 view .LVU76
 369 0002 044B     		ldr	r3, .L29
 370 0004 9A42     		cmp	r2, r3
 371 0006 00D0     		beq	.L28
 372              	.L26:
 112:Src/stm32f4xx_hal_msp.c **** void HAL_UART_MspInit(UART_HandleTypeDef* huart)
 373              		.loc 1 112 1 view .LVU77
 374 0008 7047     		bx	lr
 375              	.L28:
 106:Src/stm32f4xx_hal_msp.c ****   /* USER CODE BEGIN RTC_MspDeInit 1 */
 376              		.loc 1 106 5 is_stmt 1 view .LVU78
 377 000a 034B     		ldr	r3, .L29+4
 378 000c 0022     		movs	r2, #0
 379 000e 1A60     		str	r2, [r3]
 112:Src/stm32f4xx_hal_msp.c **** void HAL_UART_MspInit(UART_HandleTypeDef* huart)
 380              		.loc 1 112 1 is_stmt 0 view .LVU79
 381 0010 FAE7     		b	.L26
 382              	.L30:
 383 0012 00BF     		.align	2
 384              	.L29:
 385 0014 00280040 		.word	1073752064
 386 0018 3C0E4742 		.word	1111952956
 387              		.cfi_endproc
 388              	.LFE128:
 390              		.section	.text.HAL_UART_MspInit,"ax",%progbits
 391              		.align	1
 392              		.global	HAL_UART_MspInit
 393              		.syntax unified
 394              		.thumb
 395              		.thumb_func
 396              		.fpu fpv4-sp-d16
 398              	HAL_UART_MspInit:
 399              	.LVL14:
 400              	.LFB129:
 114:Src/stm32f4xx_hal_msp.c ****   GPIO_InitTypeDef GPIO_InitStruct = {0};
 401              		.loc 1 114 1 is_stmt 1 view -0
 402              		.cfi_startproc
 403              		@ args = 0, pretend = 0, frame = 48
 404              		@ frame_needed = 0, uses_anonymous_args = 0
 114:Src/stm32f4xx_hal_msp.c ****   GPIO_InitTypeDef GPIO_InitStruct = {0};
 405              		.loc 1 114 1 is_stmt 0 view .LVU81
 406 0000 70B5     		push	{r4, r5, r6, lr}
 407              	.LCFI7:
 408              		.cfi_def_cfa_offset 16
 409              		.cfi_offset 4, -16
 410              		.cfi_offset 5, -12
 411              		.cfi_offset 6, -8
 412              		.cfi_offset 14, -4
 413 0002 8CB0     		sub	sp, sp, #48
 414              	.LCFI8:
 415              		.cfi_def_cfa_offset 64
 115:Src/stm32f4xx_hal_msp.c ****   if(huart->Instance==USART1)
 416              		.loc 1 115 3 is_stmt 1 view .LVU82
 115:Src/stm32f4xx_hal_msp.c ****   if(huart->Instance==USART1)
 417              		.loc 1 115 20 is_stmt 0 view .LVU83
 418 0004 0023     		movs	r3, #0
ARM GAS  C:\Users\DARKSP~1\AppData\Local\Temp\ccXQjzrt.s 			page 15


 419 0006 0793     		str	r3, [sp, #28]
 420 0008 0893     		str	r3, [sp, #32]
 421 000a 0993     		str	r3, [sp, #36]
 422 000c 0A93     		str	r3, [sp, #40]
 423 000e 0B93     		str	r3, [sp, #44]
 116:Src/stm32f4xx_hal_msp.c ****   {
 424              		.loc 1 116 3 is_stmt 1 view .LVU84
 116:Src/stm32f4xx_hal_msp.c ****   {
 425              		.loc 1 116 11 is_stmt 0 view .LVU85
 426 0010 0368     		ldr	r3, [r0]
 116:Src/stm32f4xx_hal_msp.c ****   {
 427              		.loc 1 116 5 view .LVU86
 428 0012 424A     		ldr	r2, .L39
 429 0014 9342     		cmp	r3, r2
 430 0016 07D0     		beq	.L36
 142:Src/stm32f4xx_hal_msp.c ****   {
 431              		.loc 1 142 8 is_stmt 1 view .LVU87
 142:Src/stm32f4xx_hal_msp.c ****   {
 432              		.loc 1 142 10 is_stmt 0 view .LVU88
 433 0018 414A     		ldr	r2, .L39+4
 434 001a 9342     		cmp	r3, r2
 435 001c 32D0     		beq	.L37
 163:Src/stm32f4xx_hal_msp.c ****   {
 436              		.loc 1 163 8 is_stmt 1 view .LVU89
 163:Src/stm32f4xx_hal_msp.c ****   {
 437              		.loc 1 163 10 is_stmt 0 view .LVU90
 438 001e 414A     		ldr	r2, .L39+8
 439 0020 9342     		cmp	r3, r2
 440 0022 55D0     		beq	.L38
 441              	.LVL15:
 442              	.L31:
 188:Src/stm32f4xx_hal_msp.c **** 
 443              		.loc 1 188 1 view .LVU91
 444 0024 0CB0     		add	sp, sp, #48
 445              	.LCFI9:
 446              		.cfi_remember_state
 447              		.cfi_def_cfa_offset 16
 448              		@ sp needed
 449 0026 70BD     		pop	{r4, r5, r6, pc}
 450              	.LVL16:
 451              	.L36:
 452              	.LCFI10:
 453              		.cfi_restore_state
 119:Src/stm32f4xx_hal_msp.c ****   
 454              		.loc 1 119 2 is_stmt 1 view .LVU92
 455              	.LBB5:
 119:Src/stm32f4xx_hal_msp.c ****   
 456              		.loc 1 119 2 view .LVU93
 457 0028 0024     		movs	r4, #0
 458 002a 0194     		str	r4, [sp, #4]
 119:Src/stm32f4xx_hal_msp.c ****   
 459              		.loc 1 119 2 view .LVU94
 460 002c 3E4B     		ldr	r3, .L39+12
 461 002e 5A6C     		ldr	r2, [r3, #68]
 462 0030 42F01002 		orr	r2, r2, #16
 463 0034 5A64     		str	r2, [r3, #68]
 119:Src/stm32f4xx_hal_msp.c ****   
ARM GAS  C:\Users\DARKSP~1\AppData\Local\Temp\ccXQjzrt.s 			page 16


 464              		.loc 1 119 2 view .LVU95
 465 0036 5A6C     		ldr	r2, [r3, #68]
 466 0038 02F01002 		and	r2, r2, #16
 467 003c 0192     		str	r2, [sp, #4]
 119:Src/stm32f4xx_hal_msp.c ****   
 468              		.loc 1 119 2 view .LVU96
 469 003e 019A     		ldr	r2, [sp, #4]
 470              	.LBE5:
 121:Src/stm32f4xx_hal_msp.c ****     /**USART1 GPIO Configuration    
 471              		.loc 1 121 5 view .LVU97
 472              	.LBB6:
 121:Src/stm32f4xx_hal_msp.c ****     /**USART1 GPIO Configuration    
 473              		.loc 1 121 5 view .LVU98
 474 0040 0294     		str	r4, [sp, #8]
 121:Src/stm32f4xx_hal_msp.c ****     /**USART1 GPIO Configuration    
 475              		.loc 1 121 5 view .LVU99
 476 0042 1A6B     		ldr	r2, [r3, #48]
 477 0044 42F00102 		orr	r2, r2, #1
 478 0048 1A63     		str	r2, [r3, #48]
 121:Src/stm32f4xx_hal_msp.c ****     /**USART1 GPIO Configuration    
 479              		.loc 1 121 5 view .LVU100
 480 004a 1B6B     		ldr	r3, [r3, #48]
 481 004c 03F00103 		and	r3, r3, #1
 482 0050 0293     		str	r3, [sp, #8]
 121:Src/stm32f4xx_hal_msp.c ****     /**USART1 GPIO Configuration    
 483              		.loc 1 121 5 view .LVU101
 484 0052 029B     		ldr	r3, [sp, #8]
 485              	.LBE6:
 126:Src/stm32f4xx_hal_msp.c ****     GPIO_InitStruct.Mode = GPIO_MODE_AF_PP;
 486              		.loc 1 126 5 view .LVU102
 126:Src/stm32f4xx_hal_msp.c ****     GPIO_InitStruct.Mode = GPIO_MODE_AF_PP;
 487              		.loc 1 126 25 is_stmt 0 view .LVU103
 488 0054 4FF40073 		mov	r3, #512
 489 0058 0793     		str	r3, [sp, #28]
 127:Src/stm32f4xx_hal_msp.c ****     GPIO_InitStruct.Speed = GPIO_SPEED_FREQ_HIGH;
 490              		.loc 1 127 5 is_stmt 1 view .LVU104
 127:Src/stm32f4xx_hal_msp.c ****     GPIO_InitStruct.Speed = GPIO_SPEED_FREQ_HIGH;
 491              		.loc 1 127 26 is_stmt 0 view .LVU105
 492 005a 0223     		movs	r3, #2
 493 005c 0893     		str	r3, [sp, #32]
 128:Src/stm32f4xx_hal_msp.c ****     GPIO_InitStruct.Alternate = GPIO_AF7_USART1;
 494              		.loc 1 128 5 is_stmt 1 view .LVU106
 128:Src/stm32f4xx_hal_msp.c ****     GPIO_InitStruct.Alternate = GPIO_AF7_USART1;
 495              		.loc 1 128 27 is_stmt 0 view .LVU107
 496 005e 0A93     		str	r3, [sp, #40]
 129:Src/stm32f4xx_hal_msp.c ****     HAL_GPIO_Init(GPIOA, &GPIO_InitStruct);
 497              		.loc 1 129 5 is_stmt 1 view .LVU108
 129:Src/stm32f4xx_hal_msp.c ****     HAL_GPIO_Init(GPIOA, &GPIO_InitStruct);
 498              		.loc 1 129 31 is_stmt 0 view .LVU109
 499 0060 0726     		movs	r6, #7
 500 0062 0B96     		str	r6, [sp, #44]
 130:Src/stm32f4xx_hal_msp.c **** 
 501              		.loc 1 130 5 is_stmt 1 view .LVU110
 502 0064 314D     		ldr	r5, .L39+16
 503 0066 07A9     		add	r1, sp, #28
 504 0068 2846     		mov	r0, r5
 505              	.LVL17:
ARM GAS  C:\Users\DARKSP~1\AppData\Local\Temp\ccXQjzrt.s 			page 17


 130:Src/stm32f4xx_hal_msp.c **** 
 506              		.loc 1 130 5 is_stmt 0 view .LVU111
 507 006a FFF7FEFF 		bl	HAL_GPIO_Init
 508              	.LVL18:
 132:Src/stm32f4xx_hal_msp.c ****     GPIO_InitStruct.Mode = GPIO_MODE_INPUT;
 509              		.loc 1 132 5 is_stmt 1 view .LVU112
 132:Src/stm32f4xx_hal_msp.c ****     GPIO_InitStruct.Mode = GPIO_MODE_INPUT;
 510              		.loc 1 132 25 is_stmt 0 view .LVU113
 511 006e 4FF48063 		mov	r3, #1024
 512 0072 0793     		str	r3, [sp, #28]
 133:Src/stm32f4xx_hal_msp.c ****     GPIO_InitStruct.Pull = GPIO_NOPULL;
 513              		.loc 1 133 5 is_stmt 1 view .LVU114
 133:Src/stm32f4xx_hal_msp.c ****     GPIO_InitStruct.Pull = GPIO_NOPULL;
 514              		.loc 1 133 26 is_stmt 0 view .LVU115
 515 0074 0894     		str	r4, [sp, #32]
 134:Src/stm32f4xx_hal_msp.c ****     GPIO_InitStruct.Alternate = GPIO_AF7_USART1;
 516              		.loc 1 134 5 is_stmt 1 view .LVU116
 134:Src/stm32f4xx_hal_msp.c ****     GPIO_InitStruct.Alternate = GPIO_AF7_USART1;
 517              		.loc 1 134 26 is_stmt 0 view .LVU117
 518 0076 0994     		str	r4, [sp, #36]
 135:Src/stm32f4xx_hal_msp.c ****     HAL_GPIO_Init(GPIOA, &GPIO_InitStruct);
 519              		.loc 1 135 5 is_stmt 1 view .LVU118
 135:Src/stm32f4xx_hal_msp.c ****     HAL_GPIO_Init(GPIOA, &GPIO_InitStruct);
 520              		.loc 1 135 31 is_stmt 0 view .LVU119
 521 0078 0B96     		str	r6, [sp, #44]
 136:Src/stm32f4xx_hal_msp.c **** 
 522              		.loc 1 136 5 is_stmt 1 view .LVU120
 523 007a 07A9     		add	r1, sp, #28
 524 007c 2846     		mov	r0, r5
 525 007e FFF7FEFF 		bl	HAL_GPIO_Init
 526              	.LVL19:
 527 0082 CFE7     		b	.L31
 528              	.LVL20:
 529              	.L37:
 145:Src/stm32f4xx_hal_msp.c ****   
 530              		.loc 1 145 5 view .LVU121
 531              	.LBB7:
 145:Src/stm32f4xx_hal_msp.c ****   
 532              		.loc 1 145 5 view .LVU122
 533 0084 0021     		movs	r1, #0
 534 0086 0391     		str	r1, [sp, #12]
 145:Src/stm32f4xx_hal_msp.c ****   
 535              		.loc 1 145 5 view .LVU123
 536 0088 274B     		ldr	r3, .L39+12
 537 008a 1A6C     		ldr	r2, [r3, #64]
 538 008c 42F48022 		orr	r2, r2, #262144
 539 0090 1A64     		str	r2, [r3, #64]
 145:Src/stm32f4xx_hal_msp.c ****   
 540              		.loc 1 145 5 view .LVU124
 541 0092 1A6C     		ldr	r2, [r3, #64]
 542 0094 02F48022 		and	r2, r2, #262144
 543 0098 0392     		str	r2, [sp, #12]
 145:Src/stm32f4xx_hal_msp.c ****   
 544              		.loc 1 145 5 view .LVU125
 545 009a 039A     		ldr	r2, [sp, #12]
 546              	.LBE7:
 147:Src/stm32f4xx_hal_msp.c ****     /**USART3 GPIO Configuration    
ARM GAS  C:\Users\DARKSP~1\AppData\Local\Temp\ccXQjzrt.s 			page 18


 547              		.loc 1 147 5 view .LVU126
 548              	.LBB8:
 147:Src/stm32f4xx_hal_msp.c ****     /**USART3 GPIO Configuration    
 549              		.loc 1 147 5 view .LVU127
 550 009c 0491     		str	r1, [sp, #16]
 147:Src/stm32f4xx_hal_msp.c ****     /**USART3 GPIO Configuration    
 551              		.loc 1 147 5 view .LVU128
 552 009e 1A6B     		ldr	r2, [r3, #48]
 553 00a0 42F00202 		orr	r2, r2, #2
 554 00a4 1A63     		str	r2, [r3, #48]
 147:Src/stm32f4xx_hal_msp.c ****     /**USART3 GPIO Configuration    
 555              		.loc 1 147 5 view .LVU129
 556 00a6 1B6B     		ldr	r3, [r3, #48]
 557 00a8 03F00203 		and	r3, r3, #2
 558 00ac 0493     		str	r3, [sp, #16]
 147:Src/stm32f4xx_hal_msp.c ****     /**USART3 GPIO Configuration    
 559              		.loc 1 147 5 view .LVU130
 560 00ae 049B     		ldr	r3, [sp, #16]
 561              	.LBE8:
 152:Src/stm32f4xx_hal_msp.c ****     GPIO_InitStruct.Mode = GPIO_MODE_AF_PP;
 562              		.loc 1 152 5 view .LVU131
 152:Src/stm32f4xx_hal_msp.c ****     GPIO_InitStruct.Mode = GPIO_MODE_AF_PP;
 563              		.loc 1 152 25 is_stmt 0 view .LVU132
 564 00b0 4FF44063 		mov	r3, #3072
 565 00b4 0793     		str	r3, [sp, #28]
 153:Src/stm32f4xx_hal_msp.c ****     GPIO_InitStruct.Pull = GPIO_PULLUP;
 566              		.loc 1 153 5 is_stmt 1 view .LVU133
 153:Src/stm32f4xx_hal_msp.c ****     GPIO_InitStruct.Pull = GPIO_PULLUP;
 567              		.loc 1 153 26 is_stmt 0 view .LVU134
 568 00b6 0223     		movs	r3, #2
 569 00b8 0893     		str	r3, [sp, #32]
 154:Src/stm32f4xx_hal_msp.c ****     GPIO_InitStruct.Speed = GPIO_SPEED_FREQ_VERY_HIGH;
 570              		.loc 1 154 5 is_stmt 1 view .LVU135
 154:Src/stm32f4xx_hal_msp.c ****     GPIO_InitStruct.Speed = GPIO_SPEED_FREQ_VERY_HIGH;
 571              		.loc 1 154 26 is_stmt 0 view .LVU136
 572 00ba 0123     		movs	r3, #1
 573 00bc 0993     		str	r3, [sp, #36]
 155:Src/stm32f4xx_hal_msp.c ****     GPIO_InitStruct.Alternate = GPIO_AF7_USART3;
 574              		.loc 1 155 5 is_stmt 1 view .LVU137
 155:Src/stm32f4xx_hal_msp.c ****     GPIO_InitStruct.Alternate = GPIO_AF7_USART3;
 575              		.loc 1 155 27 is_stmt 0 view .LVU138
 576 00be 0323     		movs	r3, #3
 577 00c0 0A93     		str	r3, [sp, #40]
 156:Src/stm32f4xx_hal_msp.c ****     HAL_GPIO_Init(GPIOB, &GPIO_InitStruct);
 578              		.loc 1 156 5 is_stmt 1 view .LVU139
 156:Src/stm32f4xx_hal_msp.c ****     HAL_GPIO_Init(GPIOB, &GPIO_InitStruct);
 579              		.loc 1 156 31 is_stmt 0 view .LVU140
 580 00c2 0723     		movs	r3, #7
 581 00c4 0B93     		str	r3, [sp, #44]
 157:Src/stm32f4xx_hal_msp.c **** 
 582              		.loc 1 157 5 is_stmt 1 view .LVU141
 583 00c6 07A9     		add	r1, sp, #28
 584 00c8 1948     		ldr	r0, .L39+20
 585              	.LVL21:
 157:Src/stm32f4xx_hal_msp.c **** 
 586              		.loc 1 157 5 is_stmt 0 view .LVU142
 587 00ca FFF7FEFF 		bl	HAL_GPIO_Init
ARM GAS  C:\Users\DARKSP~1\AppData\Local\Temp\ccXQjzrt.s 			page 19


 588              	.LVL22:
 589 00ce A9E7     		b	.L31
 590              	.LVL23:
 591              	.L38:
 169:Src/stm32f4xx_hal_msp.c ****   
 592              		.loc 1 169 5 is_stmt 1 view .LVU143
 593              	.LBB9:
 169:Src/stm32f4xx_hal_msp.c ****   
 594              		.loc 1 169 5 view .LVU144
 595 00d0 0021     		movs	r1, #0
 596 00d2 0591     		str	r1, [sp, #20]
 169:Src/stm32f4xx_hal_msp.c ****   
 597              		.loc 1 169 5 view .LVU145
 598 00d4 144B     		ldr	r3, .L39+12
 599 00d6 5A6C     		ldr	r2, [r3, #68]
 600 00d8 42F02002 		orr	r2, r2, #32
 601 00dc 5A64     		str	r2, [r3, #68]
 169:Src/stm32f4xx_hal_msp.c ****   
 602              		.loc 1 169 5 view .LVU146
 603 00de 5A6C     		ldr	r2, [r3, #68]
 604 00e0 02F02002 		and	r2, r2, #32
 605 00e4 0592     		str	r2, [sp, #20]
 169:Src/stm32f4xx_hal_msp.c ****   
 606              		.loc 1 169 5 view .LVU147
 607 00e6 059A     		ldr	r2, [sp, #20]
 608              	.LBE9:
 171:Src/stm32f4xx_hal_msp.c ****     /**USART6 GPIO Configuration    
 609              		.loc 1 171 5 view .LVU148
 610              	.LBB10:
 171:Src/stm32f4xx_hal_msp.c ****     /**USART6 GPIO Configuration    
 611              		.loc 1 171 5 view .LVU149
 612 00e8 0691     		str	r1, [sp, #24]
 171:Src/stm32f4xx_hal_msp.c ****     /**USART6 GPIO Configuration    
 613              		.loc 1 171 5 view .LVU150
 614 00ea 1A6B     		ldr	r2, [r3, #48]
 615 00ec 42F00402 		orr	r2, r2, #4
 616 00f0 1A63     		str	r2, [r3, #48]
 171:Src/stm32f4xx_hal_msp.c ****     /**USART6 GPIO Configuration    
 617              		.loc 1 171 5 view .LVU151
 618 00f2 1B6B     		ldr	r3, [r3, #48]
 619 00f4 03F00403 		and	r3, r3, #4
 620 00f8 0693     		str	r3, [sp, #24]
 171:Src/stm32f4xx_hal_msp.c ****     /**USART6 GPIO Configuration    
 621              		.loc 1 171 5 view .LVU152
 622 00fa 069B     		ldr	r3, [sp, #24]
 623              	.LBE10:
 176:Src/stm32f4xx_hal_msp.c ****     GPIO_InitStruct.Mode = GPIO_MODE_AF_PP;
 624              		.loc 1 176 5 view .LVU153
 176:Src/stm32f4xx_hal_msp.c ****     GPIO_InitStruct.Mode = GPIO_MODE_AF_PP;
 625              		.loc 1 176 25 is_stmt 0 view .LVU154
 626 00fc C023     		movs	r3, #192
 627 00fe 0793     		str	r3, [sp, #28]
 177:Src/stm32f4xx_hal_msp.c ****     GPIO_InitStruct.Pull = GPIO_PULLUP;
 628              		.loc 1 177 5 is_stmt 1 view .LVU155
 177:Src/stm32f4xx_hal_msp.c ****     GPIO_InitStruct.Pull = GPIO_PULLUP;
 629              		.loc 1 177 26 is_stmt 0 view .LVU156
 630 0100 0223     		movs	r3, #2
ARM GAS  C:\Users\DARKSP~1\AppData\Local\Temp\ccXQjzrt.s 			page 20


 631 0102 0893     		str	r3, [sp, #32]
 178:Src/stm32f4xx_hal_msp.c ****     GPIO_InitStruct.Speed = GPIO_SPEED_FREQ_VERY_HIGH;
 632              		.loc 1 178 5 is_stmt 1 view .LVU157
 178:Src/stm32f4xx_hal_msp.c ****     GPIO_InitStruct.Speed = GPIO_SPEED_FREQ_VERY_HIGH;
 633              		.loc 1 178 26 is_stmt 0 view .LVU158
 634 0104 0123     		movs	r3, #1
 635 0106 0993     		str	r3, [sp, #36]
 179:Src/stm32f4xx_hal_msp.c ****     GPIO_InitStruct.Alternate = GPIO_AF8_USART6;
 636              		.loc 1 179 5 is_stmt 1 view .LVU159
 179:Src/stm32f4xx_hal_msp.c ****     GPIO_InitStruct.Alternate = GPIO_AF8_USART6;
 637              		.loc 1 179 27 is_stmt 0 view .LVU160
 638 0108 0323     		movs	r3, #3
 639 010a 0A93     		str	r3, [sp, #40]
 180:Src/stm32f4xx_hal_msp.c ****     HAL_GPIO_Init(GPIOC, &GPIO_InitStruct);
 640              		.loc 1 180 5 is_stmt 1 view .LVU161
 180:Src/stm32f4xx_hal_msp.c ****     HAL_GPIO_Init(GPIOC, &GPIO_InitStruct);
 641              		.loc 1 180 31 is_stmt 0 view .LVU162
 642 010c 0823     		movs	r3, #8
 643 010e 0B93     		str	r3, [sp, #44]
 181:Src/stm32f4xx_hal_msp.c **** 
 644              		.loc 1 181 5 is_stmt 1 view .LVU163
 645 0110 07A9     		add	r1, sp, #28
 646 0112 0848     		ldr	r0, .L39+24
 647              	.LVL24:
 181:Src/stm32f4xx_hal_msp.c **** 
 648              		.loc 1 181 5 is_stmt 0 view .LVU164
 649 0114 FFF7FEFF 		bl	HAL_GPIO_Init
 650              	.LVL25:
 188:Src/stm32f4xx_hal_msp.c **** 
 651              		.loc 1 188 1 view .LVU165
 652 0118 84E7     		b	.L31
 653              	.L40:
 654 011a 00BF     		.align	2
 655              	.L39:
 656 011c 00100140 		.word	1073811456
 657 0120 00480040 		.word	1073760256
 658 0124 00140140 		.word	1073812480
 659 0128 00380240 		.word	1073887232
 660 012c 00000240 		.word	1073872896
 661 0130 00040240 		.word	1073873920
 662 0134 00080240 		.word	1073874944
 663              		.cfi_endproc
 664              	.LFE129:
 666              		.section	.text.HAL_UART_MspDeInit,"ax",%progbits
 667              		.align	1
 668              		.global	HAL_UART_MspDeInit
 669              		.syntax unified
 670              		.thumb
 671              		.thumb_func
 672              		.fpu fpv4-sp-d16
 674              	HAL_UART_MspDeInit:
 675              	.LVL26:
 676              	.LFB130:
 197:Src/stm32f4xx_hal_msp.c ****   if(huart->Instance==USART1)
 677              		.loc 1 197 1 is_stmt 1 view -0
 678              		.cfi_startproc
 679              		@ args = 0, pretend = 0, frame = 0
ARM GAS  C:\Users\DARKSP~1\AppData\Local\Temp\ccXQjzrt.s 			page 21


 680              		@ frame_needed = 0, uses_anonymous_args = 0
 197:Src/stm32f4xx_hal_msp.c ****   if(huart->Instance==USART1)
 681              		.loc 1 197 1 is_stmt 0 view .LVU167
 682 0000 08B5     		push	{r3, lr}
 683              	.LCFI11:
 684              		.cfi_def_cfa_offset 8
 685              		.cfi_offset 3, -8
 686              		.cfi_offset 14, -4
 198:Src/stm32f4xx_hal_msp.c ****   {
 687              		.loc 1 198 3 is_stmt 1 view .LVU168
 198:Src/stm32f4xx_hal_msp.c ****   {
 688              		.loc 1 198 11 is_stmt 0 view .LVU169
 689 0002 0368     		ldr	r3, [r0]
 198:Src/stm32f4xx_hal_msp.c ****   {
 690              		.loc 1 198 5 view .LVU170
 691 0004 164A     		ldr	r2, .L49
 692 0006 9342     		cmp	r3, r2
 693 0008 06D0     		beq	.L46
 216:Src/stm32f4xx_hal_msp.c ****   {
 694              		.loc 1 216 8 is_stmt 1 view .LVU171
 216:Src/stm32f4xx_hal_msp.c ****   {
 695              		.loc 1 216 10 is_stmt 0 view .LVU172
 696 000a 164A     		ldr	r2, .L49+4
 697 000c 9342     		cmp	r3, r2
 698 000e 0FD0     		beq	.L47
 234:Src/stm32f4xx_hal_msp.c ****   {
 699              		.loc 1 234 8 is_stmt 1 view .LVU173
 234:Src/stm32f4xx_hal_msp.c ****   {
 700              		.loc 1 234 10 is_stmt 0 view .LVU174
 701 0010 154A     		ldr	r2, .L49+8
 702 0012 9342     		cmp	r3, r2
 703 0014 18D0     		beq	.L48
 704              	.LVL27:
 705              	.L41:
 253:Src/stm32f4xx_hal_msp.c **** static uint32_t FSMC_Initialized = 0;
 706              		.loc 1 253 1 view .LVU175
 707 0016 08BD     		pop	{r3, pc}
 708              	.LVL28:
 709              	.L46:
 204:Src/stm32f4xx_hal_msp.c ****   
 710              		.loc 1 204 5 is_stmt 1 view .LVU176
 711 0018 02F59432 		add	r2, r2, #75776
 712 001c 536C     		ldr	r3, [r2, #68]
 713 001e 23F01003 		bic	r3, r3, #16
 714 0022 5364     		str	r3, [r2, #68]
 210:Src/stm32f4xx_hal_msp.c **** 
 715              		.loc 1 210 5 view .LVU177
 716 0024 4FF4C061 		mov	r1, #1536
 717 0028 1048     		ldr	r0, .L49+12
 718              	.LVL29:
 210:Src/stm32f4xx_hal_msp.c **** 
 719              		.loc 1 210 5 is_stmt 0 view .LVU178
 720 002a FFF7FEFF 		bl	HAL_GPIO_DeInit
 721              	.LVL30:
 722 002e F2E7     		b	.L41
 723              	.LVL31:
 724              	.L47:
ARM GAS  C:\Users\DARKSP~1\AppData\Local\Temp\ccXQjzrt.s 			page 22


 222:Src/stm32f4xx_hal_msp.c ****   
 725              		.loc 1 222 5 is_stmt 1 view .LVU179
 726 0030 02F5F832 		add	r2, r2, #126976
 727 0034 136C     		ldr	r3, [r2, #64]
 728 0036 23F48023 		bic	r3, r3, #262144
 729 003a 1364     		str	r3, [r2, #64]
 228:Src/stm32f4xx_hal_msp.c **** 
 730              		.loc 1 228 5 view .LVU180
 731 003c 4FF44061 		mov	r1, #3072
 732 0040 0B48     		ldr	r0, .L49+16
 733              	.LVL32:
 228:Src/stm32f4xx_hal_msp.c **** 
 734              		.loc 1 228 5 is_stmt 0 view .LVU181
 735 0042 FFF7FEFF 		bl	HAL_GPIO_DeInit
 736              	.LVL33:
 737 0046 E6E7     		b	.L41
 738              	.LVL34:
 739              	.L48:
 240:Src/stm32f4xx_hal_msp.c ****   
 740              		.loc 1 240 5 is_stmt 1 view .LVU182
 741 0048 02F59232 		add	r2, r2, #74752
 742 004c 536C     		ldr	r3, [r2, #68]
 743 004e 23F02003 		bic	r3, r3, #32
 744 0052 5364     		str	r3, [r2, #68]
 246:Src/stm32f4xx_hal_msp.c **** 
 745              		.loc 1 246 5 view .LVU183
 746 0054 C021     		movs	r1, #192
 747 0056 0748     		ldr	r0, .L49+20
 748              	.LVL35:
 246:Src/stm32f4xx_hal_msp.c **** 
 749              		.loc 1 246 5 is_stmt 0 view .LVU184
 750 0058 FFF7FEFF 		bl	HAL_GPIO_DeInit
 751              	.LVL36:
 253:Src/stm32f4xx_hal_msp.c **** static uint32_t FSMC_Initialized = 0;
 752              		.loc 1 253 1 view .LVU185
 753 005c DBE7     		b	.L41
 754              	.L50:
 755 005e 00BF     		.align	2
 756              	.L49:
 757 0060 00100140 		.word	1073811456
 758 0064 00480040 		.word	1073760256
 759 0068 00140140 		.word	1073812480
 760 006c 00000240 		.word	1073872896
 761 0070 00040240 		.word	1073873920
 762 0074 00080240 		.word	1073874944
 763              		.cfi_endproc
 764              	.LFE130:
 766              		.section	.text.HAL_SRAM_MspInit,"ax",%progbits
 767              		.align	1
 768              		.global	HAL_SRAM_MspInit
 769              		.syntax unified
 770              		.thumb
 771              		.thumb_func
 772              		.fpu fpv4-sp-d16
 774              	HAL_SRAM_MspInit:
 775              	.LVL37:
 776              	.LFB132:
ARM GAS  C:\Users\DARKSP~1\AppData\Local\Temp\ccXQjzrt.s 			page 23


 302:Src/stm32f4xx_hal_msp.c ****   /* USER CODE BEGIN SRAM_MspInit 0 */
 777              		.loc 1 302 49 is_stmt 1 view -0
 778              		.cfi_startproc
 779              		@ args = 0, pretend = 0, frame = 0
 780              		@ frame_needed = 0, uses_anonymous_args = 0
 302:Src/stm32f4xx_hal_msp.c ****   /* USER CODE BEGIN SRAM_MspInit 0 */
 781              		.loc 1 302 49 is_stmt 0 view .LVU187
 782 0000 08B5     		push	{r3, lr}
 783              	.LCFI12:
 784              		.cfi_def_cfa_offset 8
 785              		.cfi_offset 3, -8
 786              		.cfi_offset 14, -4
 306:Src/stm32f4xx_hal_msp.c ****   /* USER CODE BEGIN SRAM_MspInit 1 */
 787              		.loc 1 306 3 is_stmt 1 view .LVU188
 788 0002 FFF7FEFF 		bl	HAL_FSMC_MspInit
 789              	.LVL38:
 310:Src/stm32f4xx_hal_msp.c **** 
 790              		.loc 1 310 1 is_stmt 0 view .LVU189
 791 0006 08BD     		pop	{r3, pc}
 792              		.cfi_endproc
 793              	.LFE132:
 795              		.section	.text.HAL_SRAM_MspDeInit,"ax",%progbits
 796              		.align	1
 797              		.global	HAL_SRAM_MspDeInit
 798              		.syntax unified
 799              		.thumb
 800              		.thumb_func
 801              		.fpu fpv4-sp-d16
 803              	HAL_SRAM_MspDeInit:
 804              	.LVL39:
 805              	.LFB134:
 348:Src/stm32f4xx_hal_msp.c **** 
 349:Src/stm32f4xx_hal_msp.c **** void HAL_SRAM_MspDeInit(SRAM_HandleTypeDef* hsram){
 806              		.loc 1 349 51 is_stmt 1 view -0
 807              		.cfi_startproc
 808              		@ args = 0, pretend = 0, frame = 0
 809              		@ frame_needed = 0, uses_anonymous_args = 0
 810              		.loc 1 349 51 is_stmt 0 view .LVU191
 811 0000 08B5     		push	{r3, lr}
 812              	.LCFI13:
 813              		.cfi_def_cfa_offset 8
 814              		.cfi_offset 3, -8
 815              		.cfi_offset 14, -4
 350:Src/stm32f4xx_hal_msp.c ****   /* USER CODE BEGIN SRAM_MspDeInit 0 */
 351:Src/stm32f4xx_hal_msp.c **** 
 352:Src/stm32f4xx_hal_msp.c ****   /* USER CODE END SRAM_MspDeInit 0 */
 353:Src/stm32f4xx_hal_msp.c ****   HAL_FSMC_MspDeInit();
 816              		.loc 1 353 3 is_stmt 1 view .LVU192
 817 0002 FFF7FEFF 		bl	HAL_FSMC_MspDeInit
 818              	.LVL40:
 354:Src/stm32f4xx_hal_msp.c ****   /* USER CODE BEGIN SRAM_MspDeInit 1 */
 355:Src/stm32f4xx_hal_msp.c **** 
 356:Src/stm32f4xx_hal_msp.c ****   /* USER CODE END SRAM_MspDeInit 1 */
 357:Src/stm32f4xx_hal_msp.c **** }
 819              		.loc 1 357 1 is_stmt 0 view .LVU193
 820 0006 08BD     		pop	{r3, pc}
 821              		.cfi_endproc
ARM GAS  C:\Users\DARKSP~1\AppData\Local\Temp\ccXQjzrt.s 			page 24


 822              	.LFE134:
 824              		.section	.bss.FSMC_DeInitialized,"aw",%nobits
 825              		.align	2
 826              		.set	.LANCHOR1,. + 0
 829              	FSMC_DeInitialized:
 830 0000 00000000 		.space	4
 831              		.section	.bss.FSMC_Initialized,"aw",%nobits
 832              		.align	2
 833              		.set	.LANCHOR0,. + 0
 836              	FSMC_Initialized:
 837 0000 00000000 		.space	4
 838              		.text
 839              	.Letext0:
 840              		.file 2 "c:\\program files (x86)\\gnu tools arm embedded\\8 2019-q3-update\\arm-none-eabi\\include
 841              		.file 3 "c:\\program files (x86)\\gnu tools arm embedded\\8 2019-q3-update\\arm-none-eabi\\include
 842              		.file 4 "Drivers/CMSIS/Include/core_cm4.h"
 843              		.file 5 "Drivers/CMSIS/Device/ST/STM32F4xx/Include/system_stm32f4xx.h"
 844              		.file 6 "Drivers/CMSIS/Device/ST/STM32F4xx/Include/stm32f407xx.h"
 845              		.file 7 "Drivers/CMSIS/Device/ST/STM32F4xx/Include/stm32f4xx.h"
 846              		.file 8 "c:\\program files (x86)\\gnu tools arm embedded\\8 2019-q3-update\\lib\\gcc\\arm-none-eab
 847              		.file 9 "c:\\program files (x86)\\gnu tools arm embedded\\8 2019-q3-update\\arm-none-eabi\\include
 848              		.file 10 "c:\\program files (x86)\\gnu tools arm embedded\\8 2019-q3-update\\arm-none-eabi\\includ
 849              		.file 11 "c:\\program files (x86)\\gnu tools arm embedded\\8 2019-q3-update\\arm-none-eabi\\includ
 850              		.file 12 "Drivers/STM32F4xx_HAL_Driver/Inc/stm32f4xx_hal_def.h"
 851              		.file 13 "Drivers/STM32F4xx_HAL_Driver/Inc/stm32f4xx_hal_gpio.h"
 852              		.file 14 "Drivers/STM32F4xx_HAL_Driver/Inc/stm32f4xx_hal_dma.h"
 853              		.file 15 "Drivers/STM32F4xx_HAL_Driver/Inc/stm32f4xx_ll_fsmc.h"
 854              		.file 16 "Drivers/STM32F4xx_HAL_Driver/Inc/stm32f4xx_hal_sram.h"
 855              		.file 17 "Drivers/STM32F4xx_HAL_Driver/Inc/stm32f4xx_hal_rtc.h"
 856              		.file 18 "Drivers/STM32F4xx_HAL_Driver/Inc/stm32f4xx_hal_uart.h"
 857              		.file 19 "Drivers/STM32F4xx_HAL_Driver/Inc/stm32f4xx_hal_cortex.h"
ARM GAS  C:\Users\DARKSP~1\AppData\Local\Temp\ccXQjzrt.s 			page 25


DEFINED SYMBOLS
                            *ABS*:00000000 stm32f4xx_hal_msp.c
C:\Users\DARKSP~1\AppData\Local\Temp\ccXQjzrt.s:18     .text.HAL_FSMC_MspInit:00000000 $t
C:\Users\DARKSP~1\AppData\Local\Temp\ccXQjzrt.s:25     .text.HAL_FSMC_MspInit:00000000 HAL_FSMC_MspInit
C:\Users\DARKSP~1\AppData\Local\Temp\ccXQjzrt.s:129    .text.HAL_FSMC_MspInit:00000060 $d
C:\Users\DARKSP~1\AppData\Local\Temp\ccXQjzrt.s:137    .text.HAL_FSMC_MspDeInit:00000000 $t
C:\Users\DARKSP~1\AppData\Local\Temp\ccXQjzrt.s:143    .text.HAL_FSMC_MspDeInit:00000000 HAL_FSMC_MspDeInit
C:\Users\DARKSP~1\AppData\Local\Temp\ccXQjzrt.s:188    .text.HAL_FSMC_MspDeInit:00000030 $d
C:\Users\DARKSP~1\AppData\Local\Temp\ccXQjzrt.s:196    .text.HAL_MspInit:00000000 $t
C:\Users\DARKSP~1\AppData\Local\Temp\ccXQjzrt.s:203    .text.HAL_MspInit:00000000 HAL_MspInit
C:\Users\DARKSP~1\AppData\Local\Temp\ccXQjzrt.s:304    .text.HAL_MspInit:00000090 $d
C:\Users\DARKSP~1\AppData\Local\Temp\ccXQjzrt.s:309    .text.HAL_RTC_MspInit:00000000 $t
C:\Users\DARKSP~1\AppData\Local\Temp\ccXQjzrt.s:316    .text.HAL_RTC_MspInit:00000000 HAL_RTC_MspInit
C:\Users\DARKSP~1\AppData\Local\Temp\ccXQjzrt.s:344    .text.HAL_RTC_MspInit:00000014 $d
C:\Users\DARKSP~1\AppData\Local\Temp\ccXQjzrt.s:350    .text.HAL_RTC_MspDeInit:00000000 $t
C:\Users\DARKSP~1\AppData\Local\Temp\ccXQjzrt.s:357    .text.HAL_RTC_MspDeInit:00000000 HAL_RTC_MspDeInit
C:\Users\DARKSP~1\AppData\Local\Temp\ccXQjzrt.s:385    .text.HAL_RTC_MspDeInit:00000014 $d
C:\Users\DARKSP~1\AppData\Local\Temp\ccXQjzrt.s:391    .text.HAL_UART_MspInit:00000000 $t
C:\Users\DARKSP~1\AppData\Local\Temp\ccXQjzrt.s:398    .text.HAL_UART_MspInit:00000000 HAL_UART_MspInit
C:\Users\DARKSP~1\AppData\Local\Temp\ccXQjzrt.s:656    .text.HAL_UART_MspInit:0000011c $d
C:\Users\DARKSP~1\AppData\Local\Temp\ccXQjzrt.s:667    .text.HAL_UART_MspDeInit:00000000 $t
C:\Users\DARKSP~1\AppData\Local\Temp\ccXQjzrt.s:674    .text.HAL_UART_MspDeInit:00000000 HAL_UART_MspDeInit
C:\Users\DARKSP~1\AppData\Local\Temp\ccXQjzrt.s:757    .text.HAL_UART_MspDeInit:00000060 $d
C:\Users\DARKSP~1\AppData\Local\Temp\ccXQjzrt.s:767    .text.HAL_SRAM_MspInit:00000000 $t
C:\Users\DARKSP~1\AppData\Local\Temp\ccXQjzrt.s:774    .text.HAL_SRAM_MspInit:00000000 HAL_SRAM_MspInit
C:\Users\DARKSP~1\AppData\Local\Temp\ccXQjzrt.s:796    .text.HAL_SRAM_MspDeInit:00000000 $t
C:\Users\DARKSP~1\AppData\Local\Temp\ccXQjzrt.s:803    .text.HAL_SRAM_MspDeInit:00000000 HAL_SRAM_MspDeInit
C:\Users\DARKSP~1\AppData\Local\Temp\ccXQjzrt.s:825    .bss.FSMC_DeInitialized:00000000 $d
C:\Users\DARKSP~1\AppData\Local\Temp\ccXQjzrt.s:829    .bss.FSMC_DeInitialized:00000000 FSMC_DeInitialized
C:\Users\DARKSP~1\AppData\Local\Temp\ccXQjzrt.s:832    .bss.FSMC_Initialized:00000000 $d
C:\Users\DARKSP~1\AppData\Local\Temp\ccXQjzrt.s:836    .bss.FSMC_Initialized:00000000 FSMC_Initialized

UNDEFINED SYMBOLS
HAL_GPIO_Init
HAL_GPIO_DeInit
HAL_NVIC_SetPriorityGrouping
HAL_NVIC_SetPriority
